Log file open, 02/23/17 12:21:55
LogInit:Display: Running engine for game: SoulStriker
LogPlatformFile: Not using cached read wrapper
LogInit:Display: RandInit(-531285846) SRandInit(-531285845).
LogTaskGraph: Started task graph with 4 named threads and 7 total threads with 1 sets of task threads.
LogStats: Stats thread started at 0.076641
LogInit: Version: 4.12.5-3039270+++UE4+Release-4.12
LogInit: API Version: 2992821
LogInit: Net Version: 3039270
LogDevObjectVersion: Number of dev versions registered: 13
LogDevObjectVersion:   Dev-Blueprints (B0D832E4-1F89-4F0D-ACCF-7EB736FD4AA2): 3
LogDevObjectVersion:   Dev-Build (E1C64328-A22C-4D53-A36C-8E866417BD8C): 0
LogDevObjectVersion:   Dev-Core (375EC13C-06E4-48FB-B500-84F0262A717E): 1
LogDevObjectVersion:   Dev-Editor (E4B068ED-F494-42E9-A231-DA0B2E46BB41): 2
LogDevObjectVersion:   Dev-Framework (CFFC743F-43B0-4480-9391-14DF171D2073): 6
LogDevObjectVersion:   Dev-Mobile (B02B49B5-BB20-44E9-A304-32B752E40360): 0
LogDevObjectVersion:   Dev-Networking (A4E4105C-59A1-49B5-A7C5-40C4547EDFEE): 0
LogDevObjectVersion:   Dev-Online (39C831C9-5AE6-47DC-9A44-9C173E1C8E7C): 0
LogDevObjectVersion:   Dev-Physics (78F01B33-EBEA-4F98-B9B4-84EACCB95AA2): 0
LogDevObjectVersion:   Dev-Platform (6631380F-2D4D-43E0-8009-CF276956A95A): 0
LogDevObjectVersion:   Dev-Rendering (12F88B9F-8875-4AFC-A67C-D90C383ABD29): 2
LogDevObjectVersion:   Dev-Sequencer (7B5AE74C-D270-4C10-A958-57980B212A5A): 0
LogDevObjectVersion:   Dev-VR (D7296918-1DD6-4BDD-9DE2-64A83CC13884): 0
LogInit: Compiled (64-bit): Jul  6 2016 09:09:46
LogInit: Compiled with Visual C++: 19.00.23026.00
LogInit: Build Configuration: Development
LogInit: Branch Name: ++UE4+Release-4.12
LogInit: Command line: -EpicPortal 
LogInit: Base directory: C:/Program Files (x86)/Epic Games/4.12/Engine/Binaries/Win64/
LogInit: Installed Engine Build: 1
LogInit: Using libcurl 7.41.0
LogInit:  - built for x86_64-pc-win32
LogInit:  - supports SSL with WinSSL
LogInit:  - other features:
LogInit:      CURL_VERSION_SSL
LogInit:      CURL_VERSION_IPV6
LogInit:      CURL_VERSION_ASYNCHDNS
LogInit:      CURL_VERSION_LARGEFILE
LogInit:      CURL_VERSION_IDN
LogInit:  CurlRequestOptions (configurable via config and command line):
LogInit:  - bVerifyPeer = true  - Libcurl will verify peer certificate
LogInit:  - bUseHttpProxy = false  - Libcurl will NOT use HTTP proxy
LogInit:  - bDontReuseConnections = false  - Libcurl will reuse connections
LogInit:  - CertBundlePath = nullptr  - Libcurl will use whatever was configured at build time.
LogInit: Presizing for max 8388607 objects, including 0 objects not considered by GC, pre-allocating 0 bytes for permanent pool.
LogInit: Object subsystem initialized
[2017.02.23-17.21.55:085][  0]LogInit: Selected Device Profile: [Windows]
[2017.02.23-17.21.55:085][  0]LogInit: Applying CVar settings loaded from the selected device profile: [Windows]
[2017.02.23-17.21.55:099][  0]LogInit: Computer: MSI
[2017.02.23-17.21.55:099][  0]LogInit: User: armorias
[2017.02.23-17.21.55:099][  0]LogInit: CPU Page size=65536, Cores=4
[2017.02.23-17.21.55:099][  0]LogInit: High frequency timer resolution =2.531249 MHz
[2017.02.23-17.21.55:099][  0]LogMemory: Memory total: Physical=11.9GB (12GB approx)
[2017.02.23-17.21.55:099][  0]LogMemory: Platform Memory Stats for Windows
[2017.02.23-17.21.55:099][  0]LogMemory: Process Physical Memory: 191.70 MB used, 191.70 MB peak
[2017.02.23-17.21.55:099][  0]LogMemory: Process Virtual Memory: 195.31 MB used, 195.31 MB peak
[2017.02.23-17.21.55:099][  0]LogMemory: Physical Memory: 8236.20 MB used, 12166.60 MB total
[2017.02.23-17.21.55:099][  0]LogMemory: Virtual Memory: 553.60 MB used, 134217728.00 MB total
[2017.02.23-17.21.55:130][  0]LogTextLocalizationManager: No specific translations for ('en-US') exist, so ('en') translations will be used.
[2017.02.23-17.21.55:545][  0]LogD3D11RHI: D3D11 adapters:
[2017.02.23-17.21.56:143][  0]LogD3D11RHI:    0. 'NVIDIA GeForce GTX 960M' (Feature Level 11_0)
[2017.02.23-17.21.56:143][  0]LogD3D11RHI:       2018/0/6083 MB DedicatedVideo/DedicatedSystem/SharedSystem, Outputs:1, VendorId:0x10de
[2017.02.23-17.21.56:149][  0]LogD3D11RHI:    1. 'Intel(R) HD Graphics 530' (Feature Level 11_0)
[2017.02.23-17.21.56:149][  0]LogD3D11RHI:       128/0/6083 MB DedicatedVideo/DedicatedSystem/SharedSystem, Outputs:0, VendorId:0x8086
[2017.02.23-17.21.56:151][  0]LogD3D11RHI:    2. 'Microsoft Basic Render Driver' (Feature Level 11_0)
[2017.02.23-17.21.56:151][  0]LogD3D11RHI:       0/0/6083 MB DedicatedVideo/DedicatedSystem/SharedSystem, Outputs:0, VendorId:0x1414
[2017.02.23-17.21.56:151][  0]LogD3D11RHI: Chosen D3D11 Adapter: 0
[2017.02.23-17.21.56:158][  0]LogD3D11RHI: Creating new Direct3DDevice
[2017.02.23-17.21.56:158][  0]LogD3D11RHI:     GPU DeviceId: 0x139b (for the marketing name, search the web for "GPU Device Id")
[2017.02.23-17.21.56:158][  0]LogWindows: EnumDisplayDevices:
[2017.02.23-17.21.56:159][  0]LogWindows:    0. 'Intel(R) HD Graphics 530' (P:1 D:1)
[2017.02.23-17.21.56:159][  0]LogWindows:    1. 'Intel(R) HD Graphics 530' (P:0 D:0)
[2017.02.23-17.21.56:159][  0]LogWindows:    2. 'Intel(R) HD Graphics 530' (P:0 D:0)
[2017.02.23-17.21.56:159][  0]LogWindows: DebugString: PrimaryIsNotTheChoosenAdapter PrimaryIsNotTheChoosenAdapter PrimaryIsNotTheChoosenAdapter FoundDriverCount:0 
[2017.02.23-17.21.56:159][  0]LogD3D11RHI:     Adapter Name: NVIDIA GeForce GTX 960M
[2017.02.23-17.21.56:159][  0]LogD3D11RHI:   Driver Version: Unknown (internal:Unknown, unified:Unknown)
[2017.02.23-17.21.56:159][  0]LogD3D11RHI:      Driver Date: Unknown
[2017.02.23-17.21.56:159][  0]LogRHI: Texture pool is 1361 MB (70% of 1945 MB)
[2017.02.23-17.21.56:705][  0]LogD3D11RHI: Async texture creation enabled
[2017.02.23-17.21.56:742][  0]LogD3D11RHI: GPU Timing Frequency: 1000.000000 (Debug: 2 1)
[2017.02.23-17.21.56:743][  0]LogShaderCompilers: Guid format shader working directory is -26 characters bigger than the processId version (../../../../../../Users/armorias/Documents/GitHub/Soul-Striker/Soul Striker/Intermediate/Shaders/WorkingDirectory/3516/).
[2017.02.23-17.21.56:743][  0]LogShaderCompilers: Cleaned the shader compiler working directory 'C:/Users/armorias/AppData/Local/Temp/UnrealShaderWorkingDir/EF90C5D1449471C311A923B72ABC0309/'.
[2017.02.23-17.21.56:743][  0]LogShaderCompilers:Display: Using Local Shader Compiler.
[2017.02.23-17.21.57:646][  0]LogTemp:Display: Loaded TP AllDesktopTargetPlatform
[2017.02.23-17.21.57:656][  0]LogTemp:Display: Loaded TP WindowsClientTargetPlatform
[2017.02.23-17.21.57:664][  0]LogTemp:Display: Loaded TP WindowsNoEditorTargetPlatform
[2017.02.23-17.21.57:679][  0]LogTemp:Display: Loaded TP WindowsServerTargetPlatform
[2017.02.23-17.21.57:690][  0]LogTemp:Display: Loaded TP WindowsTargetPlatform
[2017.02.23-17.21.57:697][  0]LogTemp:Display: Loaded TP AndroidTargetPlatform
[2017.02.23-17.21.57:705][  0]LogTemp:Display: Loaded TP Android_ASTCTargetPlatform
[2017.02.23-17.21.57:713][  0]LogTemp:Display: Loaded TP Android_ATCTargetPlatform
[2017.02.23-17.21.57:721][  0]LogTemp:Display: Loaded TP Android_DXTTargetPlatform
[2017.02.23-17.21.57:729][  0]LogTemp:Display: Loaded TP Android_ETC1TargetPlatform
[2017.02.23-17.21.57:737][  0]LogTemp:Display: Loaded TP Android_ETC2TargetPlatform
[2017.02.23-17.21.57:754][  0]LogTemp:Display: Loaded TP Android_MultiTargetPlatform
[2017.02.23-17.21.57:754][  0]LogTemp:Display: Loaded TP Android_PVRTCTargetPlatform
[2017.02.23-17.21.57:755][  0]LogTemp:Display: Loaded TP HTML5TargetPlatform
[2017.02.23-17.21.57:776][  0]LogTemp:Display: Loaded TP IOSTargetPlatform
[2017.02.23-17.21.57:783][  0]LogTemp:Display: Loaded TP TVOSTargetPlatform
[2017.02.23-17.21.57:791][  0]LogTemp:Display: Loaded TP LinuxNoEditorTargetPlatform
[2017.02.23-17.21.57:798][  0]LogTemp:Display: Loaded TP LinuxServerTargetPlatform
[2017.02.23-17.21.57:806][  0]LogTemp:Display: Loaded TP LinuxTargetPlatform
[2017.02.23-17.21.57:806][  0]LogTargetPlatformManager:Display: Building Assets For Windows
[2017.02.23-17.21.57:879][  0]LogDerivedDataCache:Display: Max Cache Size: 512 MB
[2017.02.23-17.21.57:933][  0]LogDerivedDataCache: Loaded boot cache 0.05s 48MB C:/Users/armorias/AppData/Local/UnrealEngine/4.12/DerivedDataCache/Boot.ddc.
[2017.02.23-17.21.57:933][  0]LogDerivedDataCache:Display: Loaded Boot cache: C:/Users/armorias/AppData/Local/UnrealEngine/4.12/DerivedDataCache/Boot.ddc
[2017.02.23-17.21.57:933][  0]LogDerivedDataCache: FDerivedDataBackendGraph:  Pak pak cache file ../../../../../../Users/armorias/Documents/GitHub/Soul-Striker/Soul Striker/DerivedDataCache/DDC.ddp not found, will not use a pak cache.
[2017.02.23-17.21.57:933][  0]LogDerivedDataCache: Unable to find inner node Pak for hierarchical cache Hierarchy.
[2017.02.23-17.21.57:933][  0]LogDerivedDataCache: FDerivedDataBackendGraph:  CompressedPak pak cache file ../../../../../../Users/armorias/Documents/GitHub/Soul-Striker/Soul Striker/DerivedDataCache/Compressed.ddp not found, will not use a pak cache.
[2017.02.23-17.21.57:933][  0]LogDerivedDataCache: Unable to find inner node CompressedPak for hierarchical cache Hierarchy.
[2017.02.23-17.21.57:952][  0]LogDerivedDataCache:Display: Pak cache opened for reading ../../../Engine/DerivedDataCache/Compressed.ddp.
[2017.02.23-17.21.57:964][  0]LogDerivedDataCache: Using Local data cache path C:/Users/armorias/AppData/Local/UnrealEngine/Common/DerivedDataCache: Writable
[2017.02.23-17.21.58:167][  0]LogInit: Selected Device Profile: [Windows]
[2017.02.23-17.21.58:168][  0]LogContentStreaming: Texture pool size is 0.00 MB
[2017.02.23-17.21.58:346][  0]LogMeshUtilities: No automatic mesh reduction module available
[2017.02.23-17.21.58:346][  0]LogMeshUtilities: No automatic mesh merging module available
[2017.02.23-17.21.58:346][  0]LogMeshUtilities: No distributed automatic mesh merging module available
[2017.02.23-17.21.58:589][  0]LogAssetRegistry: FAssetRegistry took 0.0215 seconds to start up
[2017.02.23-17.21.58:620][  0]LogPackageLocalizationCache: Processed 3 localized package path(s) for 2 prioritized culture(s) in 0.028081 seconds
[2017.02.23-17.21.58:626][  0]LogUObjectArray: 28739 objects as part of root set at end of initial load.
[2017.02.23-17.21.58:626][  0]LogUObjectAllocator: 5855624 out of 0 bytes used by permanent object pool.
[2017.02.23-17.21.58:626][  0]LogUObjectArray: CloseDisregardForGC: 0/0 objects in disregard for GC pool
[2017.02.23-17.21.58:636][  0]LogInit: WinSock: version 1.1 (2.2), MaxSocks=32767, MaxUdp=65467
[2017.02.23-17.21.58:809][  0]LogSlate: SlateFontCache - WITH_FREETYPE: 1, WITH_HARFBUZZ: 1
[2017.02.23-17.21.58:809][  0]LogSlate: SlateFontCache - WITH_FREETYPE: 1, WITH_HARFBUZZ: 1
[2017.02.23-17.21.59:455][  0]LogSubstanceCoreModule: Substance CPU Engine Loaded, Max Texture Size 2048
[2017.02.23-17.21.59:464][  0]LogUdpMessaging: Initializing bridge on interface 0.0.0.0:0 to multicast group 230.0.0.1:6666.
[2017.02.23-17.21.59:678][  0]SourceControl: Info Source control is disabled
[2017.02.23-17.21.59:679][  0]SourceControl: Info Source control is disabled
[2017.02.23-17.21.59:688][  0]SourceControl: Info Source control is disabled
[2017.02.23-17.21.59:697][  0]SourceControl: Info Source control is disabled
[2017.02.23-17.21.59:951][  0]LogEngine: Initializing Engine...
[2017.02.23-17.21.59:952][  0]LogHMD: SteamVR failed to initialize.  Err: 110
[2017.02.23-17.21.59:952][  0]LogHMD: SteamVR failed to initialize.  Err: 110
[2017.02.23-17.22.00:102][  0]LogAIModule: Creating AISystem for world NewWorld
[2017.02.23-17.22.00:108][  0]LogInit: XAudio2 using 'Speakers (Realtek High Definition Audio)' : 2 channels at 48 kHz using 32 bits per sample (channel mask 0x3)
[2017.02.23-17.22.00:144][  0]LogInit: FAudioDevice initialized.
[2017.02.23-17.22.00:170][  0]LogDerivedDataCache: Saved boot cache 0.03s 48MB C:/Users/armorias/AppData/Local/UnrealEngine/4.12/DerivedDataCache/Boot.ddc.
[2017.02.23-17.22.00:178][  0]LogInit: Texture streaming: Enabled
[2017.02.23-17.22.00:203][  0]LogInit: Transaction tracking system initialized
[2017.02.23-17.22.00:225][  0]BlueprintLog: New page: Editor Load
[2017.02.23-17.22.00:307][  0]LocalizationService: Info Localization service is disabled
[2017.02.23-17.22.00:369][  0]LogConsoleResponse:Display: 
[2017.02.23-17.22.00:466][  0]LogCook:Display: Max memory allowance for cook 8192mb
[2017.02.23-17.22.00:466][  0]LogCook:Display: Mobile HDR setting 1
[2017.02.23-17.22.00:568][  0]LogFileCache: Scanning file cache for directory 'C:/Users/armorias/Documents/GitHub/Soul-Striker/Soul Striker/Content/' took 0.02s
[2017.02.23-17.22.00:568][  0]SourceControl: Info Source control is disabled
[2017.02.23-17.22.00:568][  0]Cmd: MAP LOAD FILE="../../../../../../Users/armorias/Documents/GitHub/Soul-Striker/Soul Striker/Content/ThirdPersonBP/Maps/ThirdPersonExampleMap.umap" TEMPLATE=0 SHOWPROGRESS=1 FEATURELEVEL=3
[2017.02.23-17.22.00:569][  0]LightingResults: New page: Lighting Build
[2017.02.23-17.22.00:572][  0]MapCheck: New page: Map Check
[2017.02.23-17.22.00:572][  0]LightingResults: New page: Lighting Build
[2017.02.23-17.22.02:126][  0]LogAIModule: Creating AISystem for world ThirdPersonExampleMap
[2017.02.23-17.22.02:228][  0]LogEditorServer: Finished looking for orphan Actors (0.000 secs)
[2017.02.23-17.22.02:230][  0]Cmd: MAP CHECKDEP NOCLEARLOG
[2017.02.23-17.22.02:284][  0]MapCheck: Info Map check complete: 0 Error(s), 0 Warning(s), took 53.574ms to complete.
[2017.02.23-17.22.02:284][  0]LogFileHelpers: Loading map 'ThirdPersonExampleMap' took 1.716
[2017.02.23-17.22.02:386][  0]LogCollectionManager: Loaded 0 collections in 0.007457 seconds
[2017.02.23-17.22.02:427][  0]LogFileCache: Scanning file cache for directory 'C:/Users/armorias/Documents/GitHub/Soul-Striker/Soul Striker/Saved/Collections/' took 0.01s
[2017.02.23-17.22.02:427][  0]LogFileCache: Scanning file cache for directory 'C:/Users/armorias/Documents/GitHub/Soul-Striker/Soul Striker/Content/Developers/armorias/Collections/' took 0.01s
[2017.02.23-17.22.02:427][  0]LogFileCache: Scanning file cache for directory 'C:/Users/armorias/Documents/GitHub/Soul-Striker/Soul Striker/Content/Collections/' took 0.01s
[2017.02.23-17.22.02:427][  0]LogCollectionManager: Rebuilt the GUID cache for 0 collections in 0.000003 seconds
[2017.02.23-17.22.02:435][  0]LogContentBrowser: Native class hierarchy populated in 0.0081 seconds. Added 2062 classes and 375 folders.
[2017.02.23-17.22.02:439][  0]LogStats: UGameplayTagsManager::ConstructGameplayTagTree: Construct from data asset -  0.000 s
[2017.02.23-17.22.02:439][  0]LogStats: UGameplayTagsManager::ConstructGameplayTagTree: GameplayTagTreeChangedEvent.Broadcast -  0.000 s
[2017.02.23-17.22.02:440][  0]LogContentBrowser: Native class hierarchy updated for 'GameplayTags' in 0.0004 seconds. Added 12 classes and 0 folders.
[2017.02.23-17.22.02:445][  0]LogContentBrowser: Native class hierarchy updated for 'WidgetCarousel' in 0.0003 seconds. Added 0 classes and 0 folders.
[2017.02.23-17.22.02:485][  0]LogContentBrowser: Native class hierarchy updated for 'AddContentDialog' in 0.0004 seconds. Added 0 classes and 0 folders.
[2017.02.23-17.22.02:613][  0]LogContentBrowser: Native class hierarchy updated for 'SceneOutliner' in 0.0003 seconds. Added 1 classes and 2 folders.
[2017.02.23-17.22.02:628][  0]LogCrashTracker: Crashtracker disabled due to settings.
[2017.02.23-17.22.02:637][  0]LogUObjectGlobals:Warning: Failed to find object 'Class None.'
[2017.02.23-17.22.02:662][  0]LogContentBrowser: Native class hierarchy updated for 'HierarchicalLODOutliner' in 0.0003 seconds. Added 1 classes and 2 folders.
[2017.02.23-17.22.02:663][  0]LogLoad: Full Startup: 8.39 seconds (BP compile: 0.43 seconds)
[2017.02.23-17.22.02:663][  0]LogExternalProfiler: Found external profiler: VSPerf
[2017.02.23-17.22.02:663][  0]LogExternalProfiler: Using external profiler: VSPerf
[2017.02.23-17.22.03:094][  0]LogWindowsTextInputMethodSystem:Display: IME system now deactivated.
[2017.02.23-17.22.03:095][  0]LogOcInput: OculusInput pre-init called
[2017.02.23-17.22.03:127][  0]LogContentStreaming: Texture pool size now 700 MB
[2017.02.23-17.22.03:300][  0]LogRenderer: Reallocating scene render targets to support 436x708 (Frame:2).
[2017.02.23-17.22.03:364][  1]LogFileCache: Retrieving MD5 hashes for directory 'C:/Users/armorias/Documents/GitHub/Soul-Striker/Soul Striker/Content/' took 0.26s
[2017.02.23-17.22.03:380][  1]LogAssetRegistry: Asset discovery search completed in 4.8124 seconds
[2017.02.23-17.22.03:380][  1]LogCollectionManager: Rebuilt the object cache for 0 collections in 0.000000 seconds (found 0 objects)
[2017.02.23-17.22.03:380][  1]LogCollectionManager: Fixed up redirectors for 0 collections in 0.000034 seconds (updated 0 objects)
[2017.02.23-17.22.43:723][ 20]LogFactory: FactoryCreateFile: StaticMesh with FbxFactory (0 0 D:/Paladin_1/scenes/paladin_attack.fbx)
[2017.02.23-17.22.43:740][ 20]LogFbx: ItemName: GlobalSettings, ItemCount : 1
[2017.02.23-17.22.43:740][ 20]LogFbx: ItemName: AnimationStack, ItemCount : 1
[2017.02.23-17.22.43:740][ 20]LogFbx: ItemName: AnimationLayer, ItemCount : 1
[2017.02.23-17.22.43:741][ 20]LogFbx: ItemName: NodeAttribute, ItemCount : 372
[2017.02.23-17.22.43:741][ 20]LogFbx: ItemName: Model, ItemCount : 420
[2017.02.23-17.22.43:741][ 20]LogFbx: ItemName: Geometry, ItemCount : 48
[2017.02.23-17.22.43:741][ 20]LogFbx: ItemName: Material, ItemCount : 4
[2017.02.23-17.22.43:741][ 20]LogFbx: ItemName: AnimationCurveNode, ItemCount : 1088
[2017.02.23-17.22.43:741][ 20]LogFbx: ItemName: CollectionExclusive, ItemCount : 3
[2017.02.23-17.22.43:741][ 20]LogFbx: ItemName: AnimationCurve, ItemCount : 1552
[2017.02.23-17.22.43:741][ 20]LogFbx: ItemName: Pose, ItemCount : 1
[2017.02.23-17.22.43:741][ 20]LogFbx: ItemName: Deformer, ItemCount : 29
[2017.02.23-17.22.43:741][ 20]LogFbx: ItemName: Constraint, ItemCount : 33
[2017.02.23-17.22.43:747][ 20]LogFbx: Loading FBX Scene from D:/Paladin_1/scenes/paladin_attack.fbx
[2017.02.23-17.22.43:950][ 20]LogFbx: FBX Scene Loaded Succesfully
[2017.02.23-17.22.57:944][ 20]LogFbx: Loading FBX Scene from D:/Paladin_1/scenes/paladin_attack.fbx
[2017.02.23-17.22.58:148][ 20]LogFbx: FBX Scene Loaded Succesfully
[2017.02.23-17.22.58:178][ 20]LogFbx: =================================================
[2017.02.23-17.22.58:178][ 20]LogFbx: Dumping Node START [Mesh_Mesh_RoadKillOut_f_18_] 
[2017.02.23-17.22.58:178][ 20]LogFbx: 	Total Deformer Count 1344904672.
[2017.02.23-17.22.58:178][ 20]LogFbx: 		[Node 1]  (Type Skin).
[2017.02.23-17.22.58:178][ 20]LogFbx: =================================================
[2017.02.23-17.22.58:178][ 20]LogFbx: 	Attribute () Type (4).
[2017.02.23-17.22.58:178][ 20]LogFbx: 		[Node Attribute Child 1] Mesh_Mesh_RoadKillOut_f_18_ (Type Mesh).
[2017.02.23-17.22.58:178][ 20]LogFbx: Dumping Node END [Mesh_Mesh_RoadKillOut_f_18_]
[2017.02.23-17.22.58:179][ 20]LogFbx: =================================================
[2017.02.23-17.22.58:179][ 20]LogFbx: Dumping Node START [sword_test:polySurface1] 
[2017.02.23-17.22.58:179][ 20]LogFbx: 	Total Deformer Count 1344904672.
[2017.02.23-17.22.58:179][ 20]LogFbx: 	Attribute () Type (4).
[2017.02.23-17.22.58:179][ 20]LogFbx: 		[Node Attribute Child 1] sword_test:polySurface1 (Type Mesh).
[2017.02.23-17.22.58:179][ 20]LogFbx: Dumping Node END [sword_test:polySurface1]
[2017.02.23-17.22.58:179][ 20]LogFbx: =================================================
[2017.02.23-17.22.58:179][ 20]LogFbx: Dumping Node START [shield_test:polySurface1] 
[2017.02.23-17.22.58:179][ 20]LogFbx: 	Total Deformer Count 1344904672.
[2017.02.23-17.22.58:179][ 20]LogFbx: 	Attribute () Type (4).
[2017.02.23-17.22.58:179][ 20]LogFbx: 		[Node Attribute Child 1] shield_test:polySurface1 (Type Mesh).
[2017.02.23-17.22.58:179][ 20]LogFbx: Dumping Node END [shield_test:polySurface1]
[2017.02.23-17.22.58:179][ 20]LogFbx: =================================================
[2017.02.23-17.22.58:179][ 20]LogFbx: Dumping Node START [Mesh_Mesh_RoadKillOut_f_18_] 
[2017.02.23-17.22.58:179][ 20]LogFbx: 	Total Deformer Count 1344898848.
[2017.02.23-17.22.58:179][ 20]LogFbx: 		[Node 1]  (Type Skin).
[2017.02.23-17.22.58:179][ 20]LogFbx: =================================================
[2017.02.23-17.22.58:179][ 20]LogFbx: 	Attribute () Type (4).
[2017.02.23-17.22.58:179][ 20]LogFbx: 		[Node Attribute Child 1] Mesh_Mesh_RoadKillOut_f_18_ (Type Mesh).
[2017.02.23-17.22.58:179][ 20]LogFbx: Dumping Node END [Mesh_Mesh_RoadKillOut_f_18_]
[2017.02.23-17.22.58:187][ 20]LogFbx: =================================================
[2017.02.23-17.22.58:187][ 20]LogFbx: Dumping Node START [Mesh_Mesh_RoadKillOut_f_18_] 
[2017.02.23-17.22.58:187][ 20]LogFbx: 	Total Deformer Count 1344898848.
[2017.02.23-17.22.58:187][ 20]LogFbx: 		[Node 1]  (Type Skin).
[2017.02.23-17.22.58:187][ 20]LogFbx: =================================================
[2017.02.23-17.22.58:187][ 20]LogFbx: 	Attribute () Type (4).
[2017.02.23-17.22.58:187][ 20]LogFbx: 		[Node Attribute Child 1] Mesh_Mesh_RoadKillOut_f_18_ (Type Mesh).
[2017.02.23-17.22.58:187][ 20]LogFbx: Dumping Node END [Mesh_Mesh_RoadKillOut_f_18_]
[2017.02.23-17.22.58:187][ 20]LogFbx: =================================================
[2017.02.23-17.22.58:187][ 20]LogFbx: Dumping Node START [Mesh_Mesh_RoadKillOut_f_18_] 
[2017.02.23-17.22.58:187][ 20]LogFbx: 	Total Deformer Count 1344898848.
[2017.02.23-17.22.58:187][ 20]LogFbx: 		[Node 1]  (Type Skin).
[2017.02.23-17.22.58:187][ 20]LogFbx: =================================================
[2017.02.23-17.22.58:187][ 20]LogFbx: 	Attribute () Type (4).
[2017.02.23-17.22.58:187][ 20]LogFbx: 		[Node Attribute Child 1] Mesh_Mesh_RoadKillOut_f_18_ (Type Mesh).
[2017.02.23-17.22.58:187][ 20]LogFbx: Dumping Node END [Mesh_Mesh_RoadKillOut_f_18_]
[2017.02.23-17.22.58:188][ 20]LogFbx: =================================================
[2017.02.23-17.22.58:188][ 20]LogFbx: Dumping Node START [sword_test:polySurface1] 
[2017.02.23-17.22.58:188][ 20]LogFbx: 	Total Deformer Count 1344898288.
[2017.02.23-17.22.58:188][ 20]LogFbx: 	Attribute () Type (4).
[2017.02.23-17.22.58:188][ 20]LogFbx: 		[Node Attribute Child 1] sword_test:polySurface1 (Type Mesh).
[2017.02.23-17.22.58:188][ 20]LogFbx: Dumping Node END [sword_test:polySurface1]
[2017.02.23-17.22.58:188][ 20]LogFbx: =================================================
[2017.02.23-17.22.58:188][ 20]LogFbx: Dumping Node START [shield_test:polySurface1] 
[2017.02.23-17.22.58:188][ 20]LogFbx: 	Total Deformer Count 1344898288.
[2017.02.23-17.22.58:188][ 20]LogFbx: 	Attribute () Type (4).
[2017.02.23-17.22.58:188][ 20]LogFbx: 		[Node Attribute Child 1] shield_test:polySurface1 (Type Mesh).
[2017.02.23-17.22.58:188][ 20]LogFbx: Dumping Node END [shield_test:polySurface1]
[2017.02.23-17.22.58:194][ 20]LogFbx:Warning: Not valid bind pose for Pose (skinCluster1) - Node Mesh_Mesh_RoadKillOut_f_18_ : The relative matrices do not match
[2017.02.23-17.22.58:194][ 20]LogFbx:Warning: Getting valid bind pose failed. Try to recreate bind pose
[2017.02.23-17.22.58:196][ 20]LogFbx: Valid bind pose for Pose (FbxSDKBindPose) - Mesh_Mesh_RoadKillOut_f_18_
[2017.02.23-17.22.58:196][ 20]LogFbx:Warning: Recreating bind pose succeeded.
[2017.02.23-17.22.58:231][ 20]LogFbx:Warning: Bones digested - 187  Depth of hierarchy - 15
[2017.02.23-17.22.58:300][ 20]LogSkeletalMesh: Chunk 0: 277 rigid vertices, 1886 soft vertices, 28 active bones
[2017.02.23-17.22.58:300][ 20]LogSkeletalMesh: Chunk 1: 117 rigid vertices, 23 soft vertices, 2 active bones
[2017.02.23-17.22.58:302][ 20]LogSkeletalMesh: Section 0: Material=0, Chunk=0, 3280 triangles
[2017.02.23-17.22.58:302][ 20]LogSkeletalMesh: Section 1: Material=1, Chunk=1, 192 triangles
[2017.02.23-17.22.58:313][ 20]LogLinker:Warning: Can't find file '/Game/bluePrints/Animations/paladin_attack_PhysicsAsset'
[2017.02.23-17.22.58:313][ 20]LogLinker:Warning: Can't find file '/Game/bluePrints/Animations/paladin_attack_PhysicsAsset'
[2017.02.23-17.22.58:313][ 20]LogUObjectGlobals:Warning: Failed to find object 'Object /Game/bluePrints/Animations/paladin_attack_PhysicsAsset.paladin_attack_PhysicsAsset'
[2017.02.23-17.22.58:319][ 20]LogFbx: =================================================
[2017.02.23-17.22.58:319][ 20]LogFbx: Dumping Node START [Mesh_Mesh_RoadKillOut_f_18_] 
[2017.02.23-17.22.58:319][ 20]LogFbx: 	Total Deformer Count 1691312256.
[2017.02.23-17.22.58:319][ 20]LogFbx: 		[Node 1]  (Type Skin).
[2017.02.23-17.22.58:319][ 20]LogFbx: =================================================
[2017.02.23-17.22.58:319][ 20]LogFbx: 	Attribute () Type (4).
[2017.02.23-17.22.58:319][ 20]LogFbx: 		[Node Attribute Child 1] Mesh_Mesh_RoadKillOut_f_18_ (Type Mesh).
[2017.02.23-17.22.58:319][ 20]LogFbx: Dumping Node END [Mesh_Mesh_RoadKillOut_f_18_]
[2017.02.23-17.22.58:319][ 20]LogFbx: =================================================
[2017.02.23-17.22.58:319][ 20]LogFbx: Dumping Node START [sword_test:polySurface1] 
[2017.02.23-17.22.58:319][ 20]LogFbx: 	Total Deformer Count 1691312256.
[2017.02.23-17.22.58:319][ 20]LogFbx: 	Attribute () Type (4).
[2017.02.23-17.22.58:319][ 20]LogFbx: 		[Node Attribute Child 1] sword_test:polySurface1 (Type Mesh).
[2017.02.23-17.22.58:319][ 20]LogFbx: Dumping Node END [sword_test:polySurface1]
[2017.02.23-17.22.58:319][ 20]LogFbx: =================================================
[2017.02.23-17.22.58:319][ 20]LogFbx: Dumping Node START [shield_test:polySurface1] 
[2017.02.23-17.22.58:319][ 20]LogFbx: 	Total Deformer Count 1691312256.
[2017.02.23-17.22.58:319][ 20]LogFbx: 	Attribute () Type (4).
[2017.02.23-17.22.58:319][ 20]LogFbx: 		[Node Attribute Child 1] shield_test:polySurface1 (Type Mesh).
[2017.02.23-17.22.58:319][ 20]LogFbx: Dumping Node END [shield_test:polySurface1]
[2017.02.23-17.22.58:320][ 20]LogFbx: =================================================
[2017.02.23-17.22.58:320][ 20]LogFbx: Dumping Node START [Mesh_Mesh_RoadKillOut_f_18_] 
[2017.02.23-17.22.58:320][ 20]LogFbx: 	Total Deformer Count 1691312256.
[2017.02.23-17.22.58:320][ 20]LogFbx: 		[Node 1]  (Type Skin).
[2017.02.23-17.22.58:320][ 20]LogFbx: =================================================
[2017.02.23-17.22.58:320][ 20]LogFbx: 	Attribute () Type (4).
[2017.02.23-17.22.58:320][ 20]LogFbx: 		[Node Attribute Child 1] Mesh_Mesh_RoadKillOut_f_18_ (Type Mesh).
[2017.02.23-17.22.58:320][ 20]LogFbx: Dumping Node END [Mesh_Mesh_RoadKillOut_f_18_]
[2017.02.23-17.22.58:328][ 20]LogFbx: =================================================
[2017.02.23-17.22.58:328][ 20]LogFbx: Dumping Node START [Mesh_Mesh_RoadKillOut_f_18_] 
[2017.02.23-17.22.58:328][ 20]LogFbx: 	Total Deformer Count 1691312256.
[2017.02.23-17.22.58:328][ 20]LogFbx: 		[Node 1]  (Type Skin).
[2017.02.23-17.22.58:328][ 20]LogFbx: =================================================
[2017.02.23-17.22.58:328][ 20]LogFbx: 	Attribute () Type (4).
[2017.02.23-17.22.58:328][ 20]LogFbx: 		[Node Attribute Child 1] Mesh_Mesh_RoadKillOut_f_18_ (Type Mesh).
[2017.02.23-17.22.58:328][ 20]LogFbx: Dumping Node END [Mesh_Mesh_RoadKillOut_f_18_]
[2017.02.23-17.22.58:328][ 20]LogFbx: =================================================
[2017.02.23-17.22.58:328][ 20]LogFbx: Dumping Node START [Mesh_Mesh_RoadKillOut_f_18_] 
[2017.02.23-17.22.58:328][ 20]LogFbx: 	Total Deformer Count 1691312256.
[2017.02.23-17.22.58:328][ 20]LogFbx: 		[Node 1]  (Type Skin).
[2017.02.23-17.22.58:328][ 20]LogFbx: =================================================
[2017.02.23-17.22.58:328][ 20]LogFbx: 	Attribute () Type (4).
[2017.02.23-17.22.58:328][ 20]LogFbx: 		[Node Attribute Child 1] Mesh_Mesh_RoadKillOut_f_18_ (Type Mesh).
[2017.02.23-17.22.58:328][ 20]LogFbx: Dumping Node END [Mesh_Mesh_RoadKillOut_f_18_]
[2017.02.23-17.22.58:329][ 20]LogFbx: =================================================
[2017.02.23-17.22.58:329][ 20]LogFbx: Dumping Node START [sword_test:polySurface1] 
[2017.02.23-17.22.58:329][ 20]LogFbx: 	Total Deformer Count 1691312256.
[2017.02.23-17.22.58:329][ 20]LogFbx: 	Attribute () Type (4).
[2017.02.23-17.22.58:329][ 20]LogFbx: 		[Node Attribute Child 1] sword_test:polySurface1 (Type Mesh).
[2017.02.23-17.22.58:329][ 20]LogFbx: Dumping Node END [sword_test:polySurface1]
[2017.02.23-17.22.58:329][ 20]LogFbx: =================================================
[2017.02.23-17.22.58:329][ 20]LogFbx: Dumping Node START [shield_test:polySurface1] 
[2017.02.23-17.22.58:329][ 20]LogFbx: 	Total Deformer Count 1691312256.
[2017.02.23-17.22.58:329][ 20]LogFbx: 	Attribute () Type (4).
[2017.02.23-17.22.58:329][ 20]LogFbx: 		[Node Attribute Child 1] shield_test:polySurface1 (Type Mesh).
[2017.02.23-17.22.58:329][ 20]LogFbx: Dumping Node END [shield_test:polySurface1]
[2017.02.23-17.22.58:330][ 20]LogFbx: SortedLinks :(0) Character
[2017.02.23-17.22.58:330][ 20]LogFbx: SortedLinks :(1) CTRL_GRP
[2017.02.23-17.22.58:330][ 20]LogFbx: SortedLinks :(2) Joint_GRP
[2017.02.23-17.22.58:330][ 20]LogFbx: SortedLinks :(3) AnimData_Joint_GRP
[2017.02.23-17.22.58:330][ 20]LogFbx: SortedLinks :(4) AnimData_Hips
[2017.02.23-17.22.58:330][ 20]LogFbx: SortedLinks :(5) AnimData_Spine
[2017.02.23-17.22.58:330][ 20]LogFbx: SortedLinks :(6) AnimData_Spine1
[2017.02.23-17.22.58:330][ 20]LogFbx: SortedLinks :(7) AnimData_Spine2
[2017.02.23-17.22.58:330][ 20]LogFbx: SortedLinks :(8) AnimData_Neck
[2017.02.23-17.22.58:330][ 20]LogFbx: SortedLinks :(9) AnimData_Head
[2017.02.23-17.22.58:330][ 20]LogFbx: SortedLinks :(10) AnimData_HeadTop_End
[2017.02.23-17.22.58:330][ 20]LogFbx: SortedLinks :(11) AnimData_LeftShoulder
[2017.02.23-17.22.58:330][ 20]LogFbx: SortedLinks :(12) AnimData_LeftArm
[2017.02.23-17.22.58:330][ 20]LogFbx: SortedLinks :(13) AnimData_LeftForeArm
[2017.02.23-17.22.58:330][ 20]LogFbx: SortedLinks :(14) AnimData_LeftHand
[2017.02.23-17.22.58:330][ 20]LogFbx: SortedLinks :(15) AnimData_LeftHandIndex1
[2017.02.23-17.22.58:330][ 20]LogFbx: SortedLinks :(16) AnimData_LeftHandIndex2
[2017.02.23-17.22.58:330][ 20]LogFbx: SortedLinks :(17) AnimData_LeftHandIndex3
[2017.02.23-17.22.58:330][ 20]LogFbx: SortedLinks :(18) AnimData_LeftHandIndex4
[2017.02.23-17.22.58:330][ 20]LogFbx: SortedLinks :(19) AnimData_RightShoulder
[2017.02.23-17.22.58:330][ 20]LogFbx: SortedLinks :(20) AnimData_RightArm
[2017.02.23-17.22.58:330][ 20]LogFbx: SortedLinks :(21) AnimData_RightForeArm
[2017.02.23-17.22.58:330][ 20]LogFbx: SortedLinks :(22) AnimData_RightHand
[2017.02.23-17.22.58:330][ 20]LogFbx: SortedLinks :(23) AnimData_RightHandIndex1
[2017.02.23-17.22.58:330][ 20]LogFbx: SortedLinks :(24) AnimData_RightHandIndex2
[2017.02.23-17.22.58:330][ 20]LogFbx: SortedLinks :(25) AnimData_RightHandIndex3
[2017.02.23-17.22.58:330][ 20]LogFbx: SortedLinks :(26) AnimData_RightHandIndex4
[2017.02.23-17.22.58:330][ 20]LogFbx: SortedLinks :(27) AnimData_LeftUpLeg
[2017.02.23-17.22.58:330][ 20]LogFbx: SortedLinks :(28) AnimData_LeftLeg
[2017.02.23-17.22.58:330][ 20]LogFbx: SortedLinks :(29) AnimData_LeftFoot
[2017.02.23-17.22.58:330][ 20]LogFbx: SortedLinks :(30) AnimData_LeftToeBase
[2017.02.23-17.22.58:330][ 20]LogFbx: SortedLinks :(31) AnimData_LeftToe_End
[2017.02.23-17.22.58:330][ 20]LogFbx: SortedLinks :(32) AnimData_RightUpLeg
[2017.02.23-17.22.58:330][ 20]LogFbx: SortedLinks :(33) AnimData_RightLeg
[2017.02.23-17.22.58:330][ 20]LogFbx: SortedLinks :(34) AnimData_RightFoot
[2017.02.23-17.22.58:330][ 20]LogFbx: SortedLinks :(35) AnimData_RightToeBase
[2017.02.23-17.22.58:330][ 20]LogFbx: SortedLinks :(36) AnimData_RightToe_End
[2017.02.23-17.22.58:330][ 20]LogFbx: SortedLinks :(37) Bind_Joint_GRP
[2017.02.23-17.22.58:330][ 20]LogFbx: SortedLinks :(38) Bind_Hips
[2017.02.23-17.22.58:330][ 20]LogFbx: SortedLinks :(39) Bind_Spine
[2017.02.23-17.22.58:330][ 20]LogFbx: SortedLinks :(40) Bind_Spine1
[2017.02.23-17.22.58:330][ 20]LogFbx: SortedLinks :(41) Bind_Spine2
[2017.02.23-17.22.58:330][ 20]LogFbx: SortedLinks :(42) Bind_Neck
[2017.02.23-17.22.58:330][ 20]LogFbx: SortedLinks :(43) Bind_Head
[2017.02.23-17.22.58:330][ 20]LogFbx: SortedLinks :(44) Bind_HeadTop_End
[2017.02.23-17.22.58:330][ 20]LogFbx: SortedLinks :(45) Bind_LeftShoulder
[2017.02.23-17.22.58:330][ 20]LogFbx: SortedLinks :(46) Bind_LeftArm
[2017.02.23-17.22.58:330][ 20]LogFbx: SortedLinks :(47) Bind_LeftForeArm
[2017.02.23-17.22.58:330][ 20]LogFbx: SortedLinks :(48) Bind_LeftHand
[2017.02.23-17.22.58:330][ 20]LogFbx: SortedLinks :(49) Bind_LeftHandIndex1
[2017.02.23-17.22.58:330][ 20]LogFbx: SortedLinks :(50) Bind_LeftHandIndex2
[2017.02.23-17.22.58:330][ 20]LogFbx: SortedLinks :(51) Bind_LeftHandIndex3
[2017.02.23-17.22.58:330][ 20]LogFbx: SortedLinks :(52) Bind_LeftHandIndex4
[2017.02.23-17.22.58:330][ 20]LogFbx: SortedLinks :(53) LeftForeArm_IK_BakingLOC
[2017.02.23-17.22.58:330][ 20]LogFbx: SortedLinks :(54) FK_LeftArm
[2017.02.23-17.22.58:330][ 20]LogFbx: SortedLinks :(55) FK_LeftForeArm
[2017.02.23-17.22.58:330][ 20]LogFbx: SortedLinks :(56) FK_LeftHand
[2017.02.23-17.22.58:330][ 20]LogFbx: SortedLinks :(57) IK_LeftArm
[2017.02.23-17.22.58:330][ 20]LogFbx: SortedLinks :(58) IK_LeftForeArm
[2017.02.23-17.22.58:330][ 20]LogFbx: SortedLinks :(59) IK_LeftHand
[2017.02.23-17.22.58:330][ 20]LogFbx: SortedLinks :(60) LeftForeArm_IK_CTRL_GuideCurve_Cluster2Handle
[2017.02.23-17.22.58:330][ 20]LogFbx: SortedLinks :(61) Bind_RightShoulder
[2017.02.23-17.22.58:330][ 20]LogFbx: SortedLinks :(62) Bind_RightArm
[2017.02.23-17.22.58:330][ 20]LogFbx: SortedLinks :(63) Bind_RightForeArm
[2017.02.23-17.22.58:330][ 20]LogFbx: SortedLinks :(64) Bind_RightHand
[2017.02.23-17.22.58:330][ 20]LogFbx: SortedLinks :(65) Bind_RightHandIndex1
[2017.02.23-17.22.58:330][ 20]LogFbx: SortedLinks :(66) Bind_RightHandIndex2
[2017.02.23-17.22.58:330][ 20]LogFbx: SortedLinks :(67) Bind_RightHandIndex3
[2017.02.23-17.22.58:330][ 20]LogFbx: SortedLinks :(68) Bind_RightHandIndex4
[2017.02.23-17.22.58:330][ 20]LogFbx: SortedLinks :(69) RightForeArm_IK_BakingLOC
[2017.02.23-17.22.58:330][ 20]LogFbx: SortedLinks :(70) FK_RightArm
[2017.02.23-17.22.58:330][ 20]LogFbx: SortedLinks :(71) FK_RightForeArm
[2017.02.23-17.22.58:330][ 20]LogFbx: SortedLinks :(72) FK_RightHand
[2017.02.23-17.22.58:330][ 20]LogFbx: SortedLinks :(73) IK_RightArm
[2017.02.23-17.22.58:330][ 20]LogFbx: SortedLinks :(74) IK_RightForeArm
[2017.02.23-17.22.58:330][ 20]LogFbx: SortedLinks :(75) IK_RightHand
[2017.02.23-17.22.58:330][ 20]LogFbx: SortedLinks :(76) RightForeArm_IK_CTRL_GuideCurve_Cluster2Handle
[2017.02.23-17.22.58:330][ 20]LogFbx: SortedLinks :(77) Bind_LeftUpLeg
[2017.02.23-17.22.58:330][ 20]LogFbx: SortedLinks :(78) Bind_LeftLeg
[2017.02.23-17.22.58:330][ 20]LogFbx: SortedLinks :(79) Bind_LeftFoot
[2017.02.23-17.22.58:330][ 20]LogFbx: SortedLinks :(80) Bind_LeftToeBase
[2017.02.23-17.22.58:330][ 20]LogFbx: SortedLinks :(81) Bind_LeftToe_End
[2017.02.23-17.22.58:330][ 20]LogFbx: SortedLinks :(82) LeftFoot_IK_BakingLOC
[2017.02.23-17.22.58:330][ 20]LogFbx: SortedLinks :(83) LeftLeg_IK_BakingLOC
[2017.02.23-17.22.58:330][ 20]LogFbx: SortedLinks :(84) Bind_RightUpLeg
[2017.02.23-17.22.58:330][ 20]LogFbx: SortedLinks :(85) Bind_RightLeg
[2017.02.23-17.22.58:330][ 20]LogFbx: SortedLinks :(86) Bind_RightFoot
[2017.02.23-17.22.58:330][ 20]LogFbx: SortedLinks :(87) Bind_RightToeBase
[2017.02.23-17.22.58:330][ 20]LogFbx: SortedLinks :(88) Bind_RightToe_End
[2017.02.23-17.22.58:330][ 20]LogFbx: SortedLinks :(89) RightFoot_IK_BakingLOC
[2017.02.23-17.22.58:330][ 20]LogFbx: SortedLinks :(90) RightLeg_IK_BakingLOC
[2017.02.23-17.22.58:330][ 20]LogFbx: SortedLinks :(91) FK_LeftUpLeg
[2017.02.23-17.22.58:330][ 20]LogFbx: SortedLinks :(92) FK_LeftLeg
[2017.02.23-17.22.58:330][ 20]LogFbx: SortedLinks :(93) FK_LeftFoot
[2017.02.23-17.22.58:330][ 20]LogFbx: SortedLinks :(94) FK_LeftToeBase
[2017.02.23-17.22.58:330][ 20]LogFbx: SortedLinks :(95) FK_LeftToe_End
[2017.02.23-17.22.58:330][ 20]LogFbx: SortedLinks :(96) FK_RightUpLeg
[2017.02.23-17.22.58:330][ 20]LogFbx: SortedLinks :(97) FK_RightLeg
[2017.02.23-17.22.58:330][ 20]LogFbx: SortedLinks :(98) FK_RightFoot
[2017.02.23-17.22.58:330][ 20]LogFbx: SortedLinks :(99) FK_RightToeBase
[2017.02.23-17.22.58:330][ 20]LogFbx: SortedLinks :(100) FK_RightToe_End
[2017.02.23-17.22.58:330][ 20]LogFbx: SortedLinks :(101) IK_LeftUpLeg
[2017.02.23-17.22.58:330][ 20]LogFbx: SortedLinks :(102) IK_LeftLeg
[2017.02.23-17.22.58:330][ 20]LogFbx: SortedLinks :(103) IK_LeftFoot
[2017.02.23-17.22.58:330][ 20]LogFbx: SortedLinks :(104) IK_LeftToeBase
[2017.02.23-17.22.58:330][ 20]LogFbx: SortedLinks :(105) IK_LeftToe_End
[2017.02.23-17.22.58:330][ 20]LogFbx: SortedLinks :(106) LeftLeg_IK_CTRL_GuideCurve_Cluster2Handle
[2017.02.23-17.22.58:331][ 20]LogFbx: SortedLinks :(107) IK_RightUpLeg
[2017.02.23-17.22.58:331][ 20]LogFbx: SortedLinks :(108) IK_RightLeg
[2017.02.23-17.22.58:331][ 20]LogFbx: SortedLinks :(109) IK_RightFoot
[2017.02.23-17.22.58:331][ 20]LogFbx: SortedLinks :(110) IK_RightToeBase
[2017.02.23-17.22.58:331][ 20]LogFbx: SortedLinks :(111) IK_RightToe_End
[2017.02.23-17.22.58:331][ 20]LogFbx: SortedLinks :(112) RightLeg_IK_CTRL_GuideCurve_Cluster2Handle
[2017.02.23-17.22.58:331][ 20]LogFbx: SortedLinks :(113) Mesh_GRP
[2017.02.23-17.22.58:331][ 20]LogFbx: SortedLinks :(114) Mesh_Mesh_RoadKillOut_f_18_
[2017.02.23-17.22.58:331][ 20]LogFbx: SortedLinks :(115) Misc_GRP
[2017.02.23-17.22.58:331][ 20]LogFbx: SortedLinks :(116) MIXAMO_CHARACTER_infoNode
[2017.02.23-17.22.58:331][ 20]LogFbx: SortedLinks :(117) MIXAMO_CHARACTER_Root_infoNode
[2017.02.23-17.22.58:331][ 20]LogFbx: SortedLinks :(118) MIXAMO_CHARACTER_Hips_infoNode
[2017.02.23-17.22.58:331][ 20]LogFbx: SortedLinks :(119) MIXAMO_CHARACTER_Spine_infoNode
[2017.02.23-17.22.58:331][ 20]LogFbx: SortedLinks :(120) MIXAMO_CHARACTER_Spine1_infoNode
[2017.02.23-17.22.58:331][ 20]LogFbx: SortedLinks :(121) MIXAMO_CHARACTER_Spine2_infoNode
[2017.02.23-17.22.58:331][ 20]LogFbx: SortedLinks :(122) MIXAMO_CHARACTER_Spine3_infoNode
[2017.02.23-17.22.58:331][ 20]LogFbx: SortedLinks :(123) MIXAMO_CHARACTER_Neck_infoNode
[2017.02.23-17.22.58:331][ 20]LogFbx: SortedLinks :(124) MIXAMO_CHARACTER_Neck1_infoNode
[2017.02.23-17.22.58:331][ 20]LogFbx: SortedLinks :(125) MIXAMO_CHARACTER_Head_infoNode
[2017.02.23-17.22.58:331][ 20]LogFbx: SortedLinks :(126) MIXAMO_CHARACTER_HeadTop_End_infoNode
[2017.02.23-17.22.58:331][ 20]LogFbx: SortedLinks :(127) MIXAMO_CHARACTER_LeftShoulder_infoNode
[2017.02.23-17.22.58:331][ 20]LogFbx: SortedLinks :(128) MIXAMO_CHARACTER_LeftArm_infoNode
[2017.02.23-17.22.58:331][ 20]LogFbx: SortedLinks :(129) MIXAMO_CHARACTER_LeftForeArm_infoNode
[2017.02.23-17.22.58:331][ 20]LogFbx: SortedLinks :(130) MIXAMO_CHARACTER_LeftHand_infoNode
[2017.02.23-17.22.58:331][ 20]LogFbx: SortedLinks :(131) MIXAMO_CHARACTER_LeftHandThumb1_infoNode
[2017.02.23-17.22.58:331][ 20]LogFbx: SortedLinks :(132) MIXAMO_CHARACTER_LeftHandThumb2_infoNode
[2017.02.23-17.22.58:331][ 20]LogFbx: SortedLinks :(133) MIXAMO_CHARACTER_LeftHandThumb3_infoNode
[2017.02.23-17.22.58:331][ 20]LogFbx: SortedLinks :(134) MIXAMO_CHARACTER_LeftHandThumb4_infoNode
[2017.02.23-17.22.58:331][ 20]LogFbx: SortedLinks :(135) MIXAMO_CHARACTER_LeftHandIndex1_infoNode
[2017.02.23-17.22.58:331][ 20]LogFbx: SortedLinks :(136) MIXAMO_CHARACTER_LeftHandIndex2_infoNode
[2017.02.23-17.22.58:331][ 20]LogFbx: SortedLinks :(137) MIXAMO_CHARACTER_LeftHandIndex3_infoNode
[2017.02.23-17.22.58:331][ 20]LogFbx: SortedLinks :(138) MIXAMO_CHARACTER_LeftHandIndex4_infoNode
[2017.02.23-17.22.58:331][ 20]LogFbx: SortedLinks :(139) MIXAMO_CHARACTER_LeftHandMiddle1_infoNode
[2017.02.23-17.22.58:331][ 20]LogFbx: SortedLinks :(140) MIXAMO_CHARACTER_LeftHandMiddle2_infoNode
[2017.02.23-17.22.58:331][ 20]LogFbx: SortedLinks :(141) MIXAMO_CHARACTER_LeftHandMiddle3_infoNode
[2017.02.23-17.22.58:331][ 20]LogFbx: SortedLinks :(142) MIXAMO_CHARACTER_LeftHandMiddle4_infoNode
[2017.02.23-17.22.58:331][ 20]LogFbx: SortedLinks :(143) MIXAMO_CHARACTER_LeftHandRing1_infoNode
[2017.02.23-17.22.58:331][ 20]LogFbx: SortedLinks :(144) MIXAMO_CHARACTER_LeftHandRing2_infoNode
[2017.02.23-17.22.58:331][ 20]LogFbx: SortedLinks :(145) MIXAMO_CHARACTER_LeftHandRing3_infoNode
[2017.02.23-17.22.58:331][ 20]LogFbx: SortedLinks :(146) MIXAMO_CHARACTER_LeftHandRing4_infoNode
[2017.02.23-17.22.58:331][ 20]LogFbx: SortedLinks :(147) MIXAMO_CHARACTER_LeftHandPinky1_infoNode
[2017.02.23-17.22.58:331][ 20]LogFbx: SortedLinks :(148) MIXAMO_CHARACTER_LeftHandPinky2_infoNode
[2017.02.23-17.22.58:331][ 20]LogFbx: SortedLinks :(149) MIXAMO_CHARACTER_LeftHandPinky3_infoNode
[2017.02.23-17.22.58:331][ 20]LogFbx: SortedLinks :(150) MIXAMO_CHARACTER_LeftHandPinky4_infoNode
[2017.02.23-17.22.58:331][ 20]LogFbx: SortedLinks :(151) MIXAMO_CHARACTER_RightShoulder_infoNode
[2017.02.23-17.22.58:331][ 20]LogFbx: SortedLinks :(152) MIXAMO_CHARACTER_RightArm_infoNode
[2017.02.23-17.22.58:331][ 20]LogFbx: SortedLinks :(153) MIXAMO_CHARACTER_RightForeArm_infoNode
[2017.02.23-17.22.58:331][ 20]LogFbx: SortedLinks :(154) MIXAMO_CHARACTER_RightHand_infoNode
[2017.02.23-17.22.58:331][ 20]LogFbx: SortedLinks :(155) MIXAMO_CHARACTER_RightHandThumb1_infoNode
[2017.02.23-17.22.58:331][ 20]LogFbx: SortedLinks :(156) MIXAMO_CHARACTER_RightHandThumb2_infoNode
[2017.02.23-17.22.58:331][ 20]LogFbx: SortedLinks :(157) MIXAMO_CHARACTER_RightHandThumb3_infoNode
[2017.02.23-17.22.58:331][ 20]LogFbx: SortedLinks :(158) MIXAMO_CHARACTER_RightHandThumb4_infoNode
[2017.02.23-17.22.58:331][ 20]LogFbx: SortedLinks :(159) MIXAMO_CHARACTER_RightHandIndex1_infoNode
[2017.02.23-17.22.58:331][ 20]LogFbx: SortedLinks :(160) MIXAMO_CHARACTER_RightHandIndex2_infoNode
[2017.02.23-17.22.58:331][ 20]LogFbx: SortedLinks :(161) MIXAMO_CHARACTER_RightHandIndex3_infoNode
[2017.02.23-17.22.58:331][ 20]LogFbx: SortedLinks :(162) MIXAMO_CHARACTER_RightHandIndex4_infoNode
[2017.02.23-17.22.58:331][ 20]LogFbx: SortedLinks :(163) MIXAMO_CHARACTER_RightHandMiddle1_infoNode
[2017.02.23-17.22.58:331][ 20]LogFbx: SortedLinks :(164) MIXAMO_CHARACTER_RightHandMiddle2_infoNode
[2017.02.23-17.22.58:331][ 20]LogFbx: SortedLinks :(165) MIXAMO_CHARACTER_RightHandMiddle3_infoNode
[2017.02.23-17.22.58:331][ 20]LogFbx: SortedLinks :(166) MIXAMO_CHARACTER_RightHandMiddle4_infoNode
[2017.02.23-17.22.58:331][ 20]LogFbx: SortedLinks :(167) MIXAMO_CHARACTER_RightHandRing1_infoNode
[2017.02.23-17.22.58:331][ 20]LogFbx: SortedLinks :(168) MIXAMO_CHARACTER_RightHandRing2_infoNode
[2017.02.23-17.22.58:331][ 20]LogFbx: SortedLinks :(169) MIXAMO_CHARACTER_RightHandRing3_infoNode
[2017.02.23-17.22.58:331][ 20]LogFbx: SortedLinks :(170) MIXAMO_CHARACTER_RightHandRing4_infoNode
[2017.02.23-17.22.58:331][ 20]LogFbx: SortedLinks :(171) MIXAMO_CHARACTER_RightHandPinky1_infoNode
[2017.02.23-17.22.58:331][ 20]LogFbx: SortedLinks :(172) MIXAMO_CHARACTER_RightHandPinky2_infoNode
[2017.02.23-17.22.58:331][ 20]LogFbx: SortedLinks :(173) MIXAMO_CHARACTER_RightHandPinky3_infoNode
[2017.02.23-17.22.58:331][ 20]LogFbx: SortedLinks :(174) MIXAMO_CHARACTER_RightHandPinky4_infoNode
[2017.02.23-17.22.58:331][ 20]LogFbx: SortedLinks :(175) MIXAMO_CHARACTER_LeftUpLeg_infoNode
[2017.02.23-17.22.58:331][ 20]LogFbx: SortedLinks :(176) MIXAMO_CHARACTER_LeftLeg_infoNode
[2017.02.23-17.22.58:331][ 20]LogFbx: SortedLinks :(177) MIXAMO_CHARACTER_LeftFoot_infoNode
[2017.02.23-17.22.58:331][ 20]LogFbx: SortedLinks :(178) MIXAMO_CHARACTER_LeftToeBase_infoNode
[2017.02.23-17.22.58:331][ 20]LogFbx: SortedLinks :(179) MIXAMO_CHARACTER_LeftToe_End_infoNode
[2017.02.23-17.22.58:331][ 20]LogFbx: SortedLinks :(180) MIXAMO_CHARACTER_RightUpLeg_infoNode
[2017.02.23-17.22.58:331][ 20]LogFbx: SortedLinks :(181) MIXAMO_CHARACTER_RightLeg_infoNode
[2017.02.23-17.22.58:331][ 20]LogFbx: SortedLinks :(182) MIXAMO_CHARACTER_RightFoot_infoNode
[2017.02.23-17.22.58:331][ 20]LogFbx: SortedLinks :(183) MIXAMO_CHARACTER_RightToeBase_infoNode
[2017.02.23-17.22.58:331][ 20]LogFbx: SortedLinks :(184) MIXAMO_CHARACTER_RightToe_End_infoNode
[2017.02.23-17.22.58:331][ 20]LogFbx: SortedLinks :(185) MIXAMO_CHARACTER_LeftEye_infoNode
[2017.02.23-17.22.58:331][ 20]LogFbx: SortedLinks :(186) MIXAMO_CHARACTER_RightEye_infoNode
[2017.02.23-17.22.58:332][ 20]LogFbx: Parsing AnimStack Take 001
[2017.02.23-17.22.58:347][ 20]LogLinker:Warning: Can't find file '/Game/bluePrints/Animations/paladin_attack_Anim'
[2017.02.23-17.22.58:347][ 20]LogLinker:Warning: Can't find file '/Game/bluePrints/Animations/paladin_attack_Anim'
[2017.02.23-17.22.58:347][ 20]LogUObjectGlobals:Warning: Failed to find object 'Object /Game/bluePrints/Animations/paladin_attack_Anim.paladin_attack_Anim'
[2017.02.23-17.22.58:775][ 20]LogAnimationCompression: Building Anim DDC data for AnimSequence /Game/bluePrints/Animations/paladin_attack_Anim.paladin_attack_Anim
[2017.02.23-17.22.58:824][ 20]FBXImport:Warning: Warning Mesh [Geometry have no name] in the fbx file is not reference by any hierarchy node. 
[2017.02.23-17.22.58:824][ 20]FBXImport:Warning: Warning Mesh [Geometry have no name] in the fbx file is not reference by any hierarchy node. 
[2017.02.23-17.22.58:824][ 20]FBXImport:Warning: Warning Mesh [Geometry have no name] in the fbx file is not reference by any hierarchy node. 
[2017.02.23-17.22.58:824][ 20]FBXImport:Warning: Warning Mesh [Geometry have no name] in the fbx file is not reference by any hierarchy node. 
[2017.02.23-17.22.58:824][ 20]FBXImport:Warning: Warning Mesh [Geometry have no name] in the fbx file is not reference by any hierarchy node. 
[2017.02.23-17.22.58:824][ 20]FBXImport:Warning: Warning Mesh [Geometry have no name] in the fbx file is not reference by any hierarchy node. 
[2017.02.23-17.22.58:824][ 20]FBXImport:Warning: Warning Mesh [Geometry have no name] in the fbx file is not reference by any hierarchy node. 
[2017.02.23-17.22.58:824][ 20]FBXImport:Warning: Warning Mesh [Geometry have no name] in the fbx file is not reference by any hierarchy node. 
[2017.02.23-17.22.58:824][ 20]FBXImport:Warning: Warning Mesh [Geometry have no name] in the fbx file is not reference by any hierarchy node. 
[2017.02.23-17.22.58:824][ 20]FBXImport:Warning: Warning Mesh [Geometry have no name] in the fbx file is not reference by any hierarchy node. 
[2017.02.23-17.22.58:824][ 20]FBXImport:Warning: Warning Mesh [Geometry have no name] in the fbx file is not reference by any hierarchy node. 
[2017.02.23-17.22.58:824][ 20]FBXImport:Warning: Warning Mesh [Geometry have no name] in the fbx file is not reference by any hierarchy node. 
[2017.02.23-17.22.58:824][ 20]FBXImport:Warning: Warning Mesh [Geometry have no name] in the fbx file is not reference by any hierarchy node. 
[2017.02.23-17.22.58:824][ 20]FBXImport:Warning: Warning Mesh [Geometry have no name] in the fbx file is not reference by any hierarchy node. 
[2017.02.23-17.22.58:824][ 20]FBXImport:Warning: Warning Mesh [Geometry have no name] in the fbx file is not reference by any hierarchy node. 
[2017.02.23-17.22.58:824][ 20]FBXImport:Warning: Warning Mesh [Geometry have no name] in the fbx file is not reference by any hierarchy node. 
[2017.02.23-17.22.58:824][ 20]FBXImport:Warning: Warning Mesh [Geometry have no name] in the fbx file is not reference by any hierarchy node. 
[2017.02.23-17.22.58:824][ 20]FBXImport:Warning: Warning Mesh [Geometry have no name] in the fbx file is not reference by any hierarchy node. 
[2017.02.23-17.22.58:824][ 20]FBXImport:Warning: Warning Mesh [Geometry have no name] in the fbx file is not reference by any hierarchy node. 
[2017.02.23-17.22.58:824][ 20]FBXImport:Warning: Warning Mesh [Geometry have no name] in the fbx file is not reference by any hierarchy node. 
[2017.02.23-17.22.58:825][ 20]FBXImport:Warning: Warning Mesh [Geometry have no name] in the fbx file is not reference by any hierarchy node. 
[2017.02.23-17.22.58:825][ 20]FBXImport:Warning: Warning Mesh [Geometry have no name] in the fbx file is not reference by any hierarchy node. 
[2017.02.23-17.22.58:825][ 20]FBXImport:Warning: Warning Mesh [Geometry have no name] in the fbx file is not reference by any hierarchy node. 
[2017.02.23-17.22.58:825][ 20]FBXImport:Warning: Warning Mesh [Geometry have no name] in the fbx file is not reference by any hierarchy node. 
[2017.02.23-17.22.58:825][ 20]FBXImport:Warning: Warning Mesh [Geometry have no name] in the fbx file is not reference by any hierarchy node. 
[2017.02.23-17.22.58:825][ 20]FBXImport:Warning: Warning Mesh [Geometry have no name] in the fbx file is not reference by any hierarchy node. 
[2017.02.23-17.22.58:825][ 20]FBXImport:Warning: Warning Mesh [Geometry have no name] in the fbx file is not reference by any hierarchy node. 
[2017.02.23-17.22.58:825][ 20]FBXImport:Warning: Warning Mesh [Geometry have no name] in the fbx file is not reference by any hierarchy node. 
[2017.02.23-17.22.58:825][ 20]FBXImport:Warning: Warning Mesh [Geometry have no name] in the fbx file is not reference by any hierarchy node. 
[2017.02.23-17.22.58:825][ 20]FBXImport:Warning: Warning Mesh [Geometry have no name] in the fbx file is not reference by any hierarchy node. 
[2017.02.23-17.22.58:825][ 20]FBXImport:Warning: Warning Mesh [Geometry have no name] in the fbx file is not reference by any hierarchy node. 
[2017.02.23-17.22.58:825][ 20]FBXImport:Warning: Warning Mesh [Geometry have no name] in the fbx file is not reference by any hierarchy node. 
[2017.02.23-17.22.58:825][ 20]FBXImport:Warning: Warning Mesh [Geometry have no name] in the fbx file is not reference by any hierarchy node. 
[2017.02.23-17.22.58:825][ 20]FBXImport:Warning: Warning Mesh [Geometry have no name] in the fbx file is not reference by any hierarchy node. 
[2017.02.23-17.22.58:825][ 20]FBXImport:Warning: Warning Mesh [Geometry have no name] in the fbx file is not reference by any hierarchy node. 
[2017.02.23-17.22.58:825][ 20]FBXImport:Warning: Warning Mesh [Geometry have no name] in the fbx file is not reference by any hierarchy node. 
[2017.02.23-17.22.58:825][ 20]FBXImport:Warning: Warning Mesh [Geometry have no name] in the fbx file is not reference by any hierarchy node. 
[2017.02.23-17.22.58:825][ 20]FBXImport:Warning: Warning Mesh [Geometry have no name] in the fbx file is not reference by any hierarchy node. 
[2017.02.23-17.22.58:825][ 20]FBXImport:Warning: Warning Mesh [Geometry have no name] in the fbx file is not reference by any hierarchy node. 
[2017.02.23-17.22.58:825][ 20]FBXImport:Warning: Warning Mesh [Geometry have no name] in the fbx file is not reference by any hierarchy node. 
[2017.02.23-17.22.58:825][ 20]FBXImport:Warning: Warning Mesh [Geometry have no name] in the fbx file is not reference by any hierarchy node. 
[2017.02.23-17.22.58:825][ 20]FBXImport:Warning: Warning Mesh [Geometry have no name] in the fbx file is not reference by any hierarchy node. 
[2017.02.23-17.22.58:825][ 20]FBXImport:Warning: Warning Mesh [Geometry have no name] in the fbx file is not reference by any hierarchy node. 
[2017.02.23-17.22.58:825][ 20]FBXImport:Warning: Warning Mesh [Geometry have no name] in the fbx file is not reference by any hierarchy node. 
[2017.02.23-17.22.58:825][ 20]FBXImport:Warning: Warning Mesh [Geometry have no name] in the fbx file is not reference by any hierarchy node. 
[2017.02.23-17.23.07:670][260]LogSavePackage: Save=24.88ms
[2017.02.23-17.23.07:670][260]LogSavePackage: Moving '../../../../../../Users/armorias/Documents/GitHub/Soul-Striker/Soul Striker/Saved/paladin_attackAA352EC4408623254FB789A2F3EC4855.tmp' to '../../../../../../Users/armorias/Documents/GitHub/Soul-Striker/Soul Striker/Content/bluePrints/Animations/paladin_attack.uasset'
[2017.02.23-17.23.07:673][260]LogSavePackage:Display: Finished SavePackage ../../../../../../Users/armorias/Documents/GitHub/Soul-Striker/Soul Striker/Content/bluePrints/Animations/paladin_attack.uasset
[2017.02.23-17.23.07:711][260]LogSavePackage: Save=19.94ms
[2017.02.23-17.23.07:711][260]LogSavePackage: Moving '../../../../../../Users/armorias/Documents/GitHub/Soul-Striker/Soul Striker/Saved/paladin_attack_Anim56307CF746B8CFBB7CA1AFBC06290378.tmp' to '../../../../../../Users/armorias/Documents/GitHub/Soul-Striker/Soul Striker/Content/bluePrints/Animations/paladin_attack_Anim.uasset'
[2017.02.23-17.23.07:714][260]LogSavePackage:Display: Finished SavePackage ../../../../../../Users/armorias/Documents/GitHub/Soul-Striker/Soul Striker/Content/bluePrints/Animations/paladin_attack_Anim.uasset
[2017.02.23-17.23.07:735][260]LogSavePackage: Save=13.98ms
[2017.02.23-17.23.07:735][260]LogSavePackage: Moving '../../../../../../Users/armorias/Documents/GitHub/Soul-Striker/Soul Striker/Saved/paladin_attack_PhysicsAssetD2EE14B747F4A0A7215CD1928C983B6C.tmp' to '../../../../../../Users/armorias/Documents/GitHub/Soul-Striker/Soul Striker/Content/bluePrints/Animations/paladin_attack_PhysicsAsset.uasset'
[2017.02.23-17.23.07:739][260]LogSavePackage:Display: Finished SavePackage ../../../../../../Users/armorias/Documents/GitHub/Soul-Striker/Soul Striker/Content/bluePrints/Animations/paladin_attack_PhysicsAsset.uasset
[2017.02.23-17.23.07:760][260]LogSavePackage: Save=6.19ms
[2017.02.23-17.23.07:760][260]LogSavePackage: Moving '../../../../../../Users/armorias/Documents/GitHub/Soul-Striker/Soul Striker/Saved/paladin_idle_Skeleton3F23BDB84BC96F54D24AE3B5755EC55E.tmp' to '../../../../../../Users/armorias/Documents/GitHub/Soul-Striker/Soul Striker/Content/bluePrints/Animations/paladin_idle_Skeleton.uasset'
[2017.02.23-17.23.07:763][260]LogSavePackage:Display: Finished SavePackage ../../../../../../Users/armorias/Documents/GitHub/Soul-Striker/Soul Striker/Content/bluePrints/Animations/paladin_idle_Skeleton.uasset
[2017.02.23-17.23.20:032][936]LogSkeletalMesh: InitArticulated: Bodies already created (/Engine/Transient.DebugSkelMeshComponent_0) - call TermArticulated first.
[2017.02.23-17.23.23:860][ 64]LogEditorViewport: Clicking on Actor (LMB): BP_Sky_Sphere_C (SkySphereBlueprint)
[2017.02.23-17.23.25:142][139]LogEditorViewport: Clicking on Actor (LMB): BP_Sky_Sphere_C (SkySphereBlueprint)
[2017.02.23-17.23.25:766][176]LogEditorViewport: Clicking on Actor (LMB): BP_Sky_Sphere_C (SkySphereBlueprint)
[2017.02.23-17.23.26:473][218]LogEditorViewport: Clicking on Actor (LMB): BP_Sky_Sphere_C (SkySphereBlueprint)
[2017.02.23-17.23.30:853][410]LogSavePackage: Save=276.52ms
[2017.02.23-17.23.30:853][410]LogSavePackage: Moving '../../../../../../Users/armorias/Documents/GitHub/Soul-Striker/Soul Striker/Saved/ThirdPersonExampleMap1C4163214C2417A0FB1B18A300CF7035.tmp' to '../../../../../../Users/armorias/Documents/GitHub/Soul-Striker/Soul Striker/Content/ThirdPersonBP/Maps/ThirdPersonExampleMap.umap'
[2017.02.23-17.23.30:856][410]LogSavePackage:Display: Finished SavePackage ../../../../../../Users/armorias/Documents/GitHub/Soul-Striker/Soul Striker/Content/ThirdPersonBP/Maps/ThirdPersonExampleMap.umap
[2017.02.23-17.23.35:361][588]LogWindowsTextInputMethodSystem:Display: IME system now deactivated.
[2017.02.23-17.23.35:809][589]Cmd: QUIT_EDITOR
[2017.02.23-17.23.35:895][589]LogExit: Preparing to exit.
[2017.02.23-17.23.36:634][589]LogExit: Editor shut down
[2017.02.23-17.23.36:634][589]LogExit: Transaction tracking system shut down
[2017.02.23-17.23.36:745][589]LogObj: Freed 0b from 0 cluster array pools.
[2017.02.23-17.23.36:745][589]LogExit: Object subsystem successfully closed.
[2017.02.23-17.23.36:755][589]LogD3D11RHI: Shutdown
[2017.02.23-17.23.36:755][589]LogD3D11RHI: CleanupD3DDevice
[2017.02.23-17.23.36:854][589]LogD3D11RHI: ~FD3D11DynamicRHI
[2017.02.23-17.23.36:866][589]LogModuleManager: Shutting down and abandoning module HierarchicalLODOutliner (215)
[2017.02.23-17.23.36:866][589]LogModuleManager: Shutting down and abandoning module CrashTracker (214)
[2017.02.23-17.23.36:867][589]LogModuleManager: Shutting down and abandoning module SceneOutliner (213)
[2017.02.23-17.23.36:867][589]LogModuleManager: Shutting down and abandoning module WidgetCarousel (212)
[2017.02.23-17.23.36:867][589]LogModuleManager: Shutting down and abandoning module AddContentDialog (211)
[2017.02.23-17.23.36:867][589]LogModuleManager: Shutting down and abandoning module GameplayTags (210)
[2017.02.23-17.23.36:867][589]LogModuleManager: Shutting down and abandoning module EditorWidgets (209)
[2017.02.23-17.23.36:867][589]LogModuleManager: Shutting down and abandoning module CollectionManager (208)
[2017.02.23-17.23.36:867][589]LogModuleManager: Shutting down and abandoning module StatsViewer (207)
[2017.02.23-17.23.36:867][589]LogModuleManager: Shutting down and abandoning module FoliageEdit (206)
[2017.02.23-17.23.36:868][589]LogModuleManager: Shutting down and abandoning module LandscapeEditor (205)
[2017.02.23-17.23.36:868][589]LogModuleManager: Shutting down and abandoning module SceneDepthPickerMode (204)
[2017.02.23-17.23.36:868][589]LogModuleManager: Shutting down and abandoning module ActorPickerMode (203)
[2017.02.23-17.23.36:868][589]LogModuleManager: Shutting down and abandoning module GeometryMode (202)
[2017.02.23-17.23.36:868][589]LogModuleManager: Shutting down and abandoning module TextureAlignMode (201)
[2017.02.23-17.23.36:868][589]LogModuleManager: Shutting down and abandoning module BspMode (200)
[2017.02.23-17.23.36:868][589]LogModuleManager: Shutting down and abandoning module HardwareSurvey (199)
[2017.02.23-17.23.36:868][589]LogModuleManager: Shutting down and abandoning module SequenceRecorderSections (198)
[2017.02.23-17.23.36:868][589]LogModuleManager: Shutting down and abandoning module SequenceRecorder (197)
[2017.02.23-17.23.36:868][589]LogModuleManager: Shutting down and abandoning module AutomationWorker (196)
[2017.02.23-17.23.36:868][589]LogModuleManager: Shutting down and abandoning module MatineeToLevelSequence (195)
[2017.02.23-17.23.36:868][589]LogModuleManager: Shutting down and abandoning module PlacementMode (194)
[2017.02.23-17.23.36:868][589]LogModuleManager: Shutting down and abandoning module LevelSequenceEditor (193)
[2017.02.23-17.23.36:868][589]LogModuleManager: Shutting down and abandoning module CharacterAI (192)
[2017.02.23-17.23.36:868][589]LogModuleManager: Shutting down and abandoning module SmartSnapping (191)
[2017.02.23-17.23.36:868][589]LogModuleManager: Shutting down and abandoning module SessionServices (190)
[2017.02.23-17.23.36:868][589]LogModuleManager: Shutting down and abandoning module ViewportSnapping (189)
[2017.02.23-17.23.36:868][589]LogModuleManager: Shutting down and abandoning module LogVisualizer (188)
[2017.02.23-17.23.36:868][589]LogModuleManager: Shutting down and abandoning module GameProjectGeneration (187)
[2017.02.23-17.23.36:868][589]LogModuleManager: Shutting down and abandoning module IntroTutorials (186)
[2017.02.23-17.23.36:868][589]LogModuleManager: Shutting down and abandoning module EditorLiveStreaming (185)
[2017.02.23-17.23.36:868][589]LogModuleManager: Shutting down and abandoning module IOSPlatformEditor (184)
[2017.02.23-17.23.36:868][589]LogModuleManager: Shutting down and abandoning module HTML5PlatformEditor (183)
[2017.02.23-17.23.36:868][589]LogModuleManager: Shutting down and abandoning module AndroidDeviceDetection (182)
[2017.02.23-17.23.37:363][589]LogModuleManager: Shutting down and abandoning module AndroidPlatformEditor (181)
[2017.02.23-17.23.37:363][589]LogModuleManager: Shutting down and abandoning module IOSRuntimeSettings (180)
[2017.02.23-17.23.37:363][589]LogModuleManager: Shutting down and abandoning module AndroidRuntimeSettings (179)
[2017.02.23-17.23.37:363][589]LogModuleManager: Shutting down and abandoning module MergeActors (178)
[2017.02.23-17.23.37:363][589]LogModuleManager: Shutting down and abandoning module SizeMap (177)
[2017.02.23-17.23.37:363][589]LogModuleManager: Shutting down and abandoning module TreeMap (176)
[2017.02.23-17.23.37:363][589]LogModuleManager: Shutting down and abandoning module ReferenceViewer (175)
[2017.02.23-17.23.37:363][589]LogModuleManager: Shutting down and abandoning module LocalizationService (174)
[2017.02.23-17.23.37:363][589]LogModuleManager: Shutting down and abandoning module LocalizationDashboard (173)
[2017.02.23-17.23.37:363][589]LogModuleManager: Shutting down and abandoning module HardwareTargeting (172)
[2017.02.23-17.23.37:363][589]LogModuleManager: Shutting down and abandoning module DeviceProfileEditor (171)
[2017.02.23-17.23.37:363][589]LogModuleManager: Shutting down and abandoning module UndoHistory (170)
[2017.02.23-17.23.37:363][589]LogModuleManager: Shutting down and abandoning module UserFeedback (169)
[2017.02.23-17.23.37:363][589]LogModuleManager: Shutting down and abandoning module XmlParser (168)
[2017.02.23-17.23.37:363][589]LogModuleManager: Shutting down and abandoning module Blutility (167)
[2017.02.23-17.23.37:363][589]LogModuleManager: Shutting down and abandoning module ProjectTargetPlatformEditor (166)
[2017.02.23-17.23.37:364][589]LogModuleManager: Shutting down and abandoning module ProjectSettingsViewer (165)
[2017.02.23-17.23.37:364][589]LogModuleManager: Shutting down and abandoning module InputBindingEditor (164)
[2017.02.23-17.23.37:364][589]LogModuleManager: Shutting down and abandoning module EditorSettingsViewer (163)
[2017.02.23-17.23.37:364][589]LogModuleManager: Shutting down and abandoning module SettingsEditor (162)
[2017.02.23-17.23.37:364][589]LogModuleManager: Shutting down and abandoning module ProjectLauncher (161)
[2017.02.23-17.23.37:364][589]LogModuleManager: Shutting down and abandoning module SessionFrontend (160)
[2017.02.23-17.23.37:364][589]LogModuleManager: Shutting down and abandoning module ProfilerClient (159)
[2017.02.23-17.23.37:364][589]LogModuleManager: Shutting down and abandoning module TargetDeviceServices (158)
[2017.02.23-17.23.37:364][589]LogModuleManager: Shutting down and abandoning module DeviceManager (157)
[2017.02.23-17.23.37:417][589]LogModuleManager: Shutting down and abandoning module AutomationController (156)
[2017.02.23-17.23.37:417][589]LogModuleManager: Shutting down and abandoning module AutomationWindow (155)
[2017.02.23-17.23.37:417][589]LogModuleManager: Shutting down and abandoning module Layers (154)
[2017.02.23-17.23.37:417][589]LogModuleManager: Shutting down and abandoning module ComponentVisualizers (153)
[2017.02.23-17.23.37:417][589]LogModuleManager: Shutting down and abandoning module DetailCustomizations (152)
[2017.02.23-17.23.37:417][589]LogModuleManager: Shutting down and abandoning module PackagesDialog (151)
[2017.02.23-17.23.37:417][589]LogModuleManager: Shutting down and abandoning module Persona (150)
[2017.02.23-17.23.37:417][589]LogModuleManager: Shutting down and abandoning module Kismet (149)
[2017.02.23-17.23.37:418][589]LogModuleManager: Shutting down and abandoning module GraphEditor (148)
[2017.02.23-17.23.37:418][589]LogModuleManager: Shutting down and abandoning module ClassViewer (147)
[2017.02.23-17.23.37:418][589]LogModuleManager: Shutting down and abandoning module Toolbox (146)
[2017.02.23-17.23.37:418][589]LogModuleManager: Shutting down and abandoning module ModuleUI (145)
[2017.02.23-17.23.37:418][589]LogModuleManager: Shutting down and abandoning module MovieSceneTools (144)
[2017.02.23-17.23.37:418][589]LogModuleManager: Shutting down and abandoning module OutputLog (143)
[2017.02.23-17.23.37:418][589]LogModuleManager: Shutting down and abandoning module GammaUI (142)
[2017.02.23-17.23.37:418][589]LogModuleManager: Shutting down and abandoning module Documentation (141)
[2017.02.23-17.23.37:418][589]LogModuleManager: Shutting down and abandoning module StreamingPauseRendering (140)
[2017.02.23-17.23.37:418][589]LogModuleManager: Shutting down and abandoning module AnalyticsET (139)
[2017.02.23-17.23.37:418][589]LogModuleManager: Shutting down and abandoning module Analytics (138)
[2017.02.23-17.23.37:418][589]LogModuleManager: Shutting down and abandoning module PortalServices (137)
[2017.02.23-17.23.37:418][589]LogModuleManager: Shutting down and abandoning module PortalRpc (136)
[2017.02.23-17.23.37:418][589]LogModuleManager: Shutting down and abandoning module MessagingRpc (135)
[2017.02.23-17.23.37:418][589]LogModuleManager: Shutting down and abandoning module GameplayDebugger (134)
[2017.02.23-17.23.37:418][589]LogModuleManager: Shutting down and abandoning module AITestSuite (133)
[2017.02.23-17.23.37:418][589]LogModuleManager: Shutting down and abandoning module AIModule (132)
[2017.02.23-17.23.37:418][589]LogModuleManager: Shutting down and abandoning module ProfilerService (131)
[2017.02.23-17.23.37:506][589]LogModuleManager: Shutting down and abandoning module TaskGraph (130)
[2017.02.23-17.23.37:506][589]LogModuleManager: Shutting down and abandoning module SubstanceEditor (129)
[2017.02.23-17.23.37:506][589]LogModuleManager: Shutting down and abandoning module SlateRemote (128)
[2017.02.23-17.23.37:506][589]LogModuleManager: Shutting down and abandoning module SteamVRController (127)
[2017.02.23-17.23.37:506][589]LogModuleManager: Shutting down and abandoning module SteamVR (126)
[2017.02.23-17.23.37:506][589]LogModuleManager: Shutting down and abandoning module ProceduralMeshComponent (125)
[2017.02.23-17.23.37:506][589]LogModuleManager: Shutting down and abandoning module OculusLibrary (124)
[2017.02.23-17.23.37:506][589]LogModuleManager: Shutting down and abandoning module OculusInput (123)
[2017.02.23-17.23.37:506][589]LogModuleManager: Shutting down and abandoning module CustomMeshComponent (122)
[2017.02.23-17.23.37:506][589]LogModuleManager: Shutting down and abandoning module CableComponent (121)
[2017.02.23-17.23.37:506][589]LogModuleManager: Shutting down and abandoning module ArchVisCharacter (120)
[2017.02.23-17.23.37:506][589]LogModuleManager: Shutting down and abandoning module MediaPlayerEditor (119)
[2017.02.23-17.23.37:506][589]LogModuleManager: Shutting down and abandoning module HTML5Networking (118)
[2017.02.23-17.23.37:506][589]LogModuleManager: Shutting down and abandoning module SuperSearch (117)
[2017.02.23-17.23.37:506][589]LogModuleManager: Shutting down and abandoning module SuperSearchEditor (116)
[2017.02.23-17.23.37:506][589]LogModuleManager: Shutting down and abandoning module SpeedTreeImporter (115)
[2017.02.23-17.23.37:506][589]LogModuleManager: Shutting down and abandoning module PluginBrowser (114)
[2017.02.23-17.23.37:506][589]LogModuleManager: Shutting down and abandoning module EpicSurvey (113)
[2017.02.23-17.23.37:506][589]LogModuleManager: Shutting down and abandoning module DesktopPlatform (112)
[2017.02.23-17.23.37:506][589]LogModuleManager: Shutting down and abandoning module VisualStudioSourceCodeAccess (111)
[2017.02.23-17.23.37:506][589]LogModuleManager: Shutting down and abandoning module UObjectPlugin (110)
[2017.02.23-17.23.37:506][589]LogModuleManager: Shutting down and abandoning module SubversionSourceControl (109)
[2017.02.23-17.23.37:506][589]LogModuleManager: Shutting down and abandoning module PerforceSourceControl (108)
[2017.02.23-17.23.37:506][589]LogModuleManager: Shutting down and abandoning module SourceControl (107)
[2017.02.23-17.23.37:506][589]LogModuleManager: Shutting down and abandoning module GitSourceControl (106)
[2017.02.23-17.23.37:506][589]LogModuleManager: Shutting down and abandoning module LightPropagationVolumeEditor (105)
[2017.02.23-17.23.37:506][589]LogModuleManager: Shutting down and abandoning module PaperTiledImporter (104)
[2017.02.23-17.23.37:506][589]LogModuleManager: Shutting down and abandoning module PaperSpriteSheetImporter (103)
[2017.02.23-17.23.37:506][589]LogModuleManager: Shutting down and abandoning module MeshPaint (102)
[2017.02.23-17.23.37:506][589]LogModuleManager: Shutting down and abandoning module PixelInspectorModule (101)
[2017.02.23-17.23.37:506][589]LogModuleManager: Shutting down and abandoning module HotReload (100)
[2017.02.23-17.23.37:507][589]LogModuleManager: Shutting down and abandoning module MainFrame (99)
[2017.02.23-17.23.37:507][589]LogModuleManager: Shutting down and abandoning module LevelEditor (98)
[2017.02.23-17.23.37:507][589]LogModuleManager: Shutting down and abandoning module ContentBrowser (97)
[2017.02.23-17.23.37:508][589]LogModuleManager: Shutting down and abandoning module Paper2DEditor (96)
[2017.02.23-17.23.37:508][589]LogModuleManager: Shutting down and abandoning module UdpMessaging (95)
[2017.02.23-17.23.37:609][589]LogModuleManager: Shutting down and abandoning module SubstanceCore (94)
[2017.02.23-17.23.37:609][589]LogModuleManager: Shutting down and abandoning module LightPropagationVolumeRuntime (93)
[2017.02.23-17.23.37:609][589]LogModuleManager: Shutting down and abandoning module Paper2D (92)
[2017.02.23-17.23.37:609][589]LogModuleManager: Shutting down and abandoning module WindowsMoviePlayer (91)
[2017.02.23-17.23.37:609][589]LogModuleManager: Shutting down and abandoning module Media (90)
[2017.02.23-17.23.37:609][589]LogModuleManager: Shutting down and abandoning module WmfMedia (89)
[2017.02.23-17.23.37:609][589]LogModuleManager: Shutting down and abandoning module MediaAssets (88)
[2017.02.23-17.23.37:609][589]LogModuleManager: Shutting down and abandoning module GameLiveStreaming (87)
[2017.02.23-17.23.37:609][589]LogModuleManager: Shutting down and abandoning module GameplayTagsEditor (86)
[2017.02.23-17.23.37:609][589]LogModuleManager: Shutting down and abandoning module OnlineBlueprintSupport (85)
[2017.02.23-17.23.37:609][589]LogModuleManager: Shutting down and abandoning module VREditor (84)
[2017.02.23-17.23.37:609][589]LogModuleManager: Shutting down and abandoning module GameplayTasksEditor (83)
[2017.02.23-17.23.37:609][589]LogModuleManager: Shutting down and abandoning module PropertyEditor (82)
[2017.02.23-17.23.37:609][589]LogModuleManager: Shutting down and abandoning module BehaviorTreeEditor (81)
[2017.02.23-17.23.37:609][589]LogModuleManager: Shutting down and abandoning module FunctionalTesting (80)
[2017.02.23-17.23.37:609][589]LogModuleManager: Shutting down and abandoning module CollisionAnalyzer (79)
[2017.02.23-17.23.37:609][589]LogModuleManager: Shutting down and abandoning module Sequencer (78)
[2017.02.23-17.23.37:609][589]LogModuleManager: Shutting down and abandoning module WorkspaceMenuStructure (77)
[2017.02.23-17.23.37:609][589]LogModuleManager: Shutting down and abandoning module MessageLog (76)
[2017.02.23-17.23.37:609][589]LogModuleManager: Shutting down and abandoning module AssetTools (75)
[2017.02.23-17.23.37:609][589]LogModuleManager: Shutting down and abandoning module UMGEditor (74)
[2017.02.23-17.23.37:609][589]LogModuleManager: Shutting down and abandoning module UMG (73)
[2017.02.23-17.23.37:609][589]LogModuleManager: Shutting down and abandoning module SlateReflector (72)
[2017.02.23-17.23.37:610][589]LogModuleManager: Shutting down and abandoning module Slate (71)
[2017.02.23-17.23.37:610][589]LogModuleManager: Shutting down and abandoning module EditorStyle (70)
[2017.02.23-17.23.37:613][589]LogModuleManager: Shutting down and abandoning module SourceCodeAccess (69)
[2017.02.23-17.23.37:613][589]LogModuleManager: Shutting down and abandoning module HeadMountedDisplay (68)
[2017.02.23-17.23.37:613][589]LogModuleManager: Shutting down and abandoning module XAudio2 (67)
[2017.02.23-17.23.37:613][589]LogModuleManager: Shutting down and abandoning module Networking (65)
[2017.02.23-17.23.37:613][589]LogModuleManager: Shutting down and abandoning module Core (64)
[2017.02.23-17.23.37:613][589]LogModuleManager: Shutting down and abandoning module DirectoryWatcher (63)
[2017.02.23-17.23.37:614][589]LogModuleManager: Shutting down and abandoning module AssetRegistry (62)
[2017.02.23-17.23.37:729][589]LogModuleManager: Shutting down and abandoning module KismetCompiler (61)
[2017.02.23-17.23.37:729][589]LogModuleManager: Shutting down and abandoning module PhysXFormats (60)
[2017.02.23-17.23.37:729][589]LogModuleManager: Shutting down and abandoning module MeshUtilities (59)
[2017.02.23-17.23.37:729][589]LogModuleManager: Shutting down and abandoning module DerivedDataCache (58)
[2017.02.23-17.23.38:034][589]LogDerivedDataCache: Shutdown
[2017.02.23-17.23.38:034][589]LogModuleManager: Shutting down and abandoning module VulkanShaderFormat (57)
[2017.02.23-17.23.38:034][589]LogModuleManager: Shutting down and abandoning module ShaderFormatOpenGL (56)
[2017.02.23-17.23.38:034][589]LogModuleManager: Shutting down and abandoning module ShaderFormatD3D (55)
[2017.02.23-17.23.38:034][589]LogModuleManager: Shutting down and abandoning module MetalShaderFormat (54)
[2017.02.23-17.23.38:034][589]LogModuleManager: Shutting down and abandoning module TextureFormatUncompressed (53)
[2017.02.23-17.23.38:034][589]LogModuleManager: Shutting down and abandoning module TextureFormatPVR (52)
[2017.02.23-17.23.38:034][589]LogModuleManager: Shutting down and abandoning module TextureFormatIntelISPCTexComp (51)
[2017.02.23-17.23.38:034][589]LogModuleManager: Shutting down and abandoning module TextureFormatDXT (50)
[2017.02.23-17.23.38:034][589]LogModuleManager: Shutting down and abandoning module ImageWrapper (49)
[2017.02.23-17.23.38:034][589]LogModuleManager: Shutting down and abandoning module TextureFormatASTC (48)
[2017.02.23-17.23.38:034][589]LogModuleManager: Shutting down and abandoning module TextureFormatAndroid (47)
[2017.02.23-17.23.38:034][589]LogModuleManager: Shutting down and abandoning module AudioFormatOpus (46)
[2017.02.23-17.23.38:034][589]LogModuleManager: Shutting down and abandoning module AudioFormatOgg (45)
[2017.02.23-17.23.38:034][589]LogModuleManager: Shutting down and abandoning module AudioFormatADPCM (44)
[2017.02.23-17.23.38:034][589]LogModuleManager: Shutting down and abandoning module LinuxTargetPlatform (43)
[2017.02.23-17.23.38:034][589]LogModuleManager: Shutting down and abandoning module LinuxServerTargetPlatform (42)
[2017.02.23-17.23.38:034][589]LogModuleManager: Shutting down and abandoning module LinuxNoEditorTargetPlatform (41)
[2017.02.23-17.23.38:034][589]LogModuleManager: Shutting down and abandoning module TVOSTargetPlatform (40)
[2017.02.23-17.23.38:034][589]LogModuleManager: Shutting down and abandoning module Messaging (39)
[2017.02.23-17.23.38:034][589]LogModuleManager: Shutting down and abandoning module IOSTargetPlatform (38)
[2017.02.23-17.23.38:034][589]LogModuleManager: Shutting down and abandoning module HTML5TargetPlatform (37)
[2017.02.23-17.23.38:034][589]LogModuleManager: Shutting down and abandoning module Android_PVRTCTargetPlatform (36)
[2017.02.23-17.23.38:034][589]LogModuleManager: Shutting down and abandoning module Android_MultiTargetPlatform (35)
[2017.02.23-17.23.38:034][589]LogModuleManager: Shutting down and abandoning module Android_ETC2TargetPlatform (34)
[2017.02.23-17.23.38:034][589]LogModuleManager: Shutting down and abandoning module Android_ETC1TargetPlatform (33)
[2017.02.23-17.23.38:034][589]LogModuleManager: Shutting down and abandoning module Android_DXTTargetPlatform (32)
[2017.02.23-17.23.38:034][589]LogModuleManager: Shutting down and abandoning module Android_ATCTargetPlatform (31)
[2017.02.23-17.23.38:034][589]LogModuleManager: Shutting down and abandoning module Android_ASTCTargetPlatform (30)
[2017.02.23-17.23.38:034][589]LogModuleManager: Shutting down and abandoning module AndroidTargetPlatform (29)
[2017.02.23-17.23.38:034][589]LogModuleManager: Shutting down and abandoning module WindowsTargetPlatform (28)
[2017.02.23-17.23.38:034][589]LogModuleManager: Shutting down and abandoning module WindowsServerTargetPlatform (27)
[2017.02.23-17.23.38:034][589]LogModuleManager: Shutting down and abandoning module WindowsNoEditorTargetPlatform (26)
[2017.02.23-17.23.38:034][589]LogModuleManager: Shutting down and abandoning module WindowsClientTargetPlatform (25)
[2017.02.23-17.23.38:034][589]LogModuleManager: Shutting down and abandoning module AllDesktopTargetPlatform (24)
[2017.02.23-17.23.38:034][589]LogModuleManager: Shutting down and abandoning module TargetPlatform (23)
[2017.02.23-17.23.38:035][589]LogModuleManager: Shutting down and abandoning module InputCore (22)
[2017.02.23-17.23.38:035][589]LogModuleManager: Shutting down and abandoning module Settings (21)
[2017.02.23-17.23.38:035][589]LogModuleManager: Shutting down and abandoning module OnlineSubsystem (19)
[2017.02.23-17.23.38:035][589]LogModuleManager: Shutting down and abandoning module HTTP (18)
[2017.02.23-17.23.39:536][589]LogModuleManager: Shutting down and abandoning module XMPP (17)
[2017.02.23-17.23.39:536][589]LogModuleManager: Shutting down and abandoning module OculusRift (16)
[2017.02.23-17.23.39:536][589]LogModuleManager: Shutting down and abandoning module ExampleDeviceProfileSelector (15)
[2017.02.23-17.23.39:536][589]LogModuleManager: Shutting down and abandoning module TextureCompressor (14)
[2017.02.23-17.23.39:536][589]LogModuleManager: Shutting down and abandoning module ShaderCore (13)
[2017.02.23-17.23.39:536][589]LogModuleManager: Shutting down and abandoning module Landscape (12)
[2017.02.23-17.23.39:536][589]LogModuleManager: Shutting down and abandoning module SlateRHIRenderer (11)
[2017.02.23-17.23.39:539][589]LogModuleManager: Shutting down and abandoning module OpenGLDrv (10)
[2017.02.23-17.23.39:539][589]LogModuleManager: Shutting down and abandoning module D3D11RHI (9)
[2017.02.23-17.23.39:539][589]LogModuleManager: Shutting down and abandoning module AnimGraphRuntime (8)
[2017.02.23-17.23.39:539][589]LogModuleManager: Shutting down and abandoning module Renderer (7)
[2017.02.23-17.23.39:539][589]LogModuleManager: Shutting down and abandoning module Engine (6)
[2017.02.23-17.23.39:539][589]LogModuleManager: Shutting down and abandoning module CoreUObject (5)
[2017.02.23-17.23.39:539][589]LogModuleManager: Shutting down and abandoning module NetworkFile (4)
[2017.02.23-17.23.39:539][589]LogModuleManager: Shutting down and abandoning module StreamingFile (3)
[2017.02.23-17.23.39:539][589]LogModuleManager: Shutting down and abandoning module SandboxFile (2)
[2017.02.23-17.23.39:539][589]LogModuleManager: Shutting down and abandoning module PakFile (1)
[2017.02.23-17.23.39:541][589]LogExit: Exiting.
[2017.02.23-17.23.39:574][589]Log file closed, 02/23/17 12:23:39
