Log file open, 02/18/17 12:34:03
LogInit:Display: Running engine for game: SoulStriker
LogPlatformFile: Not using cached read wrapper
LogInit:Display: RandInit(180418228) SRandInit(180418229).
LogTaskGraph: Started task graph with 4 named threads and 7 total threads with 1 sets of task threads.
LogStats: Stats thread started at 0.086857
LogInit: Version: 4.12.5-3039270+++UE4+Release-4.12
LogInit: API Version: 2992821
LogInit: Net Version: 3039270
LogDevObjectVersion: Number of dev versions registered: 13
LogDevObjectVersion:   Dev-Blueprints (B0D832E4-1F89-4F0D-ACCF-7EB736FD4AA2): 3
LogDevObjectVersion:   Dev-Build (E1C64328-A22C-4D53-A36C-8E866417BD8C): 0
LogDevObjectVersion:   Dev-Core (375EC13C-06E4-48FB-B500-84F0262A717E): 1
LogDevObjectVersion:   Dev-Editor (E4B068ED-F494-42E9-A231-DA0B2E46BB41): 2
LogDevObjectVersion:   Dev-Framework (CFFC743F-43B0-4480-9391-14DF171D2073): 6
LogDevObjectVersion:   Dev-Mobile (B02B49B5-BB20-44E9-A304-32B752E40360): 0
LogDevObjectVersion:   Dev-Networking (A4E4105C-59A1-49B5-A7C5-40C4547EDFEE): 0
LogDevObjectVersion:   Dev-Online (39C831C9-5AE6-47DC-9A44-9C173E1C8E7C): 0
LogDevObjectVersion:   Dev-Physics (78F01B33-EBEA-4F98-B9B4-84EACCB95AA2): 0
LogDevObjectVersion:   Dev-Platform (6631380F-2D4D-43E0-8009-CF276956A95A): 0
LogDevObjectVersion:   Dev-Rendering (12F88B9F-8875-4AFC-A67C-D90C383ABD29): 2
LogDevObjectVersion:   Dev-Sequencer (7B5AE74C-D270-4C10-A958-57980B212A5A): 0
LogDevObjectVersion:   Dev-VR (D7296918-1DD6-4BDD-9DE2-64A83CC13884): 0
LogInit: Compiled (64-bit): Jul  6 2016 09:09:46
LogInit: Compiled with Visual C++: 19.00.23026.00
LogInit: Build Configuration: Development
LogInit: Branch Name: ++UE4+Release-4.12
LogInit: Command line: -EpicPortal 
LogInit: Base directory: G:/Program Files (x86)/Epic Games/4.12/Engine/Binaries/Win64/
LogInit: Installed Engine Build: 1
LogInit: Using libcurl 7.41.0
LogInit:  - built for x86_64-pc-win32
LogInit:  - supports SSL with WinSSL
LogInit:  - other features:
LogInit:      CURL_VERSION_SSL
LogInit:      CURL_VERSION_IPV6
LogInit:      CURL_VERSION_ASYNCHDNS
LogInit:      CURL_VERSION_LARGEFILE
LogInit:      CURL_VERSION_IDN
LogInit:  CurlRequestOptions (configurable via config and command line):
LogInit:  - bVerifyPeer = true  - Libcurl will verify peer certificate
LogInit:  - bUseHttpProxy = false  - Libcurl will NOT use HTTP proxy
LogInit:  - bDontReuseConnections = false  - Libcurl will reuse connections
LogInit:  - CertBundlePath = nullptr  - Libcurl will use whatever was configured at build time.
LogInit: Presizing for max 8388607 objects, including 0 objects not considered by GC, pre-allocating 0 bytes for permanent pool.
LogInit: Object subsystem initialized
[2017.02.18-17.34.04:002][  0]LogInit: Selected Device Profile: [Windows]
[2017.02.18-17.34.04:002][  0]LogInit: Applying CVar settings loaded from the selected device profile: [Windows]
[2017.02.18-17.34.04:009][  0]LogInit: Computer: DEREK-DESKTOP
[2017.02.18-17.34.04:009][  0]LogInit: User: Derek
[2017.02.18-17.34.04:009][  0]LogInit: CPU Page size=65536, Cores=4
[2017.02.18-17.34.04:009][  0]LogInit: High frequency timer resolution =3.415987 MHz
[2017.02.18-17.34.04:009][  0]LogMemory: Memory total: Physical=15.9GB (16GB approx)
[2017.02.18-17.34.04:009][  0]LogMemory: Platform Memory Stats for Windows
[2017.02.18-17.34.04:009][  0]LogMemory: Process Physical Memory: 192.77 MB used, 192.77 MB peak
[2017.02.18-17.34.04:009][  0]LogMemory: Process Virtual Memory: 195.14 MB used, 195.14 MB peak
[2017.02.18-17.34.04:009][  0]LogMemory: Physical Memory: 7886.04 MB used, 16321.41 MB total
[2017.02.18-17.34.04:009][  0]LogMemory: Virtual Memory: 552.70 MB used, 134217728.00 MB total
[2017.02.18-17.34.04:071][  0]LogTextLocalizationManager: No specific translations for ('en-US') exist, so ('en') translations will be used.
[2017.02.18-17.34.04:448][  0]LogD3D11RHI: D3D11 adapters:
[2017.02.18-17.34.04:474][  0]LogD3D11RHI:    0. 'NVIDIA GeForce GTX 750 Ti' (Feature Level 11_0)
[2017.02.18-17.34.04:474][  0]LogD3D11RHI:       2016/0/8160 MB DedicatedVideo/DedicatedSystem/SharedSystem, Outputs:3, VendorId:0x10de
[2017.02.18-17.34.04:477][  0]LogD3D11RHI:    1. 'Microsoft Basic Render Driver' (Feature Level 11_0)
[2017.02.18-17.34.04:477][  0]LogD3D11RHI:       0/0/8160 MB DedicatedVideo/DedicatedSystem/SharedSystem, Outputs:0, VendorId:0x1414
[2017.02.18-17.34.04:477][  0]LogD3D11RHI: Chosen D3D11 Adapter: 0
[2017.02.18-17.34.04:498][  0]LogD3D11RHI: Creating new Direct3DDevice
[2017.02.18-17.34.04:498][  0]LogD3D11RHI:     GPU DeviceId: 0x1380 (for the marketing name, search the web for "GPU Device Id")
[2017.02.18-17.34.04:498][  0]LogWindows: EnumDisplayDevices:
[2017.02.18-17.34.04:498][  0]LogWindows:    0. 'NVIDIA GeForce GTX 750 Ti' (P:1 D:1)
[2017.02.18-17.34.04:498][  0]LogWindows:    1. 'NVIDIA GeForce GTX 750 Ti' (P:0 D:1)
[2017.02.18-17.34.04:499][  0]LogWindows:    2. 'NVIDIA GeForce GTX 750 Ti' (P:0 D:1)
[2017.02.18-17.34.04:499][  0]LogWindows:    3. 'Radmin Mirror Driver V3' (P:0 D:0)
[2017.02.18-17.34.04:499][  0]LogWindows: DebugString: GetVideoDriverDetailsInvalid PrimaryIsNotTheChoosenAdapter FoundDriverCount:3 
[2017.02.18-17.34.04:499][  0]LogD3D11RHI:     Adapter Name: NVIDIA GeForce GTX 750 Ti
[2017.02.18-17.34.04:499][  0]LogD3D11RHI:   Driver Version: 376.53 (internal:21.21.13.7653, unified:376.53)
[2017.02.18-17.34.04:499][  0]LogD3D11RHI:      Driver Date: 12-29-2016
[2017.02.18-17.34.04:499][  0]LogRHI: Texture pool is 1361 MB (70% of 1945 MB)
[2017.02.18-17.34.04:510][  0]LogD3D11RHI: Async texture creation enabled
[2017.02.18-17.34.04:521][  0]LogD3D11RHI: GPU Timing Frequency: 1000.000000 (Debug: 2 1)
[2017.02.18-17.34.04:521][  0]LogShaderCompilers: Guid format shader working directory is -15 characters bigger than the processId version (C:/Users/Derek/Documents/Unreal Projects/Soul Striker V0.4.0/Intermediate/Shaders/WorkingDirectory/37488/).
[2017.02.18-17.34.04:521][  0]LogShaderCompilers: Cleaned the shader compiler working directory 'C:/Users/Derek/AppData/Local/Temp/UnrealShaderWorkingDir/8B110933421FEC45EC585F8F2030AD1E/'.
[2017.02.18-17.34.04:522][  0]LogShaderCompilers:Display: Using Local Shader Compiler.
[2017.02.18-17.34.05:582][  0]LogTemp:Display: Loaded TP AllDesktopTargetPlatform
[2017.02.18-17.34.05:591][  0]LogTemp:Display: Loaded TP WindowsClientTargetPlatform
[2017.02.18-17.34.05:599][  0]LogTemp:Display: Loaded TP WindowsNoEditorTargetPlatform
[2017.02.18-17.34.05:608][  0]LogTemp:Display: Loaded TP WindowsServerTargetPlatform
[2017.02.18-17.34.05:616][  0]LogTemp:Display: Loaded TP WindowsTargetPlatform
[2017.02.18-17.34.05:624][  0]LogTemp:Display: Loaded TP AndroidTargetPlatform
[2017.02.18-17.34.05:631][  0]LogTemp:Display: Loaded TP Android_ASTCTargetPlatform
[2017.02.18-17.34.05:639][  0]LogTemp:Display: Loaded TP Android_ATCTargetPlatform
[2017.02.18-17.34.05:646][  0]LogTemp:Display: Loaded TP Android_DXTTargetPlatform
[2017.02.18-17.34.05:652][  0]LogTemp:Display: Loaded TP Android_ETC1TargetPlatform
[2017.02.18-17.34.05:659][  0]LogTemp:Display: Loaded TP Android_ETC2TargetPlatform
[2017.02.18-17.34.05:675][  0]LogTemp:Display: Loaded TP Android_MultiTargetPlatform
[2017.02.18-17.34.05:675][  0]LogTemp:Display: Loaded TP Android_PVRTCTargetPlatform
[2017.02.18-17.34.05:676][  0]LogTemp:Display: Loaded TP HTML5TargetPlatform
[2017.02.18-17.34.05:698][  0]LogTemp:Display: Loaded TP IOSTargetPlatform
[2017.02.18-17.34.05:705][  0]LogTemp:Display: Loaded TP TVOSTargetPlatform
[2017.02.18-17.34.05:712][  0]LogTemp:Display: Loaded TP LinuxNoEditorTargetPlatform
[2017.02.18-17.34.05:719][  0]LogTemp:Display: Loaded TP LinuxServerTargetPlatform
[2017.02.18-17.34.05:727][  0]LogTemp:Display: Loaded TP LinuxTargetPlatform
[2017.02.18-17.34.05:727][  0]LogTargetPlatformManager:Display: Building Assets For Windows
[2017.02.18-17.34.05:799][  0]LogDerivedDataCache:Display: Max Cache Size: 512 MB
[2017.02.18-17.34.05:843][  0]LogDerivedDataCache: Loaded boot cache 0.04s 48MB C:/Users/Derek/AppData/Local/UnrealEngine/4.12/DerivedDataCache/Boot.ddc.
[2017.02.18-17.34.05:843][  0]LogDerivedDataCache:Display: Loaded Boot cache: C:/Users/Derek/AppData/Local/UnrealEngine/4.12/DerivedDataCache/Boot.ddc
[2017.02.18-17.34.05:843][  0]LogDerivedDataCache: FDerivedDataBackendGraph:  Pak pak cache file C:/Users/Derek/Documents/Unreal Projects/Soul Striker V0.4.0/DerivedDataCache/DDC.ddp not found, will not use a pak cache.
[2017.02.18-17.34.05:843][  0]LogDerivedDataCache: Unable to find inner node Pak for hierarchical cache Hierarchy.
[2017.02.18-17.34.05:843][  0]LogDerivedDataCache: FDerivedDataBackendGraph:  CompressedPak pak cache file C:/Users/Derek/Documents/Unreal Projects/Soul Striker V0.4.0/DerivedDataCache/Compressed.ddp not found, will not use a pak cache.
[2017.02.18-17.34.05:843][  0]LogDerivedDataCache: Unable to find inner node CompressedPak for hierarchical cache Hierarchy.
[2017.02.18-17.34.05:857][  0]LogDerivedDataCache:Display: Pak cache opened for reading ../../../Engine/DerivedDataCache/Compressed.ddp.
[2017.02.18-17.34.05:870][  0]LogDerivedDataCache: Using Local data cache path C:/Users/Derek/AppData/Local/UnrealEngine/Common/DerivedDataCache: Writable
[2017.02.18-17.34.06:021][  0]LogInit: Selected Device Profile: [Windows]
[2017.02.18-17.34.06:022][  0]LogContentStreaming: Texture pool size is 0.00 MB
[2017.02.18-17.34.06:194][  0]LogMeshUtilities: No automatic mesh reduction module available
[2017.02.18-17.34.06:194][  0]LogMeshUtilities: No automatic mesh merging module available
[2017.02.18-17.34.06:194][  0]LogMeshUtilities: No distributed automatic mesh merging module available
[2017.02.18-17.34.06:428][  0]LogAssetRegistry: FAssetRegistry took 0.0219 seconds to start up
[2017.02.18-17.34.06:450][  0]LogPackageLocalizationCache: Processed 3 localized package path(s) for 2 prioritized culture(s) in 0.019973 seconds
[2017.02.18-17.34.06:456][  0]LogUObjectArray: 28739 objects as part of root set at end of initial load.
[2017.02.18-17.34.06:456][  0]LogUObjectAllocator: 5855624 out of 0 bytes used by permanent object pool.
[2017.02.18-17.34.06:456][  0]LogUObjectArray: CloseDisregardForGC: 0/0 objects in disregard for GC pool
[2017.02.18-17.34.06:463][  0]LogInit: WinSock: version 1.1 (2.2), MaxSocks=32767, MaxUdp=65467
[2017.02.18-17.34.06:611][  0]LogSlate: SlateFontCache - WITH_FREETYPE: 1, WITH_HARFBUZZ: 1
[2017.02.18-17.34.06:611][  0]LogSlate: SlateFontCache - WITH_FREETYPE: 1, WITH_HARFBUZZ: 1
[2017.02.18-17.34.07:135][  0]LogSubstanceCoreModule: Substance CPU Engine Loaded, Max Texture Size 2048
[2017.02.18-17.34.07:142][  0]LogUdpMessaging: Initializing bridge on interface 0.0.0.0:0 to multicast group 230.0.0.1:6666.
[2017.02.18-17.34.07:329][  0]SourceControl: Info Source control is disabled
[2017.02.18-17.34.07:329][  0]SourceControl: Info Source control is disabled
[2017.02.18-17.34.07:336][  0]SourceControl: Info Source control is disabled
[2017.02.18-17.34.07:342][  0]SourceControl: Info Source control is disabled
[2017.02.18-17.34.07:511][  0]LogEngine: Initializing Engine...
[2017.02.18-17.34.07:518][  0]LogHMD: SteamVR failed to initialize.  Err: 108
[2017.02.18-17.34.07:524][  0]LogHMD: SteamVR failed to initialize.  Err: 108
[2017.02.18-17.34.07:642][  0]LogAIModule: Creating AISystem for world NewWorld
[2017.02.18-17.34.07:664][  0]LogInit: XAudio2 using 'Speakers (Turtle Beach PX21 Headset)' : 2 channels at 48 kHz using 16 bits per sample (channel mask 0x3)
[2017.02.18-17.34.07:678][  0]LogInit: FAudioDevice initialized.
[2017.02.18-17.34.07:700][  0]LogDerivedDataCache: Saved boot cache 0.02s 48MB C:/Users/Derek/AppData/Local/UnrealEngine/4.12/DerivedDataCache/Boot.ddc.
[2017.02.18-17.34.07:704][  0]LogInit: Texture streaming: Enabled
[2017.02.18-17.34.07:802][  0]LogInit: Transaction tracking system initialized
[2017.02.18-17.34.07:822][  0]BlueprintLog: New page: Editor Load
[2017.02.18-17.34.07:891][  0]LocalizationService: Info Localization service is disabled
[2017.02.18-17.34.07:946][  0]LogConsoleResponse:Display: 
[2017.02.18-17.34.08:087][  0]LogCook:Display: Max memory allowance for cook 8192mb
[2017.02.18-17.34.08:087][  0]LogCook:Display: Mobile HDR setting 1
[2017.02.18-17.34.08:164][  0]LogFileCache: Scanning file cache for directory 'C:/Users/Derek/Documents/Unreal Projects/Soul Striker V0.4.0/Content/' took 0.02s
[2017.02.18-17.34.08:164][  0]SourceControl: Info Source control is disabled
[2017.02.18-17.34.08:165][  0]Cmd: MAP LOAD FILE="C:/Users/Derek/Documents/Unreal Projects/Soul Striker V0.4.0/Content/ThirdPersonBP/Maps/ThirdPersonExampleMap.umap" TEMPLATE=0 SHOWPROGRESS=1 FEATURELEVEL=3
[2017.02.18-17.34.08:166][  0]LightingResults: New page: Lighting Build
[2017.02.18-17.34.08:168][  0]MapCheck: New page: Map Check
[2017.02.18-17.34.08:168][  0]LightingResults: New page: Lighting Build
[2017.02.18-17.34.10:481][  0]LogAIModule: Creating AISystem for world ThirdPersonExampleMap
[2017.02.18-17.34.10:758][  0]LogEditorServer: Finished looking for orphan Actors (0.000 secs)
[2017.02.18-17.34.10:776][  0]Cmd: MAP CHECKDEP NOCLEARLOG
[2017.02.18-17.34.10:812][  0]MapCheck: Info Map check complete: 0 Error(s), 0 Warning(s), took 36.475ms to complete.
[2017.02.18-17.34.10:813][  0]LogFileHelpers: Loading map 'ThirdPersonExampleMap' took 2.648
[2017.02.18-17.34.11:571][  0]LogCollectionManager: Loaded 0 collections in 0.001430 seconds
[2017.02.18-17.34.11:724][  0]LogFileCache: Scanning file cache for directory 'C:/Users/Derek/Documents/Unreal Projects/Soul Striker V0.4.0/Saved/Collections/' took 0.01s
[2017.02.18-17.34.11:724][  0]LogFileCache: Scanning file cache for directory 'C:/Users/Derek/Documents/Unreal Projects/Soul Striker V0.4.0/Content/Developers/Derek/Collections/' took 0.01s
[2017.02.18-17.34.11:724][  0]LogFileCache: Scanning file cache for directory 'C:/Users/Derek/Documents/Unreal Projects/Soul Striker V0.4.0/Content/Collections/' took 0.01s
[2017.02.18-17.34.11:724][  0]LogCollectionManager: Rebuilt the GUID cache for 0 collections in 0.000002 seconds
[2017.02.18-17.34.11:743][  0]LogContentBrowser: Native class hierarchy populated in 0.0165 seconds. Added 2062 classes and 375 folders.
[2017.02.18-17.34.11:799][  0]LogStats: UGameplayTagsManager::ConstructGameplayTagTree: Construct from data asset -  0.000 s
[2017.02.18-17.34.11:823][  0]LogStats: UGameplayTagsManager::ConstructGameplayTagTree: GameplayTagTreeChangedEvent.Broadcast -  0.024 s
[2017.02.18-17.34.11:832][  0]LogContentBrowser: Native class hierarchy updated for 'GameplayTags' in 0.0004 seconds. Added 12 classes and 0 folders.
[2017.02.18-17.34.11:864][  0]LogContentBrowser: Native class hierarchy updated for 'WidgetCarousel' in 0.0003 seconds. Added 0 classes and 0 folders.
[2017.02.18-17.34.12:726][  0]LogContentBrowser: Native class hierarchy updated for 'AddContentDialog' in 0.0004 seconds. Added 0 classes and 0 folders.
[2017.02.18-17.34.12:785][  0]LogContentBrowser: Native class hierarchy updated for 'SceneOutliner' in 0.0004 seconds. Added 1 classes and 2 folders.
[2017.02.18-17.34.13:155][  0]LogCrashTracker: Crashtracker disabled due to settings.
[2017.02.18-17.34.13:272][  0]LogUObjectGlobals:Warning: Failed to find object 'Class None.'
[2017.02.18-17.34.13:315][  0]LogContentBrowser: Native class hierarchy updated for 'HierarchicalLODOutliner' in 0.0004 seconds. Added 1 classes and 2 folders.
[2017.02.18-17.34.13:315][  0]LogLoad: Full Startup: 9.93 seconds (BP compile: 0.69 seconds)
[2017.02.18-17.34.13:315][  0]LogExternalProfiler: No external profilers were discovered.  External profiling features will not be available.
[2017.02.18-17.34.13:325][  0]LogWindowsTextInputMethodSystem:Display: IME system now deactivated.
[2017.02.18-17.34.13:325][  0]LogOcInput: OculusInput pre-init called
[2017.02.18-17.34.13:517][  0]LogContentStreaming: Texture pool size now 1000 MB
[2017.02.18-17.34.14:521][  0]LogRenderer: Reallocating scene render targets to support 1220x608 (Frame:2).
[2017.02.18-17.34.15:229][  1]LogFileCache: Retrieving MD5 hashes for directory 'C:/Users/Derek/Documents/Unreal Projects/Soul Striker V0.4.0/Content/' took 1.88s
[2017.02.18-17.34.15:455][  2]LogAssetRegistry: Asset discovery search completed in 9.0498 seconds
[2017.02.18-17.34.15:455][  2]LogCollectionManager: Rebuilt the object cache for 0 collections in 0.000000 seconds (found 0 objects)
[2017.02.18-17.34.15:455][  2]LogCollectionManager: Fixed up redirectors for 0 collections in 0.000043 seconds (updated 0 objects)
[2017.02.18-17.34.18:606][243]LogBlueprintUserMessages: Early PlayInEditor Detection: Level '/Game/ThirdPersonBP/Maps/ThirdPersonExampleMap.ThirdPersonExampleMap:PersistentLevel' has LevelScriptBlueprint '/Game/ThirdPersonBP/Maps/ThirdPersonExampleMap.ThirdPersonExampleMap:PersistentLevel.ThirdPersonExampleMap' with GeneratedClass '/Game/ThirdPersonBP/Maps/ThirdPersonExampleMap.ThirdPersonExampleMap_C' with ClassGeneratedBy '/Game/ThirdPersonBP/Maps/ThirdPersonExampleMap.ThirdPersonExampleMap:PersistentLevel.ThirdPersonExampleMap'
[2017.02.18-17.34.18:638][243]LogPlayLevel: PlayLevel: No blueprints needed recompiling
[2017.02.18-17.34.18:738][243]PIE: New page: PIE session: ThirdPersonExampleMap (Feb 18, 2017, 7:34:18 AM)
[2017.02.18-17.34.18:738][243]LogPlayLevel: Creating play world package: /Game/ThirdPersonBP/Maps/UEDPIE_0_ThirdPersonExampleMap
[2017.02.18-17.34.18:781][243]LogPlayLevel: PIE: StaticDuplicateObject took: (0.042315s)
[2017.02.18-17.34.18:781][243]LogAIModule: Creating AISystem for world ThirdPersonExampleMap
[2017.02.18-17.34.18:781][243]LogPlayLevel: PIE: World Init took: (0.000579s)
[2017.02.18-17.34.18:781][243]LogPlayLevel: PIE: Created PIE world by copying editor world from /Game/ThirdPersonBP/Maps/ThirdPersonExampleMap.ThirdPersonExampleMap to /Game/ThirdPersonBP/Maps/UEDPIE_0_ThirdPersonExampleMap.ThirdPersonExampleMap (0.043209s)
[2017.02.18-17.34.18:848][243]LogInit: XAudio2 using 'Speakers (Turtle Beach PX21 Headset)' : 2 channels at 48 kHz using 16 bits per sample (channel mask 0x3)
[2017.02.18-17.34.18:856][243]LogInit: FAudioDevice initialized.
[2017.02.18-17.34.19:052][243]LogWorld: Game class is 'ThirdPersonGameMode_C'
[2017.02.18-17.34.19:123][243]LogWorld: Bringing World /Game/ThirdPersonBP/Maps/UEDPIE_0_ThirdPersonExampleMap.ThirdPersonExampleMap up for play (max tick rate 0) at 2017.02.18-12.34.19
[2017.02.18-17.34.19:259][243]LogWorld: Bringing up level for play took: 0.155439
[2017.02.18-17.34.19:310][243]LogContentBrowser: Native class hierarchy updated for 'MovieSceneCapture' in 0.0004 seconds. Added 11 classes and 0 folders.
[2017.02.18-17.34.19:384][243]PIE: Info Play in editor start time for /Game/ThirdPersonBP/Maps/UEDPIE_0_ThirdPersonExampleMap 0.424
[2017.02.18-17.34.19:384][243]LogBlueprintUserMessages: Late PlayInEditor Detection: Level '/Game/ThirdPersonBP/Maps/ThirdPersonExampleMap.ThirdPersonExampleMap:PersistentLevel' has LevelScriptBlueprint '/Game/ThirdPersonBP/Maps/ThirdPersonExampleMap.ThirdPersonExampleMap:PersistentLevel.ThirdPersonExampleMap' with GeneratedClass '/Game/ThirdPersonBP/Maps/ThirdPersonExampleMap.ThirdPersonExampleMap_C' with ClassGeneratedBy '/Game/ThirdPersonBP/Maps/ThirdPersonExampleMap.ThirdPersonExampleMap:PersistentLevel.ThirdPersonExampleMap'
[2017.02.18-17.34.19:661][244]LogBlueprintUserMessages: [spiritOrbOG_188] 0.0
[2017.02.18-17.34.19:661][244]LogBlueprintUserMessages: [spiritOrbOG_188] 0.0
[2017.02.18-17.34.19:661][244]LogBlueprintUserMessages: [spiritOrbOG_188] 0.0
[2017.02.18-17.34.19:661][244]LogBlueprintUserMessages: [spiritOrbOG_188] 0.0
[2017.02.18-17.34.19:748][252]LogBlueprintUserMessages: [spiritOrbOG_188] 0.0
[2017.02.18-17.34.19:843][261]LogBlueprintUserMessages: [spiritOrbOG_188] 0.0
[2017.02.18-17.34.19:948][271]LogBlueprintUserMessages: [spiritOrbOG_188] 0.0
[2017.02.18-17.34.20:048][281]LogBlueprintUserMessages: [spiritOrbOG_188] 0.0
[2017.02.18-17.34.20:142][290]LogBlueprintUserMessages: [spiritOrbOG_188] 0.0
[2017.02.18-17.34.20:248][301]LogBlueprintUserMessages: [spiritOrbOG_188] 0.0
[2017.02.18-17.34.20:350][311]LogBlueprintUserMessages: [spiritOrbOG_188] 0.0
[2017.02.18-17.34.20:444][320]LogBlueprintUserMessages: [spiritOrbOG_188] 0.0
[2017.02.18-17.34.20:548][330]LogBlueprintUserMessages: [spiritOrbOG_188] 635.0
[2017.02.18-17.34.20:589][334]LogBlueprintUserMessages: [BTT_Attack_C_0] X=-2179.486 Y=38.450 Z=234.392
[2017.02.18-17.34.20:589][334]LogBlueprintUserMessages: [BTT_Attack_C_0] X=-1713.219 Y=-622.644 Z=228.408
[2017.02.18-17.34.20:589][334]LogBlueprintUserMessages: [BTT_Attack_C_0] 0
[2017.02.18-17.34.20:644][339]LogBlueprintUserMessages: [spiritOrbOG_188] 620.0
[2017.02.18-17.34.20:744][348]LogBlueprintUserMessages: [spiritOrbOG_188] 635.0
[2017.02.18-17.34.20:847][358]LogBlueprintUserMessages: [spiritOrbOG_188] 634.874695
[2017.02.18-17.34.20:943][367]LogBlueprintUserMessages: [spiritOrbOG_188] 619.874695
[2017.02.18-17.34.21:047][377]LogBlueprintUserMessages: [spiritOrbOG_188] 604.874695
[2017.02.18-17.34.21:142][386]LogBlueprintUserMessages: [spiritOrbOG_188] 589.874695
[2017.02.18-17.34.21:247][396]LogBlueprintUserMessages: [spiritOrbOG_188] 574.874695
[2017.02.18-17.34.21:257][397]LogBlueprintUserMessages: [corruptionCube2] 574.874695
[2017.02.18-17.34.21:269][398]LogBlueprintUserMessages: [spiritOrbOG_188] -574.874695
[2017.02.18-17.34.21:341][405]LogBlueprintUserMessages: [spiritOrbOG_188] -559.874695
[2017.02.18-17.34.21:444][415]LogBlueprintUserMessages: [spiritOrbOG_188] -544.874695
[2017.02.18-17.34.21:546][425]LogBlueprintUserMessages: [spiritOrbOG_188] -529.874695
[2017.02.18-17.34.21:650][435]LogBlueprintUserMessages: [spiritOrbOG_188] -514.874695
[2017.02.18-17.34.21:743][444]LogBlueprintUserMessages: [spiritOrbOG_188] -499.874695
[2017.02.18-17.34.21:850][454]LogBlueprintUserMessages: [spiritOrbOG_188] 632.147278
[2017.02.18-17.34.21:948][463]LogBlueprintUserMessages: [spiritOrbOG_188] 631.055969
[2017.02.18-17.34.22:045][472]LogBlueprintUserMessages: [spiritOrbOG_188] 616.055969
[2017.02.18-17.34.22:142][481]LogBlueprintUserMessages: [spiritOrbOG_188] 601.055969
[2017.02.18-17.34.22:238][490]LogBlueprintUserMessages: [corruptionCube6] 601.055969
[2017.02.18-17.34.22:248][491]LogBlueprintUserMessages: [spiritOrbOG_188] 601.055969
[2017.02.18-17.34.22:249][491]LogBlueprintUserMessages: [spiritOrbOG_188] 586.055969
[2017.02.18-17.34.22:346][500]LogBlueprintUserMessages: [spiritOrbOG_188] 571.055969
[2017.02.18-17.34.22:377][503]LogBlueprintUserMessages: [corruptionCube14] 571.055969
[2017.02.18-17.34.22:387][504]LogBlueprintUserMessages: [spiritOrbOG_188] -571.055969
[2017.02.18-17.34.22:443][509]LogBlueprintUserMessages: [spiritOrbOG_188] -556.055969
[2017.02.18-17.34.22:551][519]LogBlueprintUserMessages: [spiritOrbOG_188] -541.055969
[2017.02.18-17.34.22:648][528]LogBlueprintUserMessages: [spiritOrbOG_188] -526.055969
[2017.02.18-17.34.22:743][537]LogBlueprintUserMessages: [spiritOrbOG_188] -511.055969
[2017.02.18-17.34.22:849][547]LogBlueprintUserMessages: [spiritOrbOG_188] -496.055969
[2017.02.18-17.34.22:941][556]LogBlueprintUserMessages: [spiritOrbOG_188] -481.055969
[2017.02.18-17.34.23:045][566]LogBlueprintUserMessages: [spiritOrbOG_188] -466.055969
[2017.02.18-17.34.23:149][576]LogBlueprintUserMessages: [spiritOrbOG_188] -451.055969
[2017.02.18-17.34.23:243][585]LogBlueprintUserMessages: [spiritOrbOG_188] 635.0
[2017.02.18-17.34.23:344][595]LogBlueprintUserMessages: [spiritOrbOG_188] 635.0
[2017.02.18-17.34.23:448][605]LogBlueprintUserMessages: [spiritOrbOG_188] 620.0
[2017.02.18-17.34.23:550][615]LogBlueprintUserMessages: [spiritOrbOG_188] 605.0
[2017.02.18-17.34.23:644][624]LogBlueprintUserMessages: [spiritOrbOG_188] 590.0
[2017.02.18-17.34.23:749][634]LogBlueprintUserMessages: [spiritOrbOG_188] 575.0
[2017.02.18-17.34.23:844][643]LogBlueprintUserMessages: [spiritOrbOG_188] 560.0
[2017.02.18-17.34.23:947][653]LogBlueprintUserMessages: [spiritOrbOG_188] 545.0
[2017.02.18-17.34.23:969][655]LogBlueprintUserMessages: [corruptionCube18] 545.0
[2017.02.18-17.34.23:978][656]LogBlueprintUserMessages: [spiritOrbOG_188] 545.0
[2017.02.18-17.34.24:052][663]LogBlueprintUserMessages: [spiritOrbOG_188] 530.0
[2017.02.18-17.34.24:144][672]LogBlueprintUserMessages: [spiritOrbOG_188] 515.0
[2017.02.18-17.34.24:248][682]LogBlueprintUserMessages: [spiritOrbOG_188] 500.0
[2017.02.18-17.34.24:350][692]LogBlueprintUserMessages: [spiritOrbOG_188] 485.0
[2017.02.18-17.34.24:444][701]LogBlueprintUserMessages: [spiritOrbOG_188] 470.0
[2017.02.18-17.34.24:505][707]LogBlueprintUserMessages: [corruptionCube47] 470.0
[2017.02.18-17.34.24:515][708]LogBlueprintUserMessages: [spiritOrbOG_188] -470.0
[2017.02.18-17.34.24:546][711]LogBlueprintUserMessages: [spiritOrbOG_188] -455.0
[2017.02.18-17.34.24:648][721]LogBlueprintUserMessages: [spiritOrbOG_188] -440.0
[2017.02.18-17.34.24:742][730]LogBlueprintUserMessages: [spiritOrbOG_188] -425.0
[2017.02.18-17.34.24:844][740]LogBlueprintUserMessages: [spiritOrbOG_188] -410.0
[2017.02.18-17.34.24:948][750]LogBlueprintUserMessages: [spiritOrbOG_188] -395.0
[2017.02.18-17.34.25:042][759]LogBlueprintUserMessages: [spiritOrbOG_188] -380.0
[2017.02.18-17.34.25:146][769]LogBlueprintUserMessages: [spiritOrbOG_188] -365.0
[2017.02.18-17.34.25:249][779]LogBlueprintUserMessages: [spiritOrbOG_188] -350.0
[2017.02.18-17.34.25:343][788]LogBlueprintUserMessages: [spiritOrbOG_188] -335.0
[2017.02.18-17.34.25:445][798]LogBlueprintUserMessages: [spiritOrbOG_188] -320.0
[2017.02.18-17.34.25:548][808]LogBlueprintUserMessages: [spiritOrbOG_188] -305.0
[2017.02.18-17.34.25:641][817]LogBlueprintUserMessages: [spiritOrbOG_188] -290.0
[2017.02.18-17.34.25:745][827]LogBlueprintUserMessages: [spiritOrbOG_188] -275.0
[2017.02.18-17.34.25:849][837]LogBlueprintUserMessages: [spiritOrbOG_188] -260.0
[2017.02.18-17.34.25:944][846]LogBlueprintUserMessages: [spiritOrbOG_188] -245.0
[2017.02.18-17.34.26:050][856]LogBlueprintUserMessages: [spiritOrbOG_188] 635.0
[2017.02.18-17.34.26:148][865]LogBlueprintUserMessages: [spiritOrbOG_188] 620.0
[2017.02.18-17.34.26:245][874]LogBlueprintUserMessages: [spiritOrbOG_188] 605.0
[2017.02.18-17.34.26:266][876]LogBlueprintUserMessages: [BTT_Attack_C_0] X=-1760.807 Y=55.983 Z=234.392
[2017.02.18-17.34.26:266][876]LogBlueprintUserMessages: [BTT_Attack_C_0] X=-1640.248 Y=-137.669 Z=228.408
[2017.02.18-17.34.26:266][876]LogBlueprintUserMessages: [BTT_Attack_C_0] 0
[2017.02.18-17.34.26:343][883]LogBlueprintUserMessages: [spiritOrbOG_188] 590.0
[2017.02.18-17.34.26:448][893]LogBlueprintUserMessages: [spiritOrbOG_188] 575.0
[2017.02.18-17.34.26:549][902]LogBlueprintUserMessages: [spiritOrbOG_188] 560.0
[2017.02.18-17.34.26:646][911]LogBlueprintUserMessages: [spiritOrbOG_188] 545.0
[2017.02.18-17.34.26:743][920]LogBlueprintUserMessages: [spiritOrbOG_188] 530.0
[2017.02.18-17.34.26:848][930]LogBlueprintUserMessages: [spiritOrbOG_188] 515.0
[2017.02.18-17.34.26:943][939]LogBlueprintUserMessages: [spiritOrbOG_188] 500.0
[2017.02.18-17.34.27:037][948]LogBlueprintUserMessages: [corruptionCube49] 500.0
[2017.02.18-17.34.27:047][949]LogBlueprintUserMessages: [spiritOrbOG_188] -500.0
[2017.02.18-17.34.27:047][949]LogBlueprintUserMessages: [spiritOrbOG_188] -485.0
[2017.02.18-17.34.27:151][959]LogBlueprintUserMessages: [spiritOrbOG_188] -470.0
[2017.02.18-17.34.27:245][968]LogBlueprintUserMessages: [spiritOrbOG_188] -455.0
[2017.02.18-17.34.27:350][978]LogBlueprintUserMessages: [spiritOrbOG_188] -440.0
[2017.02.18-17.34.27:445][987]LogBlueprintUserMessages: [spiritOrbOG_188] -425.0
[2017.02.18-17.34.27:549][997]LogBlueprintUserMessages: [spiritOrbOG_188] -410.0
[2017.02.18-17.34.27:643][  6]LogBlueprintUserMessages: [spiritOrbOG_188] -395.0
[2017.02.18-17.34.27:748][ 16]LogBlueprintUserMessages: [spiritOrbOG_188] -380.0
[2017.02.18-17.34.27:841][ 25]LogBlueprintUserMessages: [spiritOrbOG_188] -365.0
[2017.02.18-17.34.27:945][ 35]LogBlueprintUserMessages: [spiritOrbOG_188] -350.0
[2017.02.18-17.34.28:050][ 45]LogBlueprintUserMessages: [spiritOrbOG_188] -335.0
[2017.02.18-17.34.28:146][ 54]LogBlueprintUserMessages: [spiritOrbOG_188] -320.0
[2017.02.18-17.34.28:243][ 63]LogBlueprintUserMessages: [spiritOrbOG_188] -305.0
[2017.02.18-17.34.28:350][ 73]LogBlueprintUserMessages: [spiritOrbOG_188] 635.0
[2017.02.18-17.34.28:416][ 79]LogBlueprintUserMessages: [BTT_Attack_C_0] X=-1746.974 Y=54.797 Z=234.392
[2017.02.18-17.34.28:416][ 79]LogBlueprintUserMessages: [BTT_Attack_C_0] X=-1640.248 Y=-137.669 Z=228.408
[2017.02.18-17.34.28:416][ 79]LogBlueprintUserMessages: [BTT_Attack_C_0] 0
[2017.02.18-17.34.28:448][ 82]LogBlueprintUserMessages: [spiritOrbOG_188] 635.0
[2017.02.18-17.34.28:545][ 91]LogBlueprintUserMessages: [spiritOrbOG_188] 620.0
[2017.02.18-17.34.28:642][100]LogBlueprintUserMessages: [spiritOrbOG_188] 605.0
[2017.02.18-17.34.28:751][110]LogBlueprintUserMessages: [spiritOrbOG_188] 590.0
[2017.02.18-17.34.28:850][119]LogBlueprintUserMessages: [spiritOrbOG_188] 575.0
[2017.02.18-17.34.28:946][128]LogBlueprintUserMessages: [spiritOrbOG_188] 560.0
[2017.02.18-17.34.28:989][132]LogBlueprintUserMessages: [corruptionCube48] 560.0
[2017.02.18-17.34.29:000][133]LogBlueprintUserMessages: [spiritOrbOG_188] 560.0
[2017.02.18-17.34.29:045][137]LogBlueprintUserMessages: [spiritOrbOG_188] 545.0
[2017.02.18-17.34.29:149][147]LogBlueprintUserMessages: [spiritOrbOG_188] 530.0
[2017.02.18-17.34.29:180][150]LogBlueprintUserMessages: [spiritOrbOG_188] 560.0
[2017.02.18-17.34.29:245][156]LogBlueprintUserMessages: [spiritOrbOG_188] 545.0
[2017.02.18-17.34.29:339][165]LogBlueprintUserMessages: [corruptionCube51] 545.0
[2017.02.18-17.34.29:350][166]LogBlueprintUserMessages: [spiritOrbOG_188] -545.0
[2017.02.18-17.34.29:350][166]LogBlueprintUserMessages: [spiritOrbOG_188] -530.0
[2017.02.18-17.34.29:446][175]LogBlueprintUserMessages: [spiritOrbOG_188] -515.0
[2017.02.18-17.34.29:542][184]LogBlueprintUserMessages: [spiritOrbOG_188] -500.0
[2017.02.18-17.34.29:648][194]LogBlueprintUserMessages: [spiritOrbOG_188] -485.0
[2017.02.18-17.34.29:743][203]LogBlueprintUserMessages: [spiritOrbOG_188] -470.0
[2017.02.18-17.34.29:848][213]LogBlueprintUserMessages: [spiritOrbOG_188] -455.0
[2017.02.18-17.34.29:943][222]LogBlueprintUserMessages: [spiritOrbOG_188] -440.0
[2017.02.18-17.34.30:048][232]LogBlueprintUserMessages: [spiritOrbOG_188] -425.0
[2017.02.18-17.34.30:149][242]LogBlueprintUserMessages: [spiritOrbOG_188] -410.0
[2017.02.18-17.34.30:241][251]LogBlueprintUserMessages: [spiritOrbOG_188] -395.0
[2017.02.18-17.34.30:343][261]LogBlueprintUserMessages: [spiritOrbOG_188] -380.0
[2017.02.18-17.34.30:444][271]LogBlueprintUserMessages: [spiritOrbOG_188] -365.0
[2017.02.18-17.34.30:545][281]LogBlueprintUserMessages: [spiritOrbOG_188] -350.0
[2017.02.18-17.34.30:647][291]LogBlueprintUserMessages: [spiritOrbOG_188] -335.0
[2017.02.18-17.34.30:747][301]LogBlueprintUserMessages: [spiritOrbOG_188] -320.0
[2017.02.18-17.34.30:848][311]LogBlueprintUserMessages: [spiritOrbOG_188] -305.0
[2017.02.18-17.34.30:948][321]LogBlueprintUserMessages: [spiritOrbOG_188] -290.0
[2017.02.18-17.34.31:048][331]LogBlueprintUserMessages: [spiritOrbOG_188] -275.0
[2017.02.18-17.34.31:147][341]LogBlueprintUserMessages: [spiritOrbOG_188] -260.0
[2017.02.18-17.34.31:247][351]LogBlueprintUserMessages: [spiritOrbOG_188] -245.0
[2017.02.18-17.34.31:347][361]LogBlueprintUserMessages: [spiritOrbOG_188] -230.0
[2017.02.18-17.34.31:447][371]LogBlueprintUserMessages: [spiritOrbOG_188] -215.0
[2017.02.18-17.34.31:549][381]LogBlueprintUserMessages: [spiritOrbOG_188] -200.0
[2017.02.18-17.34.31:651][391]LogBlueprintUserMessages: [spiritOrbOG_188] -185.0
[2017.02.18-17.34.31:741][400]LogBlueprintUserMessages: [spiritOrbOG_188] -170.0
[2017.02.18-17.34.31:842][410]LogBlueprintUserMessages: [spiritOrbOG_188] -155.0
[2017.02.18-17.34.31:946][420]LogBlueprintUserMessages: [spiritOrbOG_188] -140.0
[2017.02.18-17.34.32:051][430]LogBlueprintUserMessages: [spiritOrbOG_188] -125.0
[2017.02.18-17.34.32:145][439]LogBlueprintUserMessages: [spiritOrbOG_188] 211.473511
[2017.02.18-17.34.32:241][448]LogBlueprintUserMessages: [spiritOrbOG_188] 196.473511
[2017.02.18-17.34.32:350][458]LogBlueprintUserMessages: [spiritOrbOG_188] 181.473511
[2017.02.18-17.34.32:444][467]LogBlueprintUserMessages: [spiritOrbOG_188] 166.473511
[2017.02.18-17.34.32:542][476]LogBlueprintUserMessages: [spiritOrbOG_188] 151.473511
[2017.02.18-17.34.32:650][486]LogBlueprintUserMessages: [spiritOrbOG_188] 136.473511
[2017.02.18-17.34.32:748][495]LogBlueprintUserMessages: [spiritOrbOG_188] 121.473511
[2017.02.18-17.34.32:844][504]LogBlueprintUserMessages: [spiritOrbOG_188] 106.473511
[2017.02.18-17.34.32:941][513]LogBlueprintUserMessages: [spiritOrbOG_188] 91.473511
[2017.02.18-17.34.33:051][523]LogBlueprintUserMessages: [spiritOrbOG_188] 76.473511
[2017.02.18-17.34.33:148][532]LogBlueprintUserMessages: [spiritOrbOG_188] 61.473511
[2017.02.18-17.34.33:246][541]LogBlueprintUserMessages: [spiritOrbOG_188] 46.473511
[2017.02.18-17.34.33:343][550]LogBlueprintUserMessages: [spiritOrbOG_188] 31.473511
[2017.02.18-17.34.33:442][559]LogBlueprintUserMessages: [spiritOrbOG_188] 16.473511
[2017.02.18-17.34.33:550][569]LogBlueprintUserMessages: [spiritOrbOG_188] 0.0
[2017.02.18-17.34.33:649][578]LogBlueprintUserMessages: [spiritOrbOG_188] 0.0
[2017.02.18-17.34.33:743][587]LogBlueprintUserMessages: [spiritOrbOG_188] 0.0
[2017.02.18-17.34.33:850][597]LogBlueprintUserMessages: [spiritOrbOG_188] 0.0
[2017.02.18-17.34.33:943][606]LogBlueprintUserMessages: [spiritOrbOG_188] 0.0
[2017.02.18-17.34.34:050][615]LogBlueprintUserMessages: [spiritOrbOG_188] 0.0
[2017.02.18-17.34.34:146][625]LogBlueprintUserMessages: [spiritOrbOG_188] 0.0
[2017.02.18-17.34.34:250][635]LogBlueprintUserMessages: [spiritOrbOG_188] 0.0
[2017.02.18-17.34.34:341][644]LogBlueprintUserMessages: [spiritOrbOG_188] 0.0
[2017.02.18-17.34.34:444][654]LogBlueprintUserMessages: [spiritOrbOG_188] 0.0
[2017.02.18-17.34.34:545][664]LogBlueprintUserMessages: [spiritOrbOG_188] 0.0
[2017.02.18-17.34.34:648][674]LogBlueprintUserMessages: [spiritOrbOG_188] 0.0
[2017.02.18-17.34.34:749][684]LogBlueprintUserMessages: [spiritOrbOG_188] 0.0
[2017.02.18-17.34.34:852][694]LogBlueprintUserMessages: [spiritOrbOG_188] 0.0
[2017.02.18-17.34.34:942][703]LogBlueprintUserMessages: [spiritOrbOG_188] 0.0
[2017.02.18-17.34.35:044][713]LogBlueprintUserMessages: [spiritOrbOG_188] 0.0
[2017.02.18-17.34.35:147][723]LogBlueprintUserMessages: [spiritOrbOG_188] 0.0
[2017.02.18-17.34.35:249][733]LogBlueprintUserMessages: [spiritOrbOG_188] 0.0
[2017.02.18-17.34.35:351][743]LogBlueprintUserMessages: [spiritOrbOG_188] 0.0
[2017.02.18-17.34.35:444][752]LogBlueprintUserMessages: [spiritOrbOG_188] 0.0
[2017.02.18-17.34.35:543][762]LogBlueprintUserMessages: [spiritOrbOG_188] 0.0
[2017.02.18-17.34.35:645][772]LogBlueprintUserMessages: [spiritOrbOG_188] 0.0
[2017.02.18-17.34.35:747][782]LogBlueprintUserMessages: [spiritOrbOG_188] 0.0
[2017.02.18-17.34.35:848][792]LogBlueprintUserMessages: [spiritOrbOG_188] 0.0
[2017.02.18-17.34.35:949][802]LogBlueprintUserMessages: [spiritOrbOG_188] 0.0
[2017.02.18-17.34.36:050][812]LogBlueprintUserMessages: [spiritOrbOG_188] 0.0
[2017.02.18-17.34.36:141][821]LogBlueprintUserMessages: [spiritOrbOG_188] 0.0
[2017.02.18-17.34.36:242][831]LogBlueprintUserMessages: [spiritOrbOG_188] 0.0
[2017.02.18-17.34.36:348][841]LogBlueprintUserMessages: [spiritOrbOG_188] 0.0
[2017.02.18-17.34.36:443][850]LogBlueprintUserMessages: [spiritOrbOG_188] 0.0
[2017.02.18-17.34.36:550][860]LogBlueprintUserMessages: [spiritOrbOG_188] 0.0
[2017.02.18-17.34.36:645][869]LogBlueprintUserMessages: [spiritOrbOG_188] 0.0
[2017.02.18-17.34.36:741][878]LogBlueprintUserMessages: [spiritOrbOG_188] 0.0
[2017.02.18-17.34.36:850][888]LogBlueprintUserMessages: [spiritOrbOG_188] 0.0
[2017.02.18-17.34.36:946][897]LogBlueprintUserMessages: [spiritOrbOG_188] 0.0
[2017.02.18-17.34.37:044][906]LogBlueprintUserMessages: [spiritOrbOG_188] 0.0
[2017.02.18-17.34.37:152][916]LogBlueprintUserMessages: [spiritOrbOG_188] 0.0
[2017.02.18-17.34.37:248][925]LogBlueprintUserMessages: [spiritOrbOG_188] 0.0
[2017.02.18-17.34.37:343][934]LogBlueprintUserMessages: [spiritOrbOG_188] 0.0
[2017.02.18-17.34.37:450][944]LogBlueprintUserMessages: [spiritOrbOG_188] 0.0
[2017.02.18-17.34.37:545][953]LogBlueprintUserMessages: [spiritOrbOG_188] 0.0
[2017.02.18-17.34.37:652][963]LogBlueprintUserMessages: [spiritOrbOG_188] 0.0
[2017.02.18-17.34.37:747][972]LogBlueprintUserMessages: [spiritOrbOG_188] 0.0
[2017.02.18-17.34.37:842][981]LogBlueprintUserMessages: [spiritOrbOG_188] 0.0
[2017.02.18-17.34.37:949][991]LogBlueprintUserMessages: [spiritOrbOG_188] 0.0
[2017.02.18-17.34.38:043][  0]LogBlueprintUserMessages: [spiritOrbOG_188] 0.0
[2017.02.18-17.34.38:149][ 10]LogBlueprintUserMessages: [spiritOrbOG_188] 0.0
[2017.02.18-17.34.38:243][ 19]LogBlueprintUserMessages: [spiritOrbOG_188] 0.0
[2017.02.18-17.34.38:350][ 29]LogBlueprintUserMessages: [spiritOrbOG_188] 635.0
[2017.02.18-17.34.38:444][ 38]LogBlueprintUserMessages: [spiritOrbOG_188] 620.0
[2017.02.18-17.34.38:552][ 48]LogBlueprintUserMessages: [spiritOrbOG_188] 635.0
[2017.02.18-17.34.38:650][ 57]LogBlueprintUserMessages: [spiritOrbOG_188] 620.0
[2017.02.18-17.34.38:743][ 66]LogBlueprintUserMessages: [spiritOrbOG_188] 605.0
[2017.02.18-17.34.38:841][ 75]LogBlueprintUserMessages: [corruptionCube38] 605.0
[2017.02.18-17.34.38:852][ 76]LogBlueprintUserMessages: [spiritOrbOG_188] -605.0
[2017.02.18-17.34.38:852][ 76]LogBlueprintUserMessages: [spiritOrbOG_188] -590.0
[2017.02.18-17.34.38:947][ 85]LogBlueprintUserMessages: [spiritOrbOG_188] -575.0
[2017.02.18-17.34.39:044][ 94]LogBlueprintUserMessages: [spiritOrbOG_188] -560.0
[2017.02.18-17.34.39:150][104]LogBlueprintUserMessages: [spiritOrbOG_188] -545.0
[2017.02.18-17.34.39:244][113]LogBlueprintUserMessages: [spiritOrbOG_188] -530.0
[2017.02.18-17.34.39:349][123]LogBlueprintUserMessages: [spiritOrbOG_188] -515.0
[2017.02.18-17.34.39:443][132]LogBlueprintUserMessages: [spiritOrbOG_188] 631.497131
[2017.02.18-17.34.39:550][142]LogBlueprintUserMessages: [spiritOrbOG_188] 616.497131
[2017.02.18-17.34.39:646][151]LogBlueprintUserMessages: [spiritOrbOG_188] 601.497131
[2017.02.18-17.34.39:743][160]LogBlueprintUserMessages: [spiritOrbOG_188] 586.497131
[2017.02.18-17.34.39:852][170]LogBlueprintUserMessages: [spiritOrbOG_188] 571.497131
[2017.02.18-17.34.39:951][179]LogBlueprintUserMessages: [spiritOrbOG_188] 556.497131
[2017.02.18-17.34.40:049][188]LogBlueprintUserMessages: [spiritOrbOG_188] 541.497131
[2017.02.18-17.34.40:148][197]LogBlueprintUserMessages: [spiritOrbOG_188] 526.497131
[2017.02.18-17.34.40:246][206]LogBlueprintUserMessages: [spiritOrbOG_188] 511.497131
[2017.02.18-17.34.40:345][215]LogBlueprintUserMessages: [spiritOrbOG_188] 496.497131
[2017.02.18-17.34.40:443][224]LogBlueprintUserMessages: [spiritOrbOG_188] 481.497131
[2017.02.18-17.34.40:549][234]LogBlueprintUserMessages: [spiritOrbOG_188] 466.497131
[2017.02.18-17.34.40:646][243]LogBlueprintUserMessages: [spiritOrbOG_188] 451.497131
[2017.02.18-17.34.40:744][252]LogBlueprintUserMessages: [spiritOrbOG_188] 436.497131
[2017.02.18-17.34.40:843][261]LogBlueprintUserMessages: [spiritOrbOG_188] 421.497131
[2017.02.18-17.34.40:949][271]LogBlueprintUserMessages: [spiritOrbOG_188] 406.497131
[2017.02.18-17.34.41:044][280]LogBlueprintUserMessages: [spiritOrbOG_188] 391.497131
[2017.02.18-17.34.41:142][289]LogBlueprintUserMessages: [spiritOrbOG_188] 376.497131
[2017.02.18-17.34.41:252][299]LogBlueprintUserMessages: [spiritOrbOG_188] 361.497131
[2017.02.18-17.34.41:329][306]LogBlueprintUserMessages: [BTT_Attack_C_0] X=-1463.031 Y=741.151 Z=234.420
[2017.02.18-17.34.41:329][306]LogBlueprintUserMessages: [BTT_Attack_C_0] X=-1863.333 Y=-62.602 Z=228.400
[2017.02.18-17.34.41:329][306]LogBlueprintUserMessages: [BTT_Attack_C_0] 0
[2017.02.18-17.34.41:351][308]LogBlueprintUserMessages: [spiritOrbOG_188] 346.497131
[2017.02.18-17.34.41:450][317]LogBlueprintUserMessages: [spiritOrbOG_188] 331.497131
[2017.02.18-17.34.41:472][319]LogBlueprintUserMessages: [corruptionCube118] 331.497131
[2017.02.18-17.34.41:483][320]LogBlueprintUserMessages: [spiritOrbOG_188] -331.497131
[2017.02.18-17.34.41:549][326]LogBlueprintUserMessages: [spiritOrbOG_188] -316.497131
[2017.02.18-17.34.41:647][335]LogBlueprintUserMessages: [spiritOrbOG_188] -301.497131
[2017.02.18-17.34.41:743][344]LogBlueprintUserMessages: [spiritOrbOG_188] -286.497131
[2017.02.18-17.34.41:842][353]LogBlueprintUserMessages: [spiritOrbOG_188] -271.497131
[2017.02.18-17.34.41:950][363]LogBlueprintUserMessages: [spiritOrbOG_188] -256.497131
[2017.02.18-17.34.42:047][372]LogBlueprintUserMessages: [spiritOrbOG_188] -241.497131
[2017.02.18-17.34.42:144][381]LogBlueprintUserMessages: [spiritOrbOG_188] -226.497131
[2017.02.18-17.34.42:251][391]LogBlueprintUserMessages: [spiritOrbOG_188] -211.497131
[2017.02.18-17.34.42:347][400]LogBlueprintUserMessages: [spiritOrbOG_188] -196.497131
[2017.02.18-17.34.42:442][409]LogBlueprintUserMessages: [spiritOrbOG_188] -181.497131
[2017.02.18-17.34.42:547][419]LogBlueprintUserMessages: [spiritOrbOG_188] -166.497131
[2017.02.18-17.34.42:650][429]LogBlueprintUserMessages: [spiritOrbOG_188] -151.497131
[2017.02.18-17.34.42:744][438]LogBlueprintUserMessages: [spiritOrbOG_188] -136.497131
[2017.02.18-17.34.42:847][448]LogBlueprintUserMessages: [spiritOrbOG_188] -121.497131
[2017.02.18-17.34.42:942][457]LogBlueprintUserMessages: [spiritOrbOG_188] -106.497131
[2017.02.18-17.34.43:045][467]LogBlueprintUserMessages: [spiritOrbOG_188] -91.497131
[2017.02.18-17.34.43:148][477]LogBlueprintUserMessages: [spiritOrbOG_188] -76.497131
[2017.02.18-17.34.43:243][486]LogBlueprintUserMessages: [spiritOrbOG_188] -61.497128
[2017.02.18-17.34.43:348][496]LogBlueprintUserMessages: [spiritOrbOG_188] -46.497128
[2017.02.18-17.34.43:444][505]LogBlueprintUserMessages: [spiritOrbOG_188] -31.497126
[2017.02.18-17.34.43:550][515]LogBlueprintUserMessages: [spiritOrbOG_188] -16.497126
[2017.02.18-17.34.43:644][524]LogBlueprintUserMessages: [spiritOrbOG_188] 0.0
[2017.02.18-17.34.43:750][534]LogBlueprintUserMessages: [spiritOrbOG_188] 0.0
[2017.02.18-17.34.43:842][543]LogBlueprintUserMessages: [spiritOrbOG_188] 0.0
[2017.02.18-17.34.43:946][553]LogBlueprintUserMessages: [spiritOrbOG_188] 0.0
[2017.02.18-17.34.44:041][562]LogBlueprintUserMessages: [spiritOrbOG_188] 0.0
[2017.02.18-17.34.44:146][572]LogBlueprintUserMessages: [spiritOrbOG_188] 0.0
[2017.02.18-17.34.44:250][582]LogBlueprintUserMessages: [spiritOrbOG_188] 0.0
[2017.02.18-17.34.44:343][591]LogBlueprintUserMessages: [spiritOrbOG_188] 0.0
[2017.02.18-17.34.44:448][601]LogBlueprintUserMessages: [spiritOrbOG_188] 0.0
[2017.02.18-17.34.44:549][611]LogBlueprintUserMessages: [spiritOrbOG_188] 0.0
[2017.02.18-17.34.44:650][621]LogBlueprintUserMessages: [spiritOrbOG_188] 0.0
[2017.02.18-17.34.44:750][631]LogBlueprintUserMessages: [spiritOrbOG_188] 0.0
[2017.02.18-17.34.44:849][641]LogBlueprintUserMessages: [spiritOrbOG_188] 0.0
[2017.02.18-17.34.44:941][650]LogBlueprintUserMessages: [spiritOrbOG_188] 0.0
[2017.02.18-17.34.45:051][661]LogBlueprintUserMessages: [spiritOrbOG_188] 0.0
[2017.02.18-17.34.45:150][671]LogBlueprintUserMessages: [spiritOrbOG_188] 0.0
[2017.02.18-17.34.45:250][681]LogBlueprintUserMessages: [spiritOrbOG_188] 0.0
[2017.02.18-17.34.45:350][691]LogBlueprintUserMessages: [spiritOrbOG_188] 0.0
[2017.02.18-17.34.45:450][701]LogBlueprintUserMessages: [spiritOrbOG_188] 0.0
[2017.02.18-17.34.45:550][711]LogBlueprintUserMessages: [spiritOrbOG_188] 0.0
[2017.02.18-17.34.45:641][720]LogBlueprintUserMessages: [spiritOrbOG_188] 0.0
[2017.02.18-17.34.45:750][731]LogBlueprintUserMessages: [spiritOrbOG_188] 0.0
[2017.02.18-17.34.45:850][741]LogBlueprintUserMessages: [spiritOrbOG_188] 0.0
[2017.02.18-17.34.45:950][751]LogBlueprintUserMessages: [spiritOrbOG_188] 0.0
[2017.02.18-17.34.46:050][761]LogBlueprintUserMessages: [spiritOrbOG_188] 0.0
[2017.02.18-17.34.46:150][771]LogBlueprintUserMessages: [spiritOrbOG_188] 0.0
[2017.02.18-17.34.46:250][781]LogBlueprintUserMessages: [spiritOrbOG_188] 0.0
[2017.02.18-17.34.46:349][791]LogBlueprintUserMessages: [spiritOrbOG_188] 0.0
[2017.02.18-17.34.46:443][800]LogBlueprintUserMessages: [spiritOrbOG_188] 0.0
[2017.02.18-17.34.46:550][811]LogBlueprintUserMessages: [spiritOrbOG_188] 0.0
[2017.02.18-17.34.46:649][821]LogBlueprintUserMessages: [spiritOrbOG_188] 0.0
[2017.02.18-17.34.46:748][831]LogBlueprintUserMessages: [spiritOrbOG_188] 0.0
[2017.02.18-17.34.46:848][841]LogBlueprintUserMessages: [spiritOrbOG_188] 0.0
[2017.02.18-17.34.46:948][851]LogBlueprintUserMessages: [spiritOrbOG_188] 0.0
[2017.02.18-17.34.47:048][861]LogBlueprintUserMessages: [spiritOrbOG_188] 0.0
[2017.02.18-17.34.47:148][871]LogBlueprintUserMessages: [spiritOrbOG_188] 0.0
[2017.02.18-17.34.47:245][880]LogBlueprintUserMessages: [spiritOrbOG_188] 0.0
[2017.02.18-17.34.47:348][890]LogBlueprintUserMessages: [spiritOrbOG_188] 0.0
[2017.02.18-17.34.47:442][899]LogBlueprintUserMessages: [spiritOrbOG_188] 0.0
[2017.02.18-17.34.47:547][909]LogBlueprintUserMessages: [spiritOrbOG_188] 0.0
[2017.02.18-17.34.47:643][918]LogBlueprintUserMessages: [spiritOrbOG_188] 0.0
[2017.02.18-17.34.47:749][928]LogBlueprintUserMessages: [spiritOrbOG_188] 0.0
[2017.02.18-17.34.47:845][937]LogBlueprintUserMessages: [spiritOrbOG_188] 0.0
[2017.02.18-17.34.47:950][947]LogBlueprintUserMessages: [spiritOrbOG_188] 0.0
[2017.02.18-17.34.48:049][956]LogBlueprintUserMessages: [spiritOrbOG_188] 0.0
[2017.02.18-17.34.48:149][966]LogBlueprintUserMessages: [spiritOrbOG_188] 0.0
[2017.02.18-17.34.48:245][975]LogBlueprintUserMessages: [spiritOrbOG_188] 0.0
[2017.02.18-17.34.48:342][984]LogBlueprintUserMessages: [spiritOrbOG_188] 0.0
[2017.02.18-17.34.48:449][994]LogBlueprintUserMessages: [spiritOrbOG_188] 0.0
[2017.02.18-17.34.48:545][  3]LogBlueprintUserMessages: [spiritOrbOG_188] 0.0
[2017.02.18-17.34.48:642][ 12]LogBlueprintUserMessages: [spiritOrbOG_188] 0.0
[2017.02.18-17.34.48:750][ 22]LogBlueprintUserMessages: [spiritOrbOG_188] 0.0
[2017.02.18-17.34.48:847][ 31]LogBlueprintUserMessages: [spiritOrbOG_188] 0.0
[2017.02.18-17.34.48:945][ 40]LogBlueprintUserMessages: [spiritOrbOG_188] 0.0
[2017.02.18-17.34.49:044][ 49]LogBlueprintUserMessages: [spiritOrbOG_188] 0.0
[2017.02.18-17.34.49:142][ 58]LogBlueprintUserMessages: [spiritOrbOG_188] 0.0
[2017.02.18-17.34.49:250][ 68]LogBlueprintUserMessages: [spiritOrbOG_188] 0.0
[2017.02.18-17.34.49:348][ 77]LogBlueprintUserMessages: [spiritOrbOG_188] 0.0
[2017.02.18-17.34.49:445][ 86]LogBlueprintUserMessages: [spiritOrbOG_188] 0.0
[2017.02.18-17.34.49:543][ 95]LogBlueprintUserMessages: [spiritOrbOG_188] 0.0
[2017.02.18-17.34.49:641][104]LogBlueprintUserMessages: [spiritOrbOG_188] 0.0
[2017.02.18-17.34.49:747][114]LogBlueprintUserMessages: [spiritOrbOG_188] 631.756409
[2017.02.18-17.34.49:843][123]LogBlueprintUserMessages: [spiritOrbOG_188] 631.175049
[2017.02.18-17.34.49:950][133]LogBlueprintUserMessages: [spiritOrbOG_188] 616.175049
[2017.02.18-17.34.50:046][142]LogBlueprintUserMessages: [spiritOrbOG_188] 601.175049
[2017.02.18-17.34.50:142][151]LogBlueprintUserMessages: [spiritOrbOG_188] 586.175049
[2017.02.18-17.34.50:251][161]LogBlueprintUserMessages: [spiritOrbOG_188] 571.175049
[2017.02.18-17.34.50:348][170]LogBlueprintUserMessages: [spiritOrbOG_188] 556.175049
[2017.02.18-17.34.50:447][179]LogBlueprintUserMessages: [spiritOrbOG_188] 541.175049
[2017.02.18-17.34.50:545][188]LogBlueprintUserMessages: [spiritOrbOG_188] 526.175049
[2017.02.18-17.34.50:642][197]LogBlueprintUserMessages: [spiritOrbOG_188] 511.175049
[2017.02.18-17.34.50:749][207]LogBlueprintUserMessages: [spiritOrbOG_188] 496.175049
[2017.02.18-17.34.50:847][216]LogBlueprintUserMessages: [spiritOrbOG_188] 481.175049
[2017.02.18-17.34.50:943][225]LogBlueprintUserMessages: [spiritOrbOG_188] 466.175049
[2017.02.18-17.34.51:051][235]LogBlueprintUserMessages: [spiritOrbOG_188] 451.175049
[2017.02.18-17.34.51:148][244]LogBlueprintUserMessages: [spiritOrbOG_188] 436.175049
[2017.02.18-17.34.51:242][253]LogBlueprintUserMessages: [spiritOrbOG_188] 421.175049
[2017.02.18-17.34.51:347][263]LogBlueprintUserMessages: [spiritOrbOG_188] 406.175049
[2017.02.18-17.34.51:451][273]LogBlueprintUserMessages: [spiritOrbOG_188] 391.175049
[2017.02.18-17.34.51:546][282]LogBlueprintUserMessages: [spiritOrbOG_188] 376.175049
[2017.02.18-17.34.51:651][292]LogBlueprintUserMessages: [spiritOrbOG_188] 361.175049
[2017.02.18-17.34.51:746][301]LogBlueprintUserMessages: [spiritOrbOG_188] 346.175049
[2017.02.18-17.34.51:844][310]LogBlueprintUserMessages: [spiritOrbOG_188] 331.175049
[2017.02.18-17.34.51:941][319]LogBlueprintUserMessages: [spiritOrbOG_188] 316.175049
[2017.02.18-17.34.52:008][325]LogBlueprintUserMessages: [corruptionCube163] 316.175049
[2017.02.18-17.34.52:019][326]LogBlueprintUserMessages: [spiritOrbOG_188] -316.175049
[2017.02.18-17.34.52:052][329]LogBlueprintUserMessages: [spiritOrbOG_188] -301.175049
[2017.02.18-17.34.52:151][338]LogBlueprintUserMessages: [spiritOrbOG_188] -286.175049
[2017.02.18-17.34.52:246][347]LogBlueprintUserMessages: [spiritOrbOG_188] -271.175049
[2017.02.18-17.34.52:341][356]LogBlueprintUserMessages: [spiritOrbOG_188] -256.175049
[2017.02.18-17.34.52:448][366]LogBlueprintUserMessages: [spiritOrbOG_188] -241.175049
[2017.02.18-17.34.52:545][375]LogBlueprintUserMessages: [spiritOrbOG_188] -226.175049
[2017.02.18-17.34.52:642][384]LogBlueprintUserMessages: [spiritOrbOG_188] -211.175049
[2017.02.18-17.34.52:748][394]LogBlueprintUserMessages: [spiritOrbOG_188] -196.175049
[2017.02.18-17.34.52:844][403]LogBlueprintUserMessages: [spiritOrbOG_188] -181.175049
[2017.02.18-17.34.52:942][412]LogBlueprintUserMessages: [spiritOrbOG_188] -166.175049
[2017.02.18-17.34.53:049][422]LogBlueprintUserMessages: [spiritOrbOG_188] -151.175049
[2017.02.18-17.34.53:145][431]LogBlueprintUserMessages: [spiritOrbOG_188] -136.175049
[2017.02.18-17.34.53:242][440]LogBlueprintUserMessages: [spiritOrbOG_188] -121.175049
[2017.02.18-17.34.53:349][450]LogBlueprintUserMessages: [spiritOrbOG_188] -106.175049
[2017.02.18-17.34.53:445][459]LogBlueprintUserMessages: [spiritOrbOG_188] -91.175049
[2017.02.18-17.34.53:549][469]LogBlueprintUserMessages: [spiritOrbOG_188] -76.175049
[2017.02.18-17.34.53:643][478]LogBlueprintUserMessages: [spiritOrbOG_188] -61.175049
[2017.02.18-17.34.53:746][488]LogBlueprintUserMessages: [spiritOrbOG_188] -46.175049
[2017.02.18-17.34.53:852][498]LogBlueprintUserMessages: [spiritOrbOG_188] -31.175051
[2017.02.18-17.34.53:944][507]LogBlueprintUserMessages: [spiritOrbOG_188] -16.175051
[2017.02.18-17.34.54:048][517]LogBlueprintUserMessages: [spiritOrbOG_188] 0.0
[2017.02.18-17.34.54:143][526]LogBlueprintUserMessages: [spiritOrbOG_188] 0.0
[2017.02.18-17.34.54:246][536]LogBlueprintUserMessages: [spiritOrbOG_188] 0.0
[2017.02.18-17.34.54:348][546]LogBlueprintUserMessages: [spiritOrbOG_188] 0.0
[2017.02.18-17.34.54:451][556]LogBlueprintUserMessages: [spiritOrbOG_188] 0.0
[2017.02.18-17.34.54:542][565]LogBlueprintUserMessages: [spiritOrbOG_188] 0.0
[2017.02.18-17.34.54:645][575]LogBlueprintUserMessages: [spiritOrbOG_188] 0.0
[2017.02.18-17.34.54:746][585]LogBlueprintUserMessages: [spiritOrbOG_188] 0.0
[2017.02.18-17.34.54:848][595]LogBlueprintUserMessages: [spiritOrbOG_188] 0.0
[2017.02.18-17.34.54:950][605]LogBlueprintUserMessages: [spiritOrbOG_188] 0.0
[2017.02.18-17.34.55:041][614]LogBlueprintUserMessages: [spiritOrbOG_188] 0.0
[2017.02.18-17.34.55:144][624]LogBlueprintUserMessages: [spiritOrbOG_188] 0.0
[2017.02.18-17.34.55:246][634]LogBlueprintUserMessages: [spiritOrbOG_188] 0.0
[2017.02.18-17.34.55:348][644]LogBlueprintUserMessages: [spiritOrbOG_188] 0.0
[2017.02.18-17.34.55:449][654]LogBlueprintUserMessages: [spiritOrbOG_188] 0.0
[2017.02.18-17.34.55:542][663]LogBlueprintUserMessages: [spiritOrbOG_188] 0.0
[2017.02.18-17.34.55:643][673]LogBlueprintUserMessages: [spiritOrbOG_188] 0.0
[2017.02.18-17.34.55:745][683]LogBlueprintUserMessages: [spiritOrbOG_188] 0.0
[2017.02.18-17.34.55:848][693]LogBlueprintUserMessages: [spiritOrbOG_188] 0.0
[2017.02.18-17.34.55:949][703]LogBlueprintUserMessages: [spiritOrbOG_188] 0.0
[2017.02.18-17.34.56:041][712]LogBlueprintUserMessages: [spiritOrbOG_188] 0.0
[2017.02.18-17.34.56:143][722]LogBlueprintUserMessages: [spiritOrbOG_188] 0.0
[2017.02.18-17.34.56:245][732]LogBlueprintUserMessages: [spiritOrbOG_188] 0.0
[2017.02.18-17.34.56:348][742]LogBlueprintUserMessages: [spiritOrbOG_188] 0.0
[2017.02.18-17.34.56:450][752]LogBlueprintUserMessages: [spiritOrbOG_188] 0.0
[2017.02.18-17.34.56:551][762]LogBlueprintUserMessages: [spiritOrbOG_188] 0.0
[2017.02.18-17.34.56:626][768]LogBlueprintUserMessages: Early EndPlayMap Detection: Level '/Game/ThirdPersonBP/Maps/ThirdPersonExampleMap.ThirdPersonExampleMap:PersistentLevel' has LevelScriptBlueprint '/Game/ThirdPersonBP/Maps/ThirdPersonExampleMap.ThirdPersonExampleMap:PersistentLevel.ThirdPersonExampleMap' with GeneratedClass '/Game/ThirdPersonBP/Maps/ThirdPersonExampleMap.ThirdPersonExampleMap_C' with ClassGeneratedBy '/Game/ThirdPersonBP/Maps/ThirdPersonExampleMap.ThirdPersonExampleMap:PersistentLevel.ThirdPersonExampleMap'
[2017.02.18-17.34.56:760][768]LogBlueprintUserMessages: Late EndPlayMap Detection: Level '/Game/ThirdPersonBP/Maps/ThirdPersonExampleMap.ThirdPersonExampleMap:PersistentLevel' has LevelScriptBlueprint '/Game/ThirdPersonBP/Maps/ThirdPersonExampleMap.ThirdPersonExampleMap:PersistentLevel.ThirdPersonExampleMap' with GeneratedClass '/Game/ThirdPersonBP/Maps/ThirdPersonExampleMap.ThirdPersonExampleMap_C' with ClassGeneratedBy '/Game/ThirdPersonBP/Maps/ThirdPersonExampleMap.ThirdPersonExampleMap:PersistentLevel.ThirdPersonExampleMap'
[2017.02.18-17.35.20:459][ 14]LogWindowsTextInputMethodSystem:Display: IME system now deactivated.
[2017.02.18-17.35.20:742][ 15]Cmd: QUIT_EDITOR
[2017.02.18-17.35.21:191][ 15]LogExit: Preparing to exit.
[2017.02.18-17.35.22:341][ 15]LogExit: Editor shut down
[2017.02.18-17.35.22:341][ 15]LogExit: Transaction tracking system shut down
[2017.02.18-17.35.22:439][ 15]LogObj: Freed 0b from 0 cluster array pools.
[2017.02.18-17.35.22:439][ 15]LogExit: Object subsystem successfully closed.
[2017.02.18-17.35.22:458][ 15]LogD3D11RHI: Shutdown
[2017.02.18-17.35.22:458][ 15]LogD3D11RHI: CleanupD3DDevice
[2017.02.18-17.35.22:521][ 15]LogD3D11RHI: ~FD3D11DynamicRHI
[2017.02.18-17.35.22:527][ 15]LogModuleManager: Shutting down and abandoning module MovieSceneCapture (216)
[2017.02.18-17.35.22:527][ 15]LogModuleManager: Shutting down and abandoning module HierarchicalLODOutliner (215)
[2017.02.18-17.35.22:527][ 15]LogModuleManager: Shutting down and abandoning module CrashTracker (214)
[2017.02.18-17.35.22:527][ 15]LogModuleManager: Shutting down and abandoning module SceneOutliner (213)
[2017.02.18-17.35.22:527][ 15]LogModuleManager: Shutting down and abandoning module WidgetCarousel (212)
[2017.02.18-17.35.22:527][ 15]LogModuleManager: Shutting down and abandoning module AddContentDialog (211)
[2017.02.18-17.35.22:545][ 15]LogModuleManager: Shutting down and abandoning module GameplayTags (210)
[2017.02.18-17.35.22:545][ 15]LogModuleManager: Shutting down and abandoning module EditorWidgets (209)
[2017.02.18-17.35.22:545][ 15]LogModuleManager: Shutting down and abandoning module CollectionManager (208)
[2017.02.18-17.35.22:545][ 15]LogModuleManager: Shutting down and abandoning module StatsViewer (207)
[2017.02.18-17.35.22:545][ 15]LogModuleManager: Shutting down and abandoning module FoliageEdit (206)
[2017.02.18-17.35.22:545][ 15]LogModuleManager: Shutting down and abandoning module LandscapeEditor (205)
[2017.02.18-17.35.22:545][ 15]LogModuleManager: Shutting down and abandoning module SceneDepthPickerMode (204)
[2017.02.18-17.35.22:545][ 15]LogModuleManager: Shutting down and abandoning module ActorPickerMode (203)
[2017.02.18-17.35.22:545][ 15]LogModuleManager: Shutting down and abandoning module GeometryMode (202)
[2017.02.18-17.35.22:545][ 15]LogModuleManager: Shutting down and abandoning module TextureAlignMode (201)
[2017.02.18-17.35.22:545][ 15]LogModuleManager: Shutting down and abandoning module BspMode (200)
[2017.02.18-17.35.22:545][ 15]LogModuleManager: Shutting down and abandoning module HardwareSurvey (199)
[2017.02.18-17.35.22:545][ 15]LogModuleManager: Shutting down and abandoning module SequenceRecorderSections (198)
[2017.02.18-17.35.22:545][ 15]LogModuleManager: Shutting down and abandoning module SequenceRecorder (197)
[2017.02.18-17.35.22:545][ 15]LogModuleManager: Shutting down and abandoning module AutomationWorker (196)
[2017.02.18-17.35.22:545][ 15]LogModuleManager: Shutting down and abandoning module MatineeToLevelSequence (195)
[2017.02.18-17.35.22:546][ 15]LogModuleManager: Shutting down and abandoning module PlacementMode (194)
[2017.02.18-17.35.22:546][ 15]LogModuleManager: Shutting down and abandoning module LevelSequenceEditor (193)
[2017.02.18-17.35.22:546][ 15]LogModuleManager: Shutting down and abandoning module CharacterAI (192)
[2017.02.18-17.35.22:546][ 15]LogModuleManager: Shutting down and abandoning module SmartSnapping (191)
[2017.02.18-17.35.22:546][ 15]LogModuleManager: Shutting down and abandoning module SessionServices (190)
[2017.02.18-17.35.22:546][ 15]LogModuleManager: Shutting down and abandoning module ViewportSnapping (189)
[2017.02.18-17.35.22:546][ 15]LogModuleManager: Shutting down and abandoning module LogVisualizer (188)
[2017.02.18-17.35.22:546][ 15]LogModuleManager: Shutting down and abandoning module GameProjectGeneration (187)
[2017.02.18-17.35.22:546][ 15]LogModuleManager: Shutting down and abandoning module IntroTutorials (186)
[2017.02.18-17.35.22:546][ 15]LogModuleManager: Shutting down and abandoning module EditorLiveStreaming (185)
[2017.02.18-17.35.22:546][ 15]LogModuleManager: Shutting down and abandoning module IOSPlatformEditor (184)
[2017.02.18-17.35.22:546][ 15]LogModuleManager: Shutting down and abandoning module HTML5PlatformEditor (183)
[2017.02.18-17.35.22:546][ 15]LogModuleManager: Shutting down and abandoning module AndroidDeviceDetection (182)
[2017.02.18-17.35.22:946][ 15]LogModuleManager: Shutting down and abandoning module AndroidPlatformEditor (181)
[2017.02.18-17.35.22:946][ 15]LogModuleManager: Shutting down and abandoning module IOSRuntimeSettings (180)
[2017.02.18-17.35.22:946][ 15]LogModuleManager: Shutting down and abandoning module AndroidRuntimeSettings (179)
[2017.02.18-17.35.22:946][ 15]LogModuleManager: Shutting down and abandoning module MergeActors (178)
[2017.02.18-17.35.22:946][ 15]LogModuleManager: Shutting down and abandoning module SizeMap (177)
[2017.02.18-17.35.22:946][ 15]LogModuleManager: Shutting down and abandoning module TreeMap (176)
[2017.02.18-17.35.22:946][ 15]LogModuleManager: Shutting down and abandoning module ReferenceViewer (175)
[2017.02.18-17.35.22:946][ 15]LogModuleManager: Shutting down and abandoning module LocalizationService (174)
[2017.02.18-17.35.22:946][ 15]LogModuleManager: Shutting down and abandoning module LocalizationDashboard (173)
[2017.02.18-17.35.22:946][ 15]LogModuleManager: Shutting down and abandoning module HardwareTargeting (172)
[2017.02.18-17.35.22:946][ 15]LogModuleManager: Shutting down and abandoning module DeviceProfileEditor (171)
[2017.02.18-17.35.22:946][ 15]LogModuleManager: Shutting down and abandoning module UndoHistory (170)
[2017.02.18-17.35.22:946][ 15]LogModuleManager: Shutting down and abandoning module UserFeedback (169)
[2017.02.18-17.35.22:946][ 15]LogModuleManager: Shutting down and abandoning module XmlParser (168)
[2017.02.18-17.35.22:946][ 15]LogModuleManager: Shutting down and abandoning module Blutility (167)
[2017.02.18-17.35.22:946][ 15]LogModuleManager: Shutting down and abandoning module ProjectTargetPlatformEditor (166)
[2017.02.18-17.35.22:946][ 15]LogModuleManager: Shutting down and abandoning module ProjectSettingsViewer (165)
[2017.02.18-17.35.22:947][ 15]LogModuleManager: Shutting down and abandoning module InputBindingEditor (164)
[2017.02.18-17.35.22:947][ 15]LogModuleManager: Shutting down and abandoning module EditorSettingsViewer (163)
[2017.02.18-17.35.22:947][ 15]LogModuleManager: Shutting down and abandoning module SettingsEditor (162)
[2017.02.18-17.35.22:947][ 15]LogModuleManager: Shutting down and abandoning module ProjectLauncher (161)
[2017.02.18-17.35.22:947][ 15]LogModuleManager: Shutting down and abandoning module SessionFrontend (160)
[2017.02.18-17.35.22:947][ 15]LogModuleManager: Shutting down and abandoning module ProfilerClient (159)
[2017.02.18-17.35.22:947][ 15]LogModuleManager: Shutting down and abandoning module TargetDeviceServices (158)
[2017.02.18-17.35.22:947][ 15]LogModuleManager: Shutting down and abandoning module DeviceManager (157)
[2017.02.18-17.35.23:002][ 15]LogModuleManager: Shutting down and abandoning module AutomationController (156)
[2017.02.18-17.35.23:002][ 15]LogModuleManager: Shutting down and abandoning module AutomationWindow (155)
[2017.02.18-17.35.23:002][ 15]LogModuleManager: Shutting down and abandoning module Layers (154)
[2017.02.18-17.35.23:002][ 15]LogModuleManager: Shutting down and abandoning module ComponentVisualizers (153)
[2017.02.18-17.35.23:003][ 15]LogModuleManager: Shutting down and abandoning module DetailCustomizations (152)
[2017.02.18-17.35.23:003][ 15]LogModuleManager: Shutting down and abandoning module PackagesDialog (151)
[2017.02.18-17.35.23:003][ 15]LogModuleManager: Shutting down and abandoning module Persona (150)
[2017.02.18-17.35.23:003][ 15]LogModuleManager: Shutting down and abandoning module Kismet (149)
[2017.02.18-17.35.23:003][ 15]LogModuleManager: Shutting down and abandoning module GraphEditor (148)
[2017.02.18-17.35.23:003][ 15]LogModuleManager: Shutting down and abandoning module ClassViewer (147)
[2017.02.18-17.35.23:003][ 15]LogModuleManager: Shutting down and abandoning module Toolbox (146)
[2017.02.18-17.35.23:004][ 15]LogModuleManager: Shutting down and abandoning module ModuleUI (145)
[2017.02.18-17.35.23:004][ 15]LogModuleManager: Shutting down and abandoning module MovieSceneTools (144)
[2017.02.18-17.35.23:004][ 15]LogModuleManager: Shutting down and abandoning module OutputLog (143)
[2017.02.18-17.35.23:004][ 15]LogModuleManager: Shutting down and abandoning module GammaUI (142)
[2017.02.18-17.35.23:004][ 15]LogModuleManager: Shutting down and abandoning module Documentation (141)
[2017.02.18-17.35.23:004][ 15]LogModuleManager: Shutting down and abandoning module StreamingPauseRendering (140)
[2017.02.18-17.35.23:004][ 15]LogModuleManager: Shutting down and abandoning module AnalyticsET (139)
[2017.02.18-17.35.23:004][ 15]LogModuleManager: Shutting down and abandoning module Analytics (138)
[2017.02.18-17.35.23:004][ 15]LogModuleManager: Shutting down and abandoning module PortalServices (137)
[2017.02.18-17.35.23:004][ 15]LogModuleManager: Shutting down and abandoning module PortalRpc (136)
[2017.02.18-17.35.23:004][ 15]LogModuleManager: Shutting down and abandoning module MessagingRpc (135)
[2017.02.18-17.35.23:004][ 15]LogModuleManager: Shutting down and abandoning module GameplayDebugger (134)
[2017.02.18-17.35.23:005][ 15]LogModuleManager: Shutting down and abandoning module AITestSuite (133)
[2017.02.18-17.35.23:005][ 15]LogModuleManager: Shutting down and abandoning module AIModule (132)
[2017.02.18-17.35.23:005][ 15]LogModuleManager: Shutting down and abandoning module ProfilerService (131)
[2017.02.18-17.35.23:079][ 15]LogModuleManager: Shutting down and abandoning module TaskGraph (130)
[2017.02.18-17.35.23:079][ 15]LogModuleManager: Shutting down and abandoning module SubstanceEditor (129)
[2017.02.18-17.35.23:079][ 15]LogModuleManager: Shutting down and abandoning module SlateRemote (128)
[2017.02.18-17.35.23:079][ 15]LogModuleManager: Shutting down and abandoning module SteamVRController (127)
[2017.02.18-17.35.23:079][ 15]LogModuleManager: Shutting down and abandoning module SteamVR (126)
[2017.02.18-17.35.23:079][ 15]LogModuleManager: Shutting down and abandoning module ProceduralMeshComponent (125)
[2017.02.18-17.35.23:079][ 15]LogModuleManager: Shutting down and abandoning module OculusLibrary (124)
[2017.02.18-17.35.23:079][ 15]LogModuleManager: Shutting down and abandoning module OculusInput (123)
[2017.02.18-17.35.23:079][ 15]LogModuleManager: Shutting down and abandoning module CustomMeshComponent (122)
[2017.02.18-17.35.23:079][ 15]LogModuleManager: Shutting down and abandoning module CableComponent (121)
[2017.02.18-17.35.23:079][ 15]LogModuleManager: Shutting down and abandoning module ArchVisCharacter (120)
[2017.02.18-17.35.23:079][ 15]LogModuleManager: Shutting down and abandoning module MediaPlayerEditor (119)
[2017.02.18-17.35.23:080][ 15]LogModuleManager: Shutting down and abandoning module HTML5Networking (118)
[2017.02.18-17.35.23:080][ 15]LogModuleManager: Shutting down and abandoning module SuperSearch (117)
[2017.02.18-17.35.23:080][ 15]LogModuleManager: Shutting down and abandoning module SuperSearchEditor (116)
[2017.02.18-17.35.23:080][ 15]LogModuleManager: Shutting down and abandoning module SpeedTreeImporter (115)
[2017.02.18-17.35.23:080][ 15]LogModuleManager: Shutting down and abandoning module PluginBrowser (114)
[2017.02.18-17.35.23:080][ 15]LogModuleManager: Shutting down and abandoning module EpicSurvey (113)
[2017.02.18-17.35.23:080][ 15]LogModuleManager: Shutting down and abandoning module DesktopPlatform (112)
[2017.02.18-17.35.23:080][ 15]LogModuleManager: Shutting down and abandoning module VisualStudioSourceCodeAccess (111)
[2017.02.18-17.35.23:080][ 15]LogModuleManager: Shutting down and abandoning module UObjectPlugin (110)
[2017.02.18-17.35.23:080][ 15]LogModuleManager: Shutting down and abandoning module SubversionSourceControl (109)
[2017.02.18-17.35.23:080][ 15]LogModuleManager: Shutting down and abandoning module PerforceSourceControl (108)
[2017.02.18-17.35.23:080][ 15]LogModuleManager: Shutting down and abandoning module SourceControl (107)
[2017.02.18-17.35.23:080][ 15]LogModuleManager: Shutting down and abandoning module GitSourceControl (106)
[2017.02.18-17.35.23:080][ 15]LogModuleManager: Shutting down and abandoning module LightPropagationVolumeEditor (105)
[2017.02.18-17.35.23:080][ 15]LogModuleManager: Shutting down and abandoning module PaperTiledImporter (104)
[2017.02.18-17.35.23:080][ 15]LogModuleManager: Shutting down and abandoning module PaperSpriteSheetImporter (103)
[2017.02.18-17.35.23:080][ 15]LogModuleManager: Shutting down and abandoning module MeshPaint (102)
[2017.02.18-17.35.23:080][ 15]LogModuleManager: Shutting down and abandoning module PixelInspectorModule (101)
[2017.02.18-17.35.23:080][ 15]LogModuleManager: Shutting down and abandoning module HotReload (100)
[2017.02.18-17.35.23:080][ 15]LogModuleManager: Shutting down and abandoning module MainFrame (99)
[2017.02.18-17.35.23:080][ 15]LogModuleManager: Shutting down and abandoning module LevelEditor (98)
[2017.02.18-17.35.23:081][ 15]LogModuleManager: Shutting down and abandoning module ContentBrowser (97)
[2017.02.18-17.35.23:081][ 15]LogModuleManager: Shutting down and abandoning module Paper2DEditor (96)
[2017.02.18-17.35.23:082][ 15]LogModuleManager: Shutting down and abandoning module UdpMessaging (95)
[2017.02.18-17.35.23:183][ 15]LogModuleManager: Shutting down and abandoning module SubstanceCore (94)
[2017.02.18-17.35.23:183][ 15]LogModuleManager: Shutting down and abandoning module LightPropagationVolumeRuntime (93)
[2017.02.18-17.35.23:183][ 15]LogModuleManager: Shutting down and abandoning module Paper2D (92)
[2017.02.18-17.35.23:183][ 15]LogModuleManager: Shutting down and abandoning module WindowsMoviePlayer (91)
[2017.02.18-17.35.23:183][ 15]LogModuleManager: Shutting down and abandoning module Media (90)
[2017.02.18-17.35.23:183][ 15]LogModuleManager: Shutting down and abandoning module WmfMedia (89)
[2017.02.18-17.35.23:183][ 15]LogModuleManager: Shutting down and abandoning module MediaAssets (88)
[2017.02.18-17.35.23:183][ 15]LogModuleManager: Shutting down and abandoning module GameLiveStreaming (87)
[2017.02.18-17.35.23:183][ 15]LogModuleManager: Shutting down and abandoning module GameplayTagsEditor (86)
[2017.02.18-17.35.23:183][ 15]LogModuleManager: Shutting down and abandoning module OnlineBlueprintSupport (85)
[2017.02.18-17.35.23:183][ 15]LogModuleManager: Shutting down and abandoning module VREditor (84)
[2017.02.18-17.35.23:183][ 15]LogModuleManager: Shutting down and abandoning module GameplayTasksEditor (83)
[2017.02.18-17.35.23:183][ 15]LogModuleManager: Shutting down and abandoning module PropertyEditor (82)
[2017.02.18-17.35.23:183][ 15]LogModuleManager: Shutting down and abandoning module BehaviorTreeEditor (81)
[2017.02.18-17.35.23:183][ 15]LogModuleManager: Shutting down and abandoning module FunctionalTesting (80)
[2017.02.18-17.35.23:183][ 15]LogModuleManager: Shutting down and abandoning module CollisionAnalyzer (79)
[2017.02.18-17.35.23:183][ 15]LogModuleManager: Shutting down and abandoning module Sequencer (78)
[2017.02.18-17.35.23:183][ 15]LogModuleManager: Shutting down and abandoning module WorkspaceMenuStructure (77)
[2017.02.18-17.35.23:183][ 15]LogModuleManager: Shutting down and abandoning module MessageLog (76)
[2017.02.18-17.35.23:183][ 15]LogModuleManager: Shutting down and abandoning module AssetTools (75)
[2017.02.18-17.35.23:183][ 15]LogModuleManager: Shutting down and abandoning module UMGEditor (74)
[2017.02.18-17.35.23:183][ 15]LogModuleManager: Shutting down and abandoning module UMG (73)
[2017.02.18-17.35.23:183][ 15]LogModuleManager: Shutting down and abandoning module SlateReflector (72)
[2017.02.18-17.35.23:183][ 15]LogModuleManager: Shutting down and abandoning module Slate (71)
[2017.02.18-17.35.23:183][ 15]LogModuleManager: Shutting down and abandoning module EditorStyle (70)
[2017.02.18-17.35.23:185][ 15]LogModuleManager: Shutting down and abandoning module SourceCodeAccess (69)
[2017.02.18-17.35.23:185][ 15]LogModuleManager: Shutting down and abandoning module HeadMountedDisplay (68)
[2017.02.18-17.35.23:185][ 15]LogModuleManager: Shutting down and abandoning module XAudio2 (67)
[2017.02.18-17.35.23:185][ 15]LogModuleManager: Shutting down and abandoning module Networking (65)
[2017.02.18-17.35.23:185][ 15]LogModuleManager: Shutting down and abandoning module Core (64)
[2017.02.18-17.35.23:185][ 15]LogModuleManager: Shutting down and abandoning module DirectoryWatcher (63)
[2017.02.18-17.35.23:185][ 15]LogModuleManager: Shutting down and abandoning module AssetRegistry (62)
[2017.02.18-17.35.23:279][ 15]LogModuleManager: Shutting down and abandoning module KismetCompiler (61)
[2017.02.18-17.35.23:279][ 15]LogModuleManager: Shutting down and abandoning module PhysXFormats (60)
[2017.02.18-17.35.23:279][ 15]LogModuleManager: Shutting down and abandoning module MeshUtilities (59)
[2017.02.18-17.35.23:280][ 15]LogModuleManager: Shutting down and abandoning module DerivedDataCache (58)
[2017.02.18-17.35.23:417][ 15]LogDerivedDataCache: Shutdown
[2017.02.18-17.35.23:417][ 15]LogModuleManager: Shutting down and abandoning module VulkanShaderFormat (57)
[2017.02.18-17.35.23:417][ 15]LogModuleManager: Shutting down and abandoning module ShaderFormatOpenGL (56)
[2017.02.18-17.35.23:417][ 15]LogModuleManager: Shutting down and abandoning module ShaderFormatD3D (55)
[2017.02.18-17.35.23:417][ 15]LogModuleManager: Shutting down and abandoning module MetalShaderFormat (54)
[2017.02.18-17.35.23:417][ 15]LogModuleManager: Shutting down and abandoning module TextureFormatUncompressed (53)
[2017.02.18-17.35.23:417][ 15]LogModuleManager: Shutting down and abandoning module TextureFormatPVR (52)
[2017.02.18-17.35.23:417][ 15]LogModuleManager: Shutting down and abandoning module TextureFormatIntelISPCTexComp (51)
[2017.02.18-17.35.23:417][ 15]LogModuleManager: Shutting down and abandoning module TextureFormatDXT (50)
[2017.02.18-17.35.23:417][ 15]LogModuleManager: Shutting down and abandoning module ImageWrapper (49)
[2017.02.18-17.35.23:417][ 15]LogModuleManager: Shutting down and abandoning module TextureFormatASTC (48)
[2017.02.18-17.35.23:417][ 15]LogModuleManager: Shutting down and abandoning module TextureFormatAndroid (47)
[2017.02.18-17.35.23:417][ 15]LogModuleManager: Shutting down and abandoning module AudioFormatOpus (46)
[2017.02.18-17.35.23:417][ 15]LogModuleManager: Shutting down and abandoning module AudioFormatOgg (45)
[2017.02.18-17.35.23:417][ 15]LogModuleManager: Shutting down and abandoning module AudioFormatADPCM (44)
[2017.02.18-17.35.23:417][ 15]LogModuleManager: Shutting down and abandoning module LinuxTargetPlatform (43)
[2017.02.18-17.35.23:417][ 15]LogModuleManager: Shutting down and abandoning module LinuxServerTargetPlatform (42)
[2017.02.18-17.35.23:417][ 15]LogModuleManager: Shutting down and abandoning module LinuxNoEditorTargetPlatform (41)
[2017.02.18-17.35.23:417][ 15]LogModuleManager: Shutting down and abandoning module TVOSTargetPlatform (40)
[2017.02.18-17.35.23:417][ 15]LogModuleManager: Shutting down and abandoning module Messaging (39)
[2017.02.18-17.35.23:417][ 15]LogModuleManager: Shutting down and abandoning module IOSTargetPlatform (38)
[2017.02.18-17.35.23:417][ 15]LogModuleManager: Shutting down and abandoning module HTML5TargetPlatform (37)
[2017.02.18-17.35.23:417][ 15]LogModuleManager: Shutting down and abandoning module Android_PVRTCTargetPlatform (36)
[2017.02.18-17.35.23:417][ 15]LogModuleManager: Shutting down and abandoning module Android_MultiTargetPlatform (35)
[2017.02.18-17.35.23:417][ 15]LogModuleManager: Shutting down and abandoning module Android_ETC2TargetPlatform (34)
[2017.02.18-17.35.23:417][ 15]LogModuleManager: Shutting down and abandoning module Android_ETC1TargetPlatform (33)
[2017.02.18-17.35.23:417][ 15]LogModuleManager: Shutting down and abandoning module Android_DXTTargetPlatform (32)
[2017.02.18-17.35.23:417][ 15]LogModuleManager: Shutting down and abandoning module Android_ATCTargetPlatform (31)
[2017.02.18-17.35.23:417][ 15]LogModuleManager: Shutting down and abandoning module Android_ASTCTargetPlatform (30)
[2017.02.18-17.35.23:417][ 15]LogModuleManager: Shutting down and abandoning module AndroidTargetPlatform (29)
[2017.02.18-17.35.23:417][ 15]LogModuleManager: Shutting down and abandoning module WindowsTargetPlatform (28)
[2017.02.18-17.35.23:417][ 15]LogModuleManager: Shutting down and abandoning module WindowsServerTargetPlatform (27)
[2017.02.18-17.35.23:417][ 15]LogModuleManager: Shutting down and abandoning module WindowsNoEditorTargetPlatform (26)
[2017.02.18-17.35.23:417][ 15]LogModuleManager: Shutting down and abandoning module WindowsClientTargetPlatform (25)
[2017.02.18-17.35.23:417][ 15]LogModuleManager: Shutting down and abandoning module AllDesktopTargetPlatform (24)
[2017.02.18-17.35.23:417][ 15]LogModuleManager: Shutting down and abandoning module TargetPlatform (23)
[2017.02.18-17.35.23:417][ 15]LogModuleManager: Shutting down and abandoning module InputCore (22)
[2017.02.18-17.35.23:417][ 15]LogModuleManager: Shutting down and abandoning module Settings (21)
[2017.02.18-17.35.23:417][ 15]LogModuleManager: Shutting down and abandoning module OnlineSubsystem (19)
[2017.02.18-17.35.23:417][ 15]LogModuleManager: Shutting down and abandoning module HTTP (18)
[2017.02.18-17.35.24:919][ 15]LogModuleManager: Shutting down and abandoning module XMPP (17)
[2017.02.18-17.35.24:919][ 15]LogModuleManager: Shutting down and abandoning module OculusRift (16)
[2017.02.18-17.35.24:919][ 15]LogModuleManager: Shutting down and abandoning module ExampleDeviceProfileSelector (15)
[2017.02.18-17.35.24:919][ 15]LogModuleManager: Shutting down and abandoning module TextureCompressor (14)
[2017.02.18-17.35.24:919][ 15]LogModuleManager: Shutting down and abandoning module ShaderCore (13)
[2017.02.18-17.35.24:919][ 15]LogModuleManager: Shutting down and abandoning module Landscape (12)
[2017.02.18-17.35.24:919][ 15]LogModuleManager: Shutting down and abandoning module SlateRHIRenderer (11)
[2017.02.18-17.35.24:920][ 15]LogModuleManager: Shutting down and abandoning module OpenGLDrv (10)
[2017.02.18-17.35.24:920][ 15]LogModuleManager: Shutting down and abandoning module D3D11RHI (9)
[2017.02.18-17.35.24:920][ 15]LogModuleManager: Shutting down and abandoning module AnimGraphRuntime (8)
[2017.02.18-17.35.24:920][ 15]LogModuleManager: Shutting down and abandoning module Renderer (7)
[2017.02.18-17.35.24:920][ 15]LogModuleManager: Shutting down and abandoning module Engine (6)
[2017.02.18-17.35.24:920][ 15]LogModuleManager: Shutting down and abandoning module CoreUObject (5)
[2017.02.18-17.35.24:920][ 15]LogModuleManager: Shutting down and abandoning module NetworkFile (4)
[2017.02.18-17.35.24:920][ 15]LogModuleManager: Shutting down and abandoning module StreamingFile (3)
[2017.02.18-17.35.24:920][ 15]LogModuleManager: Shutting down and abandoning module SandboxFile (2)
[2017.02.18-17.35.24:920][ 15]LogModuleManager: Shutting down and abandoning module PakFile (1)
[2017.02.18-17.35.24:921][ 15]LogExit: Exiting.
[2017.02.18-17.35.24:922][ 15]Log file closed, 02/18/17 12:35:24
