Log file open, 02/23/17 12:19:44
LogInit:Display: Running engine for game: SoulStriker
LogPlatformFile: Not using cached read wrapper
LogInit:Display: RandInit(-861959393) SRandInit(-861959392).
LogTaskGraph: Started task graph with 4 named threads and 7 total threads with 1 sets of task threads.
LogStats: Stats thread started at 0.081389
LogInit: Version: 4.12.5-3039270+++UE4+Release-4.12
LogInit: API Version: 2992821
LogInit: Net Version: 3039270
LogDevObjectVersion: Number of dev versions registered: 13
LogDevObjectVersion:   Dev-Blueprints (B0D832E4-1F89-4F0D-ACCF-7EB736FD4AA2): 3
LogDevObjectVersion:   Dev-Build (E1C64328-A22C-4D53-A36C-8E866417BD8C): 0
LogDevObjectVersion:   Dev-Core (375EC13C-06E4-48FB-B500-84F0262A717E): 1
LogDevObjectVersion:   Dev-Editor (E4B068ED-F494-42E9-A231-DA0B2E46BB41): 2
LogDevObjectVersion:   Dev-Framework (CFFC743F-43B0-4480-9391-14DF171D2073): 6
LogDevObjectVersion:   Dev-Mobile (B02B49B5-BB20-44E9-A304-32B752E40360): 0
LogDevObjectVersion:   Dev-Networking (A4E4105C-59A1-49B5-A7C5-40C4547EDFEE): 0
LogDevObjectVersion:   Dev-Online (39C831C9-5AE6-47DC-9A44-9C173E1C8E7C): 0
LogDevObjectVersion:   Dev-Physics (78F01B33-EBEA-4F98-B9B4-84EACCB95AA2): 0
LogDevObjectVersion:   Dev-Platform (6631380F-2D4D-43E0-8009-CF276956A95A): 0
LogDevObjectVersion:   Dev-Rendering (12F88B9F-8875-4AFC-A67C-D90C383ABD29): 2
LogDevObjectVersion:   Dev-Sequencer (7B5AE74C-D270-4C10-A958-57980B212A5A): 0
LogDevObjectVersion:   Dev-VR (D7296918-1DD6-4BDD-9DE2-64A83CC13884): 0
LogInit: Compiled (64-bit): Jul  6 2016 09:09:46
LogInit: Compiled with Visual C++: 19.00.23026.00
LogInit: Build Configuration: Development
LogInit: Branch Name: ++UE4+Release-4.12
LogInit: Command line: -EpicPortal 
LogInit: Base directory: C:/Program Files (x86)/Epic Games/4.12/Engine/Binaries/Win64/
LogInit: Installed Engine Build: 1
LogInit: Using libcurl 7.41.0
LogInit:  - built for x86_64-pc-win32
LogInit:  - supports SSL with WinSSL
LogInit:  - other features:
LogInit:      CURL_VERSION_SSL
LogInit:      CURL_VERSION_IPV6
LogInit:      CURL_VERSION_ASYNCHDNS
LogInit:      CURL_VERSION_LARGEFILE
LogInit:      CURL_VERSION_IDN
LogInit:  CurlRequestOptions (configurable via config and command line):
LogInit:  - bVerifyPeer = true  - Libcurl will verify peer certificate
LogInit:  - bUseHttpProxy = false  - Libcurl will NOT use HTTP proxy
LogInit:  - bDontReuseConnections = false  - Libcurl will reuse connections
LogInit:  - CertBundlePath = nullptr  - Libcurl will use whatever was configured at build time.
LogInit: Presizing for max 8388607 objects, including 0 objects not considered by GC, pre-allocating 0 bytes for permanent pool.
LogInit: Object subsystem initialized
[2017.02.23-17.19.44:539][  0]LogInit: Selected Device Profile: [Windows]
[2017.02.23-17.19.44:539][  0]LogInit: Applying CVar settings loaded from the selected device profile: [Windows]
[2017.02.23-17.19.44:555][  0]LogInit: Computer: MSI
[2017.02.23-17.19.44:555][  0]LogInit: User: armorias
[2017.02.23-17.19.44:555][  0]LogInit: CPU Page size=65536, Cores=4
[2017.02.23-17.19.44:555][  0]LogInit: High frequency timer resolution =2.531249 MHz
[2017.02.23-17.19.44:555][  0]LogMemory: Memory total: Physical=11.9GB (12GB approx)
[2017.02.23-17.19.44:555][  0]LogMemory: Platform Memory Stats for Windows
[2017.02.23-17.19.44:555][  0]LogMemory: Process Physical Memory: 191.83 MB used, 191.83 MB peak
[2017.02.23-17.19.44:555][  0]LogMemory: Process Virtual Memory: 195.29 MB used, 195.29 MB peak
[2017.02.23-17.19.44:555][  0]LogMemory: Physical Memory: 8143.45 MB used, 12166.60 MB total
[2017.02.23-17.19.44:555][  0]LogMemory: Virtual Memory: 553.60 MB used, 134217728.00 MB total
[2017.02.23-17.19.44:584][  0]LogTextLocalizationManager: No specific translations for ('en-US') exist, so ('en') translations will be used.
[2017.02.23-17.19.44:990][  0]LogD3D11RHI: D3D11 adapters:
[2017.02.23-17.19.45:582][  0]LogD3D11RHI:    0. 'NVIDIA GeForce GTX 960M' (Feature Level 11_0)
[2017.02.23-17.19.45:582][  0]LogD3D11RHI:       2018/0/6083 MB DedicatedVideo/DedicatedSystem/SharedSystem, Outputs:1, VendorId:0x10de
[2017.02.23-17.19.45:589][  0]LogD3D11RHI:    1. 'Intel(R) HD Graphics 530' (Feature Level 11_0)
[2017.02.23-17.19.45:589][  0]LogD3D11RHI:       128/0/6083 MB DedicatedVideo/DedicatedSystem/SharedSystem, Outputs:0, VendorId:0x8086
[2017.02.23-17.19.45:590][  0]LogD3D11RHI:    2. 'Microsoft Basic Render Driver' (Feature Level 11_0)
[2017.02.23-17.19.45:590][  0]LogD3D11RHI:       0/0/6083 MB DedicatedVideo/DedicatedSystem/SharedSystem, Outputs:0, VendorId:0x1414
[2017.02.23-17.19.45:590][  0]LogD3D11RHI: Chosen D3D11 Adapter: 0
[2017.02.23-17.19.45:596][  0]LogD3D11RHI: Creating new Direct3DDevice
[2017.02.23-17.19.45:597][  0]LogD3D11RHI:     GPU DeviceId: 0x139b (for the marketing name, search the web for "GPU Device Id")
[2017.02.23-17.19.45:597][  0]LogWindows: EnumDisplayDevices:
[2017.02.23-17.19.45:597][  0]LogWindows:    0. 'Intel(R) HD Graphics 530' (P:1 D:1)
[2017.02.23-17.19.45:597][  0]LogWindows:    1. 'Intel(R) HD Graphics 530' (P:0 D:0)
[2017.02.23-17.19.45:597][  0]LogWindows:    2. 'Intel(R) HD Graphics 530' (P:0 D:0)
[2017.02.23-17.19.45:597][  0]LogWindows: DebugString: PrimaryIsNotTheChoosenAdapter PrimaryIsNotTheChoosenAdapter PrimaryIsNotTheChoosenAdapter FoundDriverCount:0 
[2017.02.23-17.19.45:597][  0]LogD3D11RHI:     Adapter Name: NVIDIA GeForce GTX 960M
[2017.02.23-17.19.45:597][  0]LogD3D11RHI:   Driver Version: Unknown (internal:Unknown, unified:Unknown)
[2017.02.23-17.19.45:597][  0]LogD3D11RHI:      Driver Date: Unknown
[2017.02.23-17.19.45:597][  0]LogRHI: Texture pool is 1361 MB (70% of 1945 MB)
[2017.02.23-17.19.46:169][  0]LogD3D11RHI: Async texture creation enabled
[2017.02.23-17.19.46:208][  0]LogD3D11RHI: GPU Timing Frequency: 1000.000000 (Debug: 2 1)
[2017.02.23-17.19.46:208][  0]LogShaderCompilers: Guid format shader working directory is -27 characters bigger than the processId version (../../../../../../Users/armorias/Documents/GitHub/Soul-Striker/Soul Striker/Intermediate/Shaders/WorkingDirectory/14680/).
[2017.02.23-17.19.46:208][  0]LogShaderCompilers: Cleaned the shader compiler working directory 'C:/Users/armorias/AppData/Local/Temp/UnrealShaderWorkingDir/497DE8EB47F38338501FDAAA6AC2312D/'.
[2017.02.23-17.19.46:208][  0]LogShaderCompilers:Display: Using Local Shader Compiler.
[2017.02.23-17.19.47:121][  0]LogTemp:Display: Loaded TP AllDesktopTargetPlatform
[2017.02.23-17.19.47:130][  0]LogTemp:Display: Loaded TP WindowsClientTargetPlatform
[2017.02.23-17.19.47:141][  0]LogTemp:Display: Loaded TP WindowsNoEditorTargetPlatform
[2017.02.23-17.19.47:151][  0]LogTemp:Display: Loaded TP WindowsServerTargetPlatform
[2017.02.23-17.19.47:161][  0]LogTemp:Display: Loaded TP WindowsTargetPlatform
[2017.02.23-17.19.47:170][  0]LogTemp:Display: Loaded TP AndroidTargetPlatform
[2017.02.23-17.19.47:178][  0]LogTemp:Display: Loaded TP Android_ASTCTargetPlatform
[2017.02.23-17.19.47:187][  0]LogTemp:Display: Loaded TP Android_ATCTargetPlatform
[2017.02.23-17.19.47:197][  0]LogTemp:Display: Loaded TP Android_DXTTargetPlatform
[2017.02.23-17.19.47:206][  0]LogTemp:Display: Loaded TP Android_ETC1TargetPlatform
[2017.02.23-17.19.47:215][  0]LogTemp:Display: Loaded TP Android_ETC2TargetPlatform
[2017.02.23-17.19.47:237][  0]LogTemp:Display: Loaded TP Android_MultiTargetPlatform
[2017.02.23-17.19.47:237][  0]LogTemp:Display: Loaded TP Android_PVRTCTargetPlatform
[2017.02.23-17.19.47:238][  0]LogTemp:Display: Loaded TP HTML5TargetPlatform
[2017.02.23-17.19.47:259][  0]LogTemp:Display: Loaded TP IOSTargetPlatform
[2017.02.23-17.19.47:266][  0]LogTemp:Display: Loaded TP TVOSTargetPlatform
[2017.02.23-17.19.47:273][  0]LogTemp:Display: Loaded TP LinuxNoEditorTargetPlatform
[2017.02.23-17.19.47:280][  0]LogTemp:Display: Loaded TP LinuxServerTargetPlatform
[2017.02.23-17.19.47:288][  0]LogTemp:Display: Loaded TP LinuxTargetPlatform
[2017.02.23-17.19.47:288][  0]LogTargetPlatformManager:Display: Building Assets For Windows
[2017.02.23-17.19.47:376][  0]LogDerivedDataCache:Display: Max Cache Size: 512 MB
[2017.02.23-17.19.47:432][  0]LogDerivedDataCache: Loaded boot cache 0.06s 48MB C:/Users/armorias/AppData/Local/UnrealEngine/4.12/DerivedDataCache/Boot.ddc.
[2017.02.23-17.19.47:433][  0]LogDerivedDataCache:Display: Loaded Boot cache: C:/Users/armorias/AppData/Local/UnrealEngine/4.12/DerivedDataCache/Boot.ddc
[2017.02.23-17.19.47:433][  0]LogDerivedDataCache: FDerivedDataBackendGraph:  Pak pak cache file ../../../../../../Users/armorias/Documents/GitHub/Soul-Striker/Soul Striker/DerivedDataCache/DDC.ddp not found, will not use a pak cache.
[2017.02.23-17.19.47:433][  0]LogDerivedDataCache: Unable to find inner node Pak for hierarchical cache Hierarchy.
[2017.02.23-17.19.47:433][  0]LogDerivedDataCache: FDerivedDataBackendGraph:  CompressedPak pak cache file ../../../../../../Users/armorias/Documents/GitHub/Soul-Striker/Soul Striker/DerivedDataCache/Compressed.ddp not found, will not use a pak cache.
[2017.02.23-17.19.47:433][  0]LogDerivedDataCache: Unable to find inner node CompressedPak for hierarchical cache Hierarchy.
[2017.02.23-17.19.47:453][  0]LogDerivedDataCache:Display: Pak cache opened for reading ../../../Engine/DerivedDataCache/Compressed.ddp.
[2017.02.23-17.19.47:465][  0]LogDerivedDataCache: Using Local data cache path C:/Users/armorias/AppData/Local/UnrealEngine/Common/DerivedDataCache: Writable
[2017.02.23-17.19.47:639][  0]LogInit: Selected Device Profile: [Windows]
[2017.02.23-17.19.47:640][  0]LogContentStreaming: Texture pool size is 0.00 MB
[2017.02.23-17.19.47:801][  0]LogMeshUtilities: No automatic mesh reduction module available
[2017.02.23-17.19.47:801][  0]LogMeshUtilities: No automatic mesh merging module available
[2017.02.23-17.19.47:801][  0]LogMeshUtilities: No distributed automatic mesh merging module available
[2017.02.23-17.19.48:034][  0]LogAssetRegistry: FAssetRegistry took 0.0214 seconds to start up
[2017.02.23-17.19.48:074][  0]LogPackageLocalizationCache: Processed 3 localized package path(s) for 2 prioritized culture(s) in 0.037929 seconds
[2017.02.23-17.19.48:083][  0]LogUObjectArray: 28739 objects as part of root set at end of initial load.
[2017.02.23-17.19.48:083][  0]LogUObjectAllocator: 5855624 out of 0 bytes used by permanent object pool.
[2017.02.23-17.19.48:083][  0]LogUObjectArray: CloseDisregardForGC: 0/0 objects in disregard for GC pool
[2017.02.23-17.19.48:094][  0]LogInit: WinSock: version 1.1 (2.2), MaxSocks=32767, MaxUdp=65467
[2017.02.23-17.19.48:271][  0]LogSlate: SlateFontCache - WITH_FREETYPE: 1, WITH_HARFBUZZ: 1
[2017.02.23-17.19.48:271][  0]LogSlate: SlateFontCache - WITH_FREETYPE: 1, WITH_HARFBUZZ: 1
[2017.02.23-17.19.48:913][  0]LogSubstanceCoreModule: Substance CPU Engine Loaded, Max Texture Size 2048
[2017.02.23-17.19.48:922][  0]LogUdpMessaging: Initializing bridge on interface 0.0.0.0:0 to multicast group 230.0.0.1:6666.
[2017.02.23-17.19.49:144][  0]SourceControl: Info Source control is disabled
[2017.02.23-17.19.49:145][  0]SourceControl: Info Source control is disabled
[2017.02.23-17.19.49:155][  0]SourceControl: Info Source control is disabled
[2017.02.23-17.19.49:165][  0]SourceControl: Info Source control is disabled
[2017.02.23-17.19.49:429][  0]LogEngine: Initializing Engine...
[2017.02.23-17.19.49:429][  0]LogHMD: SteamVR failed to initialize.  Err: 110
[2017.02.23-17.19.49:430][  0]LogHMD: SteamVR failed to initialize.  Err: 110
[2017.02.23-17.19.49:587][  0]LogAIModule: Creating AISystem for world NewWorld
[2017.02.23-17.19.49:594][  0]LogInit: XAudio2 using 'Speakers (Realtek High Definition Audio)' : 2 channels at 48 kHz using 32 bits per sample (channel mask 0x3)
[2017.02.23-17.19.49:629][  0]LogInit: FAudioDevice initialized.
[2017.02.23-17.19.49:655][  0]LogDerivedDataCache: Saved boot cache 0.03s 48MB C:/Users/armorias/AppData/Local/UnrealEngine/4.12/DerivedDataCache/Boot.ddc.
[2017.02.23-17.19.49:662][  0]LogInit: Texture streaming: Enabled
[2017.02.23-17.19.49:690][  0]LogInit: Transaction tracking system initialized
[2017.02.23-17.19.49:714][  0]BlueprintLog: New page: Editor Load
[2017.02.23-17.19.49:793][  0]LocalizationService: Info Localization service is disabled
[2017.02.23-17.19.49:858][  0]LogConsoleResponse:Display: 
[2017.02.23-17.19.49:969][  0]LogCook:Display: Max memory allowance for cook 8192mb
[2017.02.23-17.19.49:969][  0]LogCook:Display: Mobile HDR setting 1
[2017.02.23-17.19.50:079][  0]LogFileCache: Scanning file cache for directory 'C:/Users/armorias/Documents/GitHub/Soul-Striker/Soul Striker/Content/' took 0.02s
[2017.02.23-17.19.50:079][  0]SourceControl: Info Source control is disabled
[2017.02.23-17.19.50:080][  0]Cmd: MAP LOAD FILE="../../../../../../Users/armorias/Documents/GitHub/Soul-Striker/Soul Striker/Content/ThirdPersonBP/Maps/ThirdPersonExampleMap.umap" TEMPLATE=0 SHOWPROGRESS=1 FEATURELEVEL=3
[2017.02.23-17.19.50:080][  0]LightingResults: New page: Lighting Build
[2017.02.23-17.19.50:083][  0]MapCheck: New page: Map Check
[2017.02.23-17.19.50:083][  0]LightingResults: New page: Lighting Build
[2017.02.23-17.19.52:344][  0]LogAIModule: Creating AISystem for world ThirdPersonExampleMap
[2017.02.23-17.19.52:458][  0]LogEditorServer: Finished looking for orphan Actors (0.000 secs)
[2017.02.23-17.19.52:460][  0]Cmd: MAP CHECKDEP NOCLEARLOG
[2017.02.23-17.19.52:514][  0]MapCheck: Info Map check complete: 0 Error(s), 0 Warning(s), took 54.502ms to complete.
[2017.02.23-17.19.52:514][  0]LogFileHelpers: Loading map 'ThirdPersonExampleMap' took 2.435
[2017.02.23-17.19.52:590][  0]LogCollectionManager: Loaded 0 collections in 0.002425 seconds
[2017.02.23-17.19.52:631][  0]LogFileCache: Scanning file cache for directory 'C:/Users/armorias/Documents/GitHub/Soul-Striker/Soul Striker/Saved/Collections/' took 0.01s
[2017.02.23-17.19.52:631][  0]LogFileCache: Scanning file cache for directory 'C:/Users/armorias/Documents/GitHub/Soul-Striker/Soul Striker/Content/Developers/armorias/Collections/' took 0.01s
[2017.02.23-17.19.52:631][  0]LogFileCache: Scanning file cache for directory 'C:/Users/armorias/Documents/GitHub/Soul-Striker/Soul Striker/Content/Collections/' took 0.01s
[2017.02.23-17.19.52:631][  0]LogCollectionManager: Rebuilt the GUID cache for 0 collections in 0.000003 seconds
[2017.02.23-17.19.52:640][  0]LogContentBrowser: Native class hierarchy populated in 0.0082 seconds. Added 2062 classes and 375 folders.
[2017.02.23-17.19.52:643][  0]LogStats: UGameplayTagsManager::ConstructGameplayTagTree: Construct from data asset -  0.000 s
[2017.02.23-17.19.52:643][  0]LogStats: UGameplayTagsManager::ConstructGameplayTagTree: GameplayTagTreeChangedEvent.Broadcast -  0.000 s
[2017.02.23-17.19.52:644][  0]LogContentBrowser: Native class hierarchy updated for 'GameplayTags' in 0.0004 seconds. Added 12 classes and 0 folders.
[2017.02.23-17.19.52:649][  0]LogContentBrowser: Native class hierarchy updated for 'WidgetCarousel' in 0.0004 seconds. Added 0 classes and 0 folders.
[2017.02.23-17.19.52:690][  0]LogContentBrowser: Native class hierarchy updated for 'AddContentDialog' in 0.0006 seconds. Added 0 classes and 0 folders.
[2017.02.23-17.19.52:823][  0]LogContentBrowser: Native class hierarchy updated for 'SceneOutliner' in 0.0004 seconds. Added 1 classes and 2 folders.
[2017.02.23-17.19.52:838][  0]LogCrashTracker: Crashtracker disabled due to settings.
[2017.02.23-17.19.52:845][  0]LogUObjectGlobals:Warning: Failed to find object 'Class None.'
[2017.02.23-17.19.52:870][  0]LogContentBrowser: Native class hierarchy updated for 'HierarchicalLODOutliner' in 0.0004 seconds. Added 1 classes and 2 folders.
[2017.02.23-17.19.52:871][  0]LogLoad: Full Startup: 9.23 seconds (BP compile: 0.45 seconds)
[2017.02.23-17.19.52:871][  0]LogExternalProfiler: Found external profiler: VSPerf
[2017.02.23-17.19.52:871][  0]LogExternalProfiler: Using external profiler: VSPerf
[2017.02.23-17.19.53:303][  0]LogWindowsTextInputMethodSystem:Display: IME system now deactivated.
[2017.02.23-17.19.53:303][  0]LogOcInput: OculusInput pre-init called
[2017.02.23-17.19.53:337][  0]LogContentStreaming: Texture pool size now 700 MB
[2017.02.23-17.19.53:521][  0]LogRenderer: Reallocating scene render targets to support 436x708 (Frame:2).
[2017.02.23-17.19.53:600][  1]LogFileCache: Retrieving MD5 hashes for directory 'C:/Users/armorias/Documents/GitHub/Soul-Striker/Soul Striker/Content/' took 0.28s
[2017.02.23-17.19.57:078][196]LogAssetRegistry: Asset discovery search completed in 9.0661 seconds
[2017.02.23-17.19.57:078][196]LogCollectionManager: Rebuilt the object cache for 0 collections in 0.000001 seconds (found 0 objects)
[2017.02.23-17.19.57:078][196]LogCollectionManager: Fixed up redirectors for 0 collections in 0.000026 seconds (updated 0 objects)
[2017.02.23-17.20.47:394][824]LogFactory: FactoryCreateFile: StaticMesh with FbxFactory (0 0 D:/Paladin_1/scenes/paladin_idle.fbx)
[2017.02.23-17.20.47:410][824]LogFbx: ItemName: GlobalSettings, ItemCount : 1
[2017.02.23-17.20.47:410][824]LogFbx: ItemName: AnimationStack, ItemCount : 1
[2017.02.23-17.20.47:410][824]LogFbx: ItemName: AnimationLayer, ItemCount : 1
[2017.02.23-17.20.47:410][824]LogFbx: ItemName: NodeAttribute, ItemCount : 185
[2017.02.23-17.20.47:410][824]LogFbx: ItemName: Model, ItemCount : 190
[2017.02.23-17.20.47:410][824]LogFbx: ItemName: Material, ItemCount : 2
[2017.02.23-17.20.47:410][824]LogFbx: ItemName: Geometry, ItemCount : 5
[2017.02.23-17.20.47:410][824]LogFbx: ItemName: AnimationCurveNode, ItemCount : 594
[2017.02.23-17.20.47:410][824]LogFbx: ItemName: CollectionExclusive, ItemCount : 3
[2017.02.23-17.20.47:410][824]LogFbx: ItemName: AnimationCurve, ItemCount : 1036
[2017.02.23-17.20.47:410][824]LogFbx: ItemName: Pose, ItemCount : 1
[2017.02.23-17.20.47:410][824]LogFbx: ItemName: Deformer, ItemCount : 29
[2017.02.23-17.20.47:418][824]LogFbx: Loading FBX Scene from D:/Paladin_1/scenes/paladin_idle.fbx
[2017.02.23-17.20.47:540][824]LogFbx: FBX Scene Loaded Succesfully
[2017.02.23-17.20.59:763][824]LogFbx: Loading FBX Scene from D:/Paladin_1/scenes/paladin_idle.fbx
[2017.02.23-17.20.59:902][824]LogFbx: FBX Scene Loaded Succesfully
[2017.02.23-17.20.59:909][824]LogFbx: =================================================
[2017.02.23-17.20.59:909][824]LogFbx: Dumping Node START [Mesh_Mesh_RoadKillOut_f_18_] 
[2017.02.23-17.20.59:909][824]LogFbx: 	Total Deformer Count 1057246864.
[2017.02.23-17.20.59:909][824]LogFbx: 		[Node 1]  (Type Skin).
[2017.02.23-17.20.59:909][824]LogFbx: =================================================
[2017.02.23-17.20.59:909][824]LogFbx: 	Attribute () Type (4).
[2017.02.23-17.20.59:909][824]LogFbx: 		[Node Attribute Child 1] Mesh_Mesh_RoadKillOut_f_18_ (Type Mesh).
[2017.02.23-17.20.59:909][824]LogFbx: Dumping Node END [Mesh_Mesh_RoadKillOut_f_18_]
[2017.02.23-17.20.59:909][824]LogFbx: =================================================
[2017.02.23-17.20.59:909][824]LogFbx: Dumping Node START [Mesh_Mesh_RoadKillOut_f_18_] 
[2017.02.23-17.20.59:909][824]LogFbx: 	Total Deformer Count 1057245968.
[2017.02.23-17.20.59:909][824]LogFbx: 		[Node 1]  (Type Skin).
[2017.02.23-17.20.59:909][824]LogFbx: =================================================
[2017.02.23-17.20.59:909][824]LogFbx: 	Attribute () Type (4).
[2017.02.23-17.20.59:909][824]LogFbx: 		[Node Attribute Child 1] Mesh_Mesh_RoadKillOut_f_18_ (Type Mesh).
[2017.02.23-17.20.59:909][824]LogFbx: Dumping Node END [Mesh_Mesh_RoadKillOut_f_18_]
[2017.02.23-17.20.59:911][824]LogFbx: =================================================
[2017.02.23-17.20.59:911][824]LogFbx: Dumping Node START [Mesh_Mesh_RoadKillOut_f_18_] 
[2017.02.23-17.20.59:911][824]LogFbx: 	Total Deformer Count 1057245968.
[2017.02.23-17.20.59:911][824]LogFbx: 		[Node 1]  (Type Skin).
[2017.02.23-17.20.59:911][824]LogFbx: =================================================
[2017.02.23-17.20.59:911][824]LogFbx: 	Attribute () Type (4).
[2017.02.23-17.20.59:911][824]LogFbx: 		[Node Attribute Child 1] Mesh_Mesh_RoadKillOut_f_18_ (Type Mesh).
[2017.02.23-17.20.59:911][824]LogFbx: Dumping Node END [Mesh_Mesh_RoadKillOut_f_18_]
[2017.02.23-17.20.59:911][824]LogFbx: =================================================
[2017.02.23-17.20.59:911][824]LogFbx: Dumping Node START [Mesh_Mesh_RoadKillOut_f_18_] 
[2017.02.23-17.20.59:911][824]LogFbx: 	Total Deformer Count 1057245968.
[2017.02.23-17.20.59:911][824]LogFbx: 		[Node 1]  (Type Skin).
[2017.02.23-17.20.59:911][824]LogFbx: =================================================
[2017.02.23-17.20.59:911][824]LogFbx: 	Attribute () Type (4).
[2017.02.23-17.20.59:911][824]LogFbx: 		[Node Attribute Child 1] Mesh_Mesh_RoadKillOut_f_18_ (Type Mesh).
[2017.02.23-17.20.59:911][824]LogFbx: Dumping Node END [Mesh_Mesh_RoadKillOut_f_18_]
[2017.02.23-17.20.59:916][824]LogFbx:Warning: Not valid bind pose for Pose (skinCluster1) - Node Mesh_Mesh_RoadKillOut_f_18_ : The relative matrices do not match
[2017.02.23-17.20.59:916][824]LogFbx:Warning: Getting valid bind pose failed. Try to recreate bind pose
[2017.02.23-17.20.59:917][824]LogFbx: Valid bind pose for Pose (FbxSDKBindPose) - Mesh_Mesh_RoadKillOut_f_18_
[2017.02.23-17.20.59:917][824]LogFbx:Warning: Recreating bind pose succeeded.
[2017.02.23-17.20.59:933][824]LogLinker:Warning: Can't find file '/Game/bluePrints/Animations/initialShadingGroupmat1'
[2017.02.23-17.20.59:933][824]LogLinker:Warning: Can't find file '/Game/bluePrints/Animations/initialShadingGroupmat1'
[2017.02.23-17.20.59:937][824]LogMaterial: Missing cached shader map for material initialShadingGroupmat1, compiling. 
[2017.02.23-17.20.59:968][824]LogLinker:Warning: Can't find file '/Game/bluePrints/Animations/lambert4SGmat1'
[2017.02.23-17.20.59:968][824]LogLinker:Warning: Can't find file '/Game/bluePrints/Animations/lambert4SGmat1'
[2017.02.23-17.20.59:973][824]LogMaterial: Missing cached shader map for material lambert4SGmat1, compiling. 
[2017.02.23-17.20.59:995][824]LogFbx:Warning: Bones digested - 186  Depth of hierarchy - 15
[2017.02.23-17.21.00:095][824]LogSkeletalMesh: Chunk 0: 277 rigid vertices, 1886 soft vertices, 28 active bones
[2017.02.23-17.21.00:095][824]LogSkeletalMesh: Chunk 1: 117 rigid vertices, 23 soft vertices, 2 active bones
[2017.02.23-17.21.00:098][824]LogSkeletalMesh: Section 0: Material=0, Chunk=0, 3280 triangles
[2017.02.23-17.21.00:098][824]LogSkeletalMesh: Section 1: Material=1, Chunk=1, 192 triangles
[2017.02.23-17.21.00:107][824]LogLinker:Warning: Can't find file '/Game/bluePrints/Animations/paladin_idle_PhysicsAsset'
[2017.02.23-17.21.00:107][824]LogLinker:Warning: Can't find file '/Game/bluePrints/Animations/paladin_idle_PhysicsAsset'
[2017.02.23-17.21.00:107][824]LogUObjectGlobals:Warning: Failed to find object 'Object /Game/bluePrints/Animations/paladin_idle_PhysicsAsset.paladin_idle_PhysicsAsset'
[2017.02.23-17.21.00:109][824]LogLinker:Warning: Can't find file '/Game/bluePrints/Animations/paladin_idle_Skeleton'
[2017.02.23-17.21.00:109][824]LogLinker:Warning: Can't find file '/Game/bluePrints/Animations/paladin_idle_Skeleton'
[2017.02.23-17.21.00:109][824]LogUObjectGlobals:Warning: Failed to find object 'Object /Game/bluePrints/Animations/paladin_idle_Skeleton.paladin_idle_Skeleton'
[2017.02.23-17.21.00:112][824]LogFbx: =================================================
[2017.02.23-17.21.00:112][824]LogFbx: Dumping Node START [Mesh_Mesh_RoadKillOut_f_18_] 
[2017.02.23-17.21.00:112][824]LogFbx: 	Total Deformer Count 1407947168.
[2017.02.23-17.21.00:112][824]LogFbx: 		[Node 1]  (Type Skin).
[2017.02.23-17.21.00:112][824]LogFbx: =================================================
[2017.02.23-17.21.00:112][824]LogFbx: 	Attribute () Type (4).
[2017.02.23-17.21.00:112][824]LogFbx: 		[Node Attribute Child 1] Mesh_Mesh_RoadKillOut_f_18_ (Type Mesh).
[2017.02.23-17.21.00:112][824]LogFbx: Dumping Node END [Mesh_Mesh_RoadKillOut_f_18_]
[2017.02.23-17.21.00:112][824]LogFbx: =================================================
[2017.02.23-17.21.00:112][824]LogFbx: Dumping Node START [Mesh_Mesh_RoadKillOut_f_18_] 
[2017.02.23-17.21.00:112][824]LogFbx: 	Total Deformer Count 1407947168.
[2017.02.23-17.21.00:112][824]LogFbx: 		[Node 1]  (Type Skin).
[2017.02.23-17.21.00:112][824]LogFbx: =================================================
[2017.02.23-17.21.00:112][824]LogFbx: 	Attribute () Type (4).
[2017.02.23-17.21.00:112][824]LogFbx: 		[Node Attribute Child 1] Mesh_Mesh_RoadKillOut_f_18_ (Type Mesh).
[2017.02.23-17.21.00:112][824]LogFbx: Dumping Node END [Mesh_Mesh_RoadKillOut_f_18_]
[2017.02.23-17.21.00:114][824]LogFbx: =================================================
[2017.02.23-17.21.00:114][824]LogFbx: Dumping Node START [Mesh_Mesh_RoadKillOut_f_18_] 
[2017.02.23-17.21.00:114][824]LogFbx: 	Total Deformer Count 1407947168.
[2017.02.23-17.21.00:114][824]LogFbx: 		[Node 1]  (Type Skin).
[2017.02.23-17.21.00:114][824]LogFbx: =================================================
[2017.02.23-17.21.00:114][824]LogFbx: 	Attribute () Type (4).
[2017.02.23-17.21.00:114][824]LogFbx: 		[Node Attribute Child 1] Mesh_Mesh_RoadKillOut_f_18_ (Type Mesh).
[2017.02.23-17.21.00:114][824]LogFbx: Dumping Node END [Mesh_Mesh_RoadKillOut_f_18_]
[2017.02.23-17.21.00:114][824]LogFbx: =================================================
[2017.02.23-17.21.00:114][824]LogFbx: Dumping Node START [Mesh_Mesh_RoadKillOut_f_18_] 
[2017.02.23-17.21.00:114][824]LogFbx: 	Total Deformer Count 1407947168.
[2017.02.23-17.21.00:114][824]LogFbx: 		[Node 1]  (Type Skin).
[2017.02.23-17.21.00:114][824]LogFbx: =================================================
[2017.02.23-17.21.00:114][824]LogFbx: 	Attribute () Type (4).
[2017.02.23-17.21.00:114][824]LogFbx: 		[Node Attribute Child 1] Mesh_Mesh_RoadKillOut_f_18_ (Type Mesh).
[2017.02.23-17.21.00:114][824]LogFbx: Dumping Node END [Mesh_Mesh_RoadKillOut_f_18_]
[2017.02.23-17.21.00:116][824]LogFbx: SortedLinks :(0) Character
[2017.02.23-17.21.00:116][824]LogFbx: SortedLinks :(1) Joint_GRP
[2017.02.23-17.21.00:116][824]LogFbx: SortedLinks :(2) AnimData_Joint_GRP
[2017.02.23-17.21.00:116][824]LogFbx: SortedLinks :(3) AnimData_Hips
[2017.02.23-17.21.00:117][824]LogFbx: SortedLinks :(4) AnimData_Spine
[2017.02.23-17.21.00:117][824]LogFbx: SortedLinks :(5) AnimData_Spine1
[2017.02.23-17.21.00:117][824]LogFbx: SortedLinks :(6) AnimData_Spine2
[2017.02.23-17.21.00:117][824]LogFbx: SortedLinks :(7) AnimData_Neck
[2017.02.23-17.21.00:117][824]LogFbx: SortedLinks :(8) AnimData_Head
[2017.02.23-17.21.00:117][824]LogFbx: SortedLinks :(9) AnimData_HeadTop_End
[2017.02.23-17.21.00:117][824]LogFbx: SortedLinks :(10) AnimData_LeftShoulder
[2017.02.23-17.21.00:117][824]LogFbx: SortedLinks :(11) AnimData_LeftArm
[2017.02.23-17.21.00:117][824]LogFbx: SortedLinks :(12) AnimData_LeftForeArm
[2017.02.23-17.21.00:117][824]LogFbx: SortedLinks :(13) AnimData_LeftHand
[2017.02.23-17.21.00:117][824]LogFbx: SortedLinks :(14) AnimData_LeftHandIndex1
[2017.02.23-17.21.00:117][824]LogFbx: SortedLinks :(15) AnimData_LeftHandIndex2
[2017.02.23-17.21.00:117][824]LogFbx: SortedLinks :(16) AnimData_LeftHandIndex3
[2017.02.23-17.21.00:117][824]LogFbx: SortedLinks :(17) AnimData_LeftHandIndex4
[2017.02.23-17.21.00:117][824]LogFbx: SortedLinks :(18) AnimData_RightShoulder
[2017.02.23-17.21.00:117][824]LogFbx: SortedLinks :(19) AnimData_RightArm
[2017.02.23-17.21.00:117][824]LogFbx: SortedLinks :(20) AnimData_RightForeArm
[2017.02.23-17.21.00:117][824]LogFbx: SortedLinks :(21) AnimData_RightHand
[2017.02.23-17.21.00:117][824]LogFbx: SortedLinks :(22) AnimData_RightHandIndex1
[2017.02.23-17.21.00:117][824]LogFbx: SortedLinks :(23) AnimData_RightHandIndex2
[2017.02.23-17.21.00:117][824]LogFbx: SortedLinks :(24) AnimData_RightHandIndex3
[2017.02.23-17.21.00:117][824]LogFbx: SortedLinks :(25) AnimData_RightHandIndex4
[2017.02.23-17.21.00:117][824]LogFbx: SortedLinks :(26) AnimData_LeftUpLeg
[2017.02.23-17.21.00:117][824]LogFbx: SortedLinks :(27) AnimData_LeftLeg
[2017.02.23-17.21.00:117][824]LogFbx: SortedLinks :(28) AnimData_LeftFoot
[2017.02.23-17.21.00:117][824]LogFbx: SortedLinks :(29) AnimData_LeftToeBase
[2017.02.23-17.21.00:117][824]LogFbx: SortedLinks :(30) AnimData_LeftToe_End
[2017.02.23-17.21.00:117][824]LogFbx: SortedLinks :(31) AnimData_RightUpLeg
[2017.02.23-17.21.00:117][824]LogFbx: SortedLinks :(32) AnimData_RightLeg
[2017.02.23-17.21.00:117][824]LogFbx: SortedLinks :(33) AnimData_RightFoot
[2017.02.23-17.21.00:117][824]LogFbx: SortedLinks :(34) AnimData_RightToeBase
[2017.02.23-17.21.00:117][824]LogFbx: SortedLinks :(35) AnimData_RightToe_End
[2017.02.23-17.21.00:117][824]LogFbx: SortedLinks :(36) Bind_Joint_GRP
[2017.02.23-17.21.00:117][824]LogFbx: SortedLinks :(37) Bind_Hips
[2017.02.23-17.21.00:117][824]LogFbx: SortedLinks :(38) Bind_Spine
[2017.02.23-17.21.00:117][824]LogFbx: SortedLinks :(39) Bind_Spine1
[2017.02.23-17.21.00:117][824]LogFbx: SortedLinks :(40) Bind_Spine2
[2017.02.23-17.21.00:117][824]LogFbx: SortedLinks :(41) Bind_Neck
[2017.02.23-17.21.00:117][824]LogFbx: SortedLinks :(42) Bind_Head
[2017.02.23-17.21.00:117][824]LogFbx: SortedLinks :(43) Bind_HeadTop_End
[2017.02.23-17.21.00:117][824]LogFbx: SortedLinks :(44) Bind_LeftShoulder
[2017.02.23-17.21.00:117][824]LogFbx: SortedLinks :(45) Bind_LeftArm
[2017.02.23-17.21.00:117][824]LogFbx: SortedLinks :(46) Bind_LeftForeArm
[2017.02.23-17.21.00:117][824]LogFbx: SortedLinks :(47) Bind_LeftHand
[2017.02.23-17.21.00:117][824]LogFbx: SortedLinks :(48) Bind_LeftHandIndex1
[2017.02.23-17.21.00:117][824]LogFbx: SortedLinks :(49) Bind_LeftHandIndex2
[2017.02.23-17.21.00:117][824]LogFbx: SortedLinks :(50) Bind_LeftHandIndex3
[2017.02.23-17.21.00:117][824]LogFbx: SortedLinks :(51) Bind_LeftHandIndex4
[2017.02.23-17.21.00:117][824]LogFbx: SortedLinks :(52) LeftForeArm_IK_BakingLOC
[2017.02.23-17.21.00:117][824]LogFbx: SortedLinks :(53) FK_LeftArm
[2017.02.23-17.21.00:117][824]LogFbx: SortedLinks :(54) FK_LeftForeArm
[2017.02.23-17.21.00:117][824]LogFbx: SortedLinks :(55) FK_LeftHand
[2017.02.23-17.21.00:117][824]LogFbx: SortedLinks :(56) IK_LeftArm
[2017.02.23-17.21.00:117][824]LogFbx: SortedLinks :(57) IK_LeftForeArm
[2017.02.23-17.21.00:117][824]LogFbx: SortedLinks :(58) IK_LeftHand
[2017.02.23-17.21.00:117][824]LogFbx: SortedLinks :(59) LeftForeArm_IK_CTRL_GuideCurve_Cluster2Handle
[2017.02.23-17.21.00:117][824]LogFbx: SortedLinks :(60) Bind_RightShoulder
[2017.02.23-17.21.00:117][824]LogFbx: SortedLinks :(61) Bind_RightArm
[2017.02.23-17.21.00:117][824]LogFbx: SortedLinks :(62) Bind_RightForeArm
[2017.02.23-17.21.00:117][824]LogFbx: SortedLinks :(63) Bind_RightHand
[2017.02.23-17.21.00:117][824]LogFbx: SortedLinks :(64) Bind_RightHandIndex1
[2017.02.23-17.21.00:117][824]LogFbx: SortedLinks :(65) Bind_RightHandIndex2
[2017.02.23-17.21.00:117][824]LogFbx: SortedLinks :(66) Bind_RightHandIndex3
[2017.02.23-17.21.00:117][824]LogFbx: SortedLinks :(67) Bind_RightHandIndex4
[2017.02.23-17.21.00:117][824]LogFbx: SortedLinks :(68) RightForeArm_IK_BakingLOC
[2017.02.23-17.21.00:117][824]LogFbx: SortedLinks :(69) FK_RightArm
[2017.02.23-17.21.00:117][824]LogFbx: SortedLinks :(70) FK_RightForeArm
[2017.02.23-17.21.00:117][824]LogFbx: SortedLinks :(71) FK_RightHand
[2017.02.23-17.21.00:117][824]LogFbx: SortedLinks :(72) IK_RightArm
[2017.02.23-17.21.00:117][824]LogFbx: SortedLinks :(73) IK_RightForeArm
[2017.02.23-17.21.00:117][824]LogFbx: SortedLinks :(74) IK_RightHand
[2017.02.23-17.21.00:117][824]LogFbx: SortedLinks :(75) RightForeArm_IK_CTRL_GuideCurve_Cluster2Handle
[2017.02.23-17.21.00:117][824]LogFbx: SortedLinks :(76) Bind_LeftUpLeg
[2017.02.23-17.21.00:117][824]LogFbx: SortedLinks :(77) Bind_LeftLeg
[2017.02.23-17.21.00:117][824]LogFbx: SortedLinks :(78) Bind_LeftFoot
[2017.02.23-17.21.00:117][824]LogFbx: SortedLinks :(79) Bind_LeftToeBase
[2017.02.23-17.21.00:117][824]LogFbx: SortedLinks :(80) Bind_LeftToe_End
[2017.02.23-17.21.00:117][824]LogFbx: SortedLinks :(81) LeftFoot_IK_BakingLOC
[2017.02.23-17.21.00:117][824]LogFbx: SortedLinks :(82) LeftLeg_IK_BakingLOC
[2017.02.23-17.21.00:117][824]LogFbx: SortedLinks :(83) Bind_RightUpLeg
[2017.02.23-17.21.00:117][824]LogFbx: SortedLinks :(84) Bind_RightLeg
[2017.02.23-17.21.00:117][824]LogFbx: SortedLinks :(85) Bind_RightFoot
[2017.02.23-17.21.00:117][824]LogFbx: SortedLinks :(86) Bind_RightToeBase
[2017.02.23-17.21.00:117][824]LogFbx: SortedLinks :(87) Bind_RightToe_End
[2017.02.23-17.21.00:117][824]LogFbx: SortedLinks :(88) RightFoot_IK_BakingLOC
[2017.02.23-17.21.00:117][824]LogFbx: SortedLinks :(89) RightLeg_IK_BakingLOC
[2017.02.23-17.21.00:118][824]LogFbx: SortedLinks :(90) FK_LeftUpLeg
[2017.02.23-17.21.00:118][824]LogFbx: SortedLinks :(91) FK_LeftLeg
[2017.02.23-17.21.00:118][824]LogFbx: SortedLinks :(92) FK_LeftFoot
[2017.02.23-17.21.00:118][824]LogFbx: SortedLinks :(93) FK_LeftToeBase
[2017.02.23-17.21.00:118][824]LogFbx: SortedLinks :(94) FK_LeftToe_End
[2017.02.23-17.21.00:118][824]LogFbx: SortedLinks :(95) FK_RightUpLeg
[2017.02.23-17.21.00:118][824]LogFbx: SortedLinks :(96) FK_RightLeg
[2017.02.23-17.21.00:118][824]LogFbx: SortedLinks :(97) FK_RightFoot
[2017.02.23-17.21.00:118][824]LogFbx: SortedLinks :(98) FK_RightToeBase
[2017.02.23-17.21.00:118][824]LogFbx: SortedLinks :(99) FK_RightToe_End
[2017.02.23-17.21.00:118][824]LogFbx: SortedLinks :(100) IK_LeftUpLeg
[2017.02.23-17.21.00:118][824]LogFbx: SortedLinks :(101) IK_LeftLeg
[2017.02.23-17.21.00:118][824]LogFbx: SortedLinks :(102) IK_LeftFoot
[2017.02.23-17.21.00:118][824]LogFbx: SortedLinks :(103) IK_LeftToeBase
[2017.02.23-17.21.00:118][824]LogFbx: SortedLinks :(104) IK_LeftToe_End
[2017.02.23-17.21.00:118][824]LogFbx: SortedLinks :(105) LeftLeg_IK_CTRL_GuideCurve_Cluster2Handle
[2017.02.23-17.21.00:118][824]LogFbx: SortedLinks :(106) IK_RightUpLeg
[2017.02.23-17.21.00:118][824]LogFbx: SortedLinks :(107) IK_RightLeg
[2017.02.23-17.21.00:118][824]LogFbx: SortedLinks :(108) IK_RightFoot
[2017.02.23-17.21.00:118][824]LogFbx: SortedLinks :(109) IK_RightToeBase
[2017.02.23-17.21.00:118][824]LogFbx: SortedLinks :(110) IK_RightToe_End
[2017.02.23-17.21.00:118][824]LogFbx: SortedLinks :(111) RightLeg_IK_CTRL_GuideCurve_Cluster2Handle
[2017.02.23-17.21.00:118][824]LogFbx: SortedLinks :(112) Mesh_GRP
[2017.02.23-17.21.00:118][824]LogFbx: SortedLinks :(113) Mesh_Mesh_RoadKillOut_f_18_
[2017.02.23-17.21.00:118][824]LogFbx: SortedLinks :(114) Misc_GRP
[2017.02.23-17.21.00:118][824]LogFbx: SortedLinks :(115) MIXAMO_CHARACTER_infoNode
[2017.02.23-17.21.00:118][824]LogFbx: SortedLinks :(116) MIXAMO_CHARACTER_Root_infoNode
[2017.02.23-17.21.00:118][824]LogFbx: SortedLinks :(117) MIXAMO_CHARACTER_Hips_infoNode
[2017.02.23-17.21.00:118][824]LogFbx: SortedLinks :(118) MIXAMO_CHARACTER_Spine_infoNode
[2017.02.23-17.21.00:118][824]LogFbx: SortedLinks :(119) MIXAMO_CHARACTER_Spine1_infoNode
[2017.02.23-17.21.00:118][824]LogFbx: SortedLinks :(120) MIXAMO_CHARACTER_Spine2_infoNode
[2017.02.23-17.21.00:118][824]LogFbx: SortedLinks :(121) MIXAMO_CHARACTER_Spine3_infoNode
[2017.02.23-17.21.00:118][824]LogFbx: SortedLinks :(122) MIXAMO_CHARACTER_Neck_infoNode
[2017.02.23-17.21.00:118][824]LogFbx: SortedLinks :(123) MIXAMO_CHARACTER_Neck1_infoNode
[2017.02.23-17.21.00:118][824]LogFbx: SortedLinks :(124) MIXAMO_CHARACTER_Head_infoNode
[2017.02.23-17.21.00:118][824]LogFbx: SortedLinks :(125) MIXAMO_CHARACTER_HeadTop_End_infoNode
[2017.02.23-17.21.00:118][824]LogFbx: SortedLinks :(126) MIXAMO_CHARACTER_LeftShoulder_infoNode
[2017.02.23-17.21.00:118][824]LogFbx: SortedLinks :(127) MIXAMO_CHARACTER_LeftArm_infoNode
[2017.02.23-17.21.00:118][824]LogFbx: SortedLinks :(128) MIXAMO_CHARACTER_LeftForeArm_infoNode
[2017.02.23-17.21.00:118][824]LogFbx: SortedLinks :(129) MIXAMO_CHARACTER_LeftHand_infoNode
[2017.02.23-17.21.00:118][824]LogFbx: SortedLinks :(130) MIXAMO_CHARACTER_LeftHandThumb1_infoNode
[2017.02.23-17.21.00:118][824]LogFbx: SortedLinks :(131) MIXAMO_CHARACTER_LeftHandThumb2_infoNode
[2017.02.23-17.21.00:118][824]LogFbx: SortedLinks :(132) MIXAMO_CHARACTER_LeftHandThumb3_infoNode
[2017.02.23-17.21.00:118][824]LogFbx: SortedLinks :(133) MIXAMO_CHARACTER_LeftHandThumb4_infoNode
[2017.02.23-17.21.00:118][824]LogFbx: SortedLinks :(134) MIXAMO_CHARACTER_LeftHandIndex1_infoNode
[2017.02.23-17.21.00:118][824]LogFbx: SortedLinks :(135) MIXAMO_CHARACTER_LeftHandIndex2_infoNode
[2017.02.23-17.21.00:118][824]LogFbx: SortedLinks :(136) MIXAMO_CHARACTER_LeftHandIndex3_infoNode
[2017.02.23-17.21.00:118][824]LogFbx: SortedLinks :(137) MIXAMO_CHARACTER_LeftHandIndex4_infoNode
[2017.02.23-17.21.00:118][824]LogFbx: SortedLinks :(138) MIXAMO_CHARACTER_LeftHandMiddle1_infoNode
[2017.02.23-17.21.00:118][824]LogFbx: SortedLinks :(139) MIXAMO_CHARACTER_LeftHandMiddle2_infoNode
[2017.02.23-17.21.00:118][824]LogFbx: SortedLinks :(140) MIXAMO_CHARACTER_LeftHandMiddle3_infoNode
[2017.02.23-17.21.00:118][824]LogFbx: SortedLinks :(141) MIXAMO_CHARACTER_LeftHandMiddle4_infoNode
[2017.02.23-17.21.00:118][824]LogFbx: SortedLinks :(142) MIXAMO_CHARACTER_LeftHandRing1_infoNode
[2017.02.23-17.21.00:118][824]LogFbx: SortedLinks :(143) MIXAMO_CHARACTER_LeftHandRing2_infoNode
[2017.02.23-17.21.00:118][824]LogFbx: SortedLinks :(144) MIXAMO_CHARACTER_LeftHandRing3_infoNode
[2017.02.23-17.21.00:118][824]LogFbx: SortedLinks :(145) MIXAMO_CHARACTER_LeftHandRing4_infoNode
[2017.02.23-17.21.00:118][824]LogFbx: SortedLinks :(146) MIXAMO_CHARACTER_LeftHandPinky1_infoNode
[2017.02.23-17.21.00:118][824]LogFbx: SortedLinks :(147) MIXAMO_CHARACTER_LeftHandPinky2_infoNode
[2017.02.23-17.21.00:118][824]LogFbx: SortedLinks :(148) MIXAMO_CHARACTER_LeftHandPinky3_infoNode
[2017.02.23-17.21.00:118][824]LogFbx: SortedLinks :(149) MIXAMO_CHARACTER_LeftHandPinky4_infoNode
[2017.02.23-17.21.00:118][824]LogFbx: SortedLinks :(150) MIXAMO_CHARACTER_RightShoulder_infoNode
[2017.02.23-17.21.00:118][824]LogFbx: SortedLinks :(151) MIXAMO_CHARACTER_RightArm_infoNode
[2017.02.23-17.21.00:118][824]LogFbx: SortedLinks :(152) MIXAMO_CHARACTER_RightForeArm_infoNode
[2017.02.23-17.21.00:118][824]LogFbx: SortedLinks :(153) MIXAMO_CHARACTER_RightHand_infoNode
[2017.02.23-17.21.00:118][824]LogFbx: SortedLinks :(154) MIXAMO_CHARACTER_RightHandThumb1_infoNode
[2017.02.23-17.21.00:118][824]LogFbx: SortedLinks :(155) MIXAMO_CHARACTER_RightHandThumb2_infoNode
[2017.02.23-17.21.00:118][824]LogFbx: SortedLinks :(156) MIXAMO_CHARACTER_RightHandThumb3_infoNode
[2017.02.23-17.21.00:118][824]LogFbx: SortedLinks :(157) MIXAMO_CHARACTER_RightHandThumb4_infoNode
[2017.02.23-17.21.00:118][824]LogFbx: SortedLinks :(158) MIXAMO_CHARACTER_RightHandIndex1_infoNode
[2017.02.23-17.21.00:118][824]LogFbx: SortedLinks :(159) MIXAMO_CHARACTER_RightHandIndex2_infoNode
[2017.02.23-17.21.00:118][824]LogFbx: SortedLinks :(160) MIXAMO_CHARACTER_RightHandIndex3_infoNode
[2017.02.23-17.21.00:118][824]LogFbx: SortedLinks :(161) MIXAMO_CHARACTER_RightHandIndex4_infoNode
[2017.02.23-17.21.00:118][824]LogFbx: SortedLinks :(162) MIXAMO_CHARACTER_RightHandMiddle1_infoNode
[2017.02.23-17.21.00:118][824]LogFbx: SortedLinks :(163) MIXAMO_CHARACTER_RightHandMiddle2_infoNode
[2017.02.23-17.21.00:118][824]LogFbx: SortedLinks :(164) MIXAMO_CHARACTER_RightHandMiddle3_infoNode
[2017.02.23-17.21.00:118][824]LogFbx: SortedLinks :(165) MIXAMO_CHARACTER_RightHandMiddle4_infoNode
[2017.02.23-17.21.00:118][824]LogFbx: SortedLinks :(166) MIXAMO_CHARACTER_RightHandRing1_infoNode
[2017.02.23-17.21.00:118][824]LogFbx: SortedLinks :(167) MIXAMO_CHARACTER_RightHandRing2_infoNode
[2017.02.23-17.21.00:118][824]LogFbx: SortedLinks :(168) MIXAMO_CHARACTER_RightHandRing3_infoNode
[2017.02.23-17.21.00:118][824]LogFbx: SortedLinks :(169) MIXAMO_CHARACTER_RightHandRing4_infoNode
[2017.02.23-17.21.00:118][824]LogFbx: SortedLinks :(170) MIXAMO_CHARACTER_RightHandPinky1_infoNode
[2017.02.23-17.21.00:118][824]LogFbx: SortedLinks :(171) MIXAMO_CHARACTER_RightHandPinky2_infoNode
[2017.02.23-17.21.00:118][824]LogFbx: SortedLinks :(172) MIXAMO_CHARACTER_RightHandPinky3_infoNode
[2017.02.23-17.21.00:118][824]LogFbx: SortedLinks :(173) MIXAMO_CHARACTER_RightHandPinky4_infoNode
[2017.02.23-17.21.00:118][824]LogFbx: SortedLinks :(174) MIXAMO_CHARACTER_LeftUpLeg_infoNode
[2017.02.23-17.21.00:118][824]LogFbx: SortedLinks :(175) MIXAMO_CHARACTER_LeftLeg_infoNode
[2017.02.23-17.21.00:118][824]LogFbx: SortedLinks :(176) MIXAMO_CHARACTER_LeftFoot_infoNode
[2017.02.23-17.21.00:118][824]LogFbx: SortedLinks :(177) MIXAMO_CHARACTER_LeftToeBase_infoNode
[2017.02.23-17.21.00:118][824]LogFbx: SortedLinks :(178) MIXAMO_CHARACTER_LeftToe_End_infoNode
[2017.02.23-17.21.00:118][824]LogFbx: SortedLinks :(179) MIXAMO_CHARACTER_RightUpLeg_infoNode
[2017.02.23-17.21.00:118][824]LogFbx: SortedLinks :(180) MIXAMO_CHARACTER_RightLeg_infoNode
[2017.02.23-17.21.00:118][824]LogFbx: SortedLinks :(181) MIXAMO_CHARACTER_RightFoot_infoNode
[2017.02.23-17.21.00:118][824]LogFbx: SortedLinks :(182) MIXAMO_CHARACTER_RightToeBase_infoNode
[2017.02.23-17.21.00:118][824]LogFbx: SortedLinks :(183) MIXAMO_CHARACTER_RightToe_End_infoNode
[2017.02.23-17.21.00:118][824]LogFbx: SortedLinks :(184) MIXAMO_CHARACTER_LeftEye_infoNode
[2017.02.23-17.21.00:118][824]LogFbx: SortedLinks :(185) MIXAMO_CHARACTER_RightEye_infoNode
[2017.02.23-17.21.00:120][824]LogFbx: Parsing AnimStack Take 001
[2017.02.23-17.21.00:128][824]LogLinker:Warning: Can't find file '/Game/bluePrints/Animations/paladin_idle_Anim'
[2017.02.23-17.21.00:128][824]LogLinker:Warning: Can't find file '/Game/bluePrints/Animations/paladin_idle_Anim'
[2017.02.23-17.21.00:128][824]LogUObjectGlobals:Warning: Failed to find object 'Object /Game/bluePrints/Animations/paladin_idle_Anim.paladin_idle_Anim'
[2017.02.23-17.21.01:328][824]LogAnimationCompression: Building Anim DDC data for AnimSequence /Game/bluePrints/Animations/paladin_idle_Anim.paladin_idle_Anim
[2017.02.23-17.21.01:377][824]FBXImport:Warning: Warning Mesh [Geometry have no name] in the fbx file is not reference by any hierarchy node. 
[2017.02.23-17.21.01:377][824]FBXImport:Warning: Warning Mesh [Geometry have no name] in the fbx file is not reference by any hierarchy node. 
[2017.02.23-17.21.01:377][824]FBXImport:Warning: Warning Mesh [Geometry have no name] in the fbx file is not reference by any hierarchy node. 
[2017.02.23-17.21.01:377][824]FBXImport:Warning: Warning Mesh [Geometry have no name] in the fbx file is not reference by any hierarchy node. 
[2017.02.23-17.21.01:445][825]LogMaterial:Warning: Material /Game/bluePrints/Animations/initialShadingGroupmat1.initialShadingGroupmat1 needed to have new flag set bUsedWithSkeletalMesh !
[2017.02.23-17.21.01:493][825]LogMaterial: Missing cached shader map for material initialShadingGroupmat1, compiling. 
[2017.02.23-17.21.01:529][825]LogMaterial: 0.00 seconds spent updating 1 materials, 1 interfaces, 0 instances, 0 with static permutations.
[2017.02.23-17.21.01:529][825]LogMaterial:Warning: Material /Game/bluePrints/Animations/lambert4SGmat1.lambert4SGmat1 needed to have new flag set bUsedWithSkeletalMesh !
[2017.02.23-17.21.01:531][825]LogMaterial: Missing cached shader map for material lambert4SGmat1, compiling. 
[2017.02.23-17.21.01:568][825]LogMaterial: 0.00 seconds spent updating 1 materials, 1 interfaces, 0 instances, 0 with static permutations.
[2017.02.23-17.21.10:470][974]LogSkeletalMesh: InitArticulated: Bodies already created (/Engine/Transient.DebugSkelMeshComponent_0) - call TermArticulated first.
[2017.02.23-17.21.16:161][ 86]LogRenderer: Reallocating scene render targets to support 600x708 (Frame:3403).
[2017.02.23-17.21.16:161][ 86]LogContentBrowser:Verbose: The majority of assets in the view are of type: AnimSequence
[2017.02.23-17.21.32:660][496]LogSavePackage: Save=27.46ms
[2017.02.23-17.21.32:660][496]LogSavePackage: Moving '../../../../../../Users/armorias/Documents/GitHub/Soul-Striker/Soul Striker/Saved/initialShadingGroupmat1303C21964B96772D6C7E35B50093DDCC.tmp' to '../../../../../../Users/armorias/Documents/GitHub/Soul-Striker/Soul Striker/Content/bluePrints/Animations/initialShadingGroupmat1.uasset'
[2017.02.23-17.21.32:666][496]LogSavePackage:Display: Finished SavePackage ../../../../../../Users/armorias/Documents/GitHub/Soul-Striker/Soul Striker/Content/bluePrints/Animations/initialShadingGroupmat1.uasset
[2017.02.23-17.21.32:710][496]LogSavePackage: Save=14.75ms
[2017.02.23-17.21.32:710][496]LogSavePackage: Moving '../../../../../../Users/armorias/Documents/GitHub/Soul-Striker/Soul Striker/Saved/lambert4SGmat14020B92B41C432C72FC604BEAA2BDC37.tmp' to '../../../../../../Users/armorias/Documents/GitHub/Soul-Striker/Soul Striker/Content/bluePrints/Animations/lambert4SGmat1.uasset'
[2017.02.23-17.21.32:713][496]LogSavePackage:Display: Finished SavePackage ../../../../../../Users/armorias/Documents/GitHub/Soul-Striker/Soul Striker/Content/bluePrints/Animations/lambert4SGmat1.uasset
[2017.02.23-17.21.32:753][496]LogSavePackage: Save=21.58ms
[2017.02.23-17.21.32:753][496]LogSavePackage: Moving '../../../../../../Users/armorias/Documents/GitHub/Soul-Striker/Soul Striker/Saved/paladin_idle68065AC74A63E04A9DE0549AF0175569.tmp' to '../../../../../../Users/armorias/Documents/GitHub/Soul-Striker/Soul Striker/Content/bluePrints/Animations/paladin_idle.uasset'
[2017.02.23-17.21.32:756][496]LogSavePackage:Display: Finished SavePackage ../../../../../../Users/armorias/Documents/GitHub/Soul-Striker/Soul Striker/Content/bluePrints/Animations/paladin_idle.uasset
[2017.02.23-17.21.32:791][496]LogSavePackage: Save=14.99ms
[2017.02.23-17.21.32:791][496]LogSavePackage: Moving '../../../../../../Users/armorias/Documents/GitHub/Soul-Striker/Soul Striker/Saved/paladin_idle_Anim7A21AF59477A17EFE350C382533554C4.tmp' to '../../../../../../Users/armorias/Documents/GitHub/Soul-Striker/Soul Striker/Content/bluePrints/Animations/paladin_idle_Anim.uasset'
[2017.02.23-17.21.32:793][496]LogSavePackage:Display: Finished SavePackage ../../../../../../Users/armorias/Documents/GitHub/Soul-Striker/Soul Striker/Content/bluePrints/Animations/paladin_idle_Anim.uasset
[2017.02.23-17.21.32:814][496]LogSavePackage: Save=14.65ms
[2017.02.23-17.21.32:814][496]LogSavePackage: Moving '../../../../../../Users/armorias/Documents/GitHub/Soul-Striker/Soul Striker/Saved/paladin_idle_PhysicsAsset6C16DD5D41998417F5C575A6A0A9AB59.tmp' to '../../../../../../Users/armorias/Documents/GitHub/Soul-Striker/Soul Striker/Content/bluePrints/Animations/paladin_idle_PhysicsAsset.uasset'
[2017.02.23-17.21.32:817][496]LogSavePackage:Display: Finished SavePackage ../../../../../../Users/armorias/Documents/GitHub/Soul-Striker/Soul Striker/Content/bluePrints/Animations/paladin_idle_PhysicsAsset.uasset
[2017.02.23-17.21.32:830][496]LogSavePackage: Save=6.30ms
[2017.02.23-17.21.32:830][496]LogSavePackage: Moving '../../../../../../Users/armorias/Documents/GitHub/Soul-Striker/Soul Striker/Saved/paladin_idle_SkeletonBC90E40C4FB8DE197C6BBDB35068CE90.tmp' to '../../../../../../Users/armorias/Documents/GitHub/Soul-Striker/Soul Striker/Content/bluePrints/Animations/paladin_idle_Skeleton.uasset'
[2017.02.23-17.21.32:833][496]LogSavePackage:Display: Finished SavePackage ../../../../../../Users/armorias/Documents/GitHub/Soul-Striker/Soul Striker/Content/bluePrints/Animations/paladin_idle_Skeleton.uasset
[2017.02.23-17.21.38:243][598]LogWindows:Warning: CreateProc failed (2) ..\..\..\Engine\Binaries/Win64/CrashReportClient.exe  -AppName=UE4-SoulStriker -CrashGUID=UE4CC-Windows-7FCD1AF34CBA09A4C07CD8A03C646214_0000 -DebugSymbols=..\..\..\Engine\Intermediate\Symbols
[2017.02.23-17.21.38:243][598]LogWindows: Could not start CrashReportClient.exe
[2017.02.23-17.21.38:243][598]LogMemory: Platform Memory Stats for Windows
[2017.02.23-17.21.38:243][598]LogMemory: Process Physical Memory: 1131.31 MB used, 1151.89 MB peak
[2017.02.23-17.21.38:243][598]LogMemory: Process Virtual Memory: 1591.86 MB used, 1882.93 MB peak
[2017.02.23-17.21.38:243][598]LogMemory: Physical Memory: 8434.36 MB used, 12166.60 MB total
[2017.02.23-17.21.38:243][598]LogMemory: Virtual Memory: 2581.92 MB used, 134217728.00 MB total
[2017.02.23-17.21.38:243][598]LogCrashTracker: 


[2017.02.23-17.21.38:243][598]LogCrashTracker: 


[2017.02.23-17.21.38:243][598]LogWindows:Error: === Critical error: ===
Fatal error!



[2017.02.23-17.21.38:274][598]LogExit: Executing StaticShutdownAfterError
[2017.02.23-17.21.38:279][598]LogWindows: FPlatformMisc::RequestExit(1)
[2017.02.23-17.21.38:279][598]Log file closed, 02/23/17 12:21:38
